#
# There is insufficient memory for the Java Runtime Environment to continue.
# Native memory allocation (malloc) failed to allocate 32744 bytes. Error detail: Chunk::new
# Possible reasons:
#   The system is out of physical RAM or swap space
#   This process is running with CompressedOops enabled, and the Java Heap may be blocking the growth of the native heap
# Possible solutions:
#   Reduce memory load on the system
#   Increase physical memory or swap space
#   Check if swap backing store is full
#   Decrease Java heap size (-Xmx/-Xms)
#   Decrease number of Java threads
#   Decrease Java thread stack sizes (-Xss)
#   Set larger code cache with -XX:ReservedCodeCacheSize=
#   JVM is running with Unscaled Compressed Oops mode in which the Java heap is
#     placed in the first 4GB address space. The Java Heap base address is the
#     maximum limit for the native heap growth. Please use -XX:HeapBaseMinAddress
#     to set the Java Heap base and to place the Java Heap above 4GB virtual address.
# This output file may be truncated or incomplete.
#
#  Out of Memory Error (arena.cpp:168), pid=1796, tid=18184
#
# JRE version: OpenJDK Runtime Environment Temurin-21.0.6+7 (21.0.6+7) (build 21.0.6+7-LTS)
# Java VM: OpenJDK 64-Bit Server VM Temurin-21.0.6+7 (21.0.6+7-LTS, mixed mode, sharing, tiered, compressed oops, compressed class ptrs, parallel gc, windows-amd64)
# No core dump will be written. Minidumps are not enabled by default on client versions of Windows
#

---------------  S U M M A R Y ------------

Command Line: --add-modules=ALL-SYSTEM --add-opens=java.base/java.util=ALL-UNNAMED --add-opens=java.base/java.lang=ALL-UNNAMED --add-opens=java.base/sun.nio.fs=ALL-UNNAMED -Declipse.application=org.eclipse.jdt.ls.core.id1 -Dosgi.bundles.defaultStartLevel=4 -Declipse.product=org.eclipse.jdt.ls.core.product -Djava.import.generatesMetadataFilesAtProjectRoot=false -DDetectVMInstallationsJob.disabled=true -Dfile.encoding=utf8 -XX:+UseParallelGC -XX:GCTimeRatio=4 -XX:AdaptiveSizePolicyWeight=90 -Dsun.zip.disableMemoryMapping=true -Xmx1G -Xms100m -Xlog:disable -javaagent:c:\Users\Lenovo\.vscode\extensions\redhat.java-1.41.1-win32-x64\lombok\lombok-1.18.36.jar -XX:+HeapDumpOnOutOfMemoryError -XX:HeapDumpPath=c:\Users\Lenovo\AppData\Roaming\Code\User\workspaceStorage\f5a3240dc06285fb28f8b563d5898278\redhat.java -Daether.dependencyCollector.impl=bf c:\Users\Lenovo\.vscode\extensions\redhat.java-1.41.1-win32-x64\server\plugins\org.eclipse.equinox.launcher_1.7.0.v20250331-1702.jar -configuration c:\Users\Lenovo\AppData\Roaming\Code\User\globalStorage\redhat.java\1.41.1\config_win -data c:\Users\Lenovo\AppData\Roaming\Code\User\workspaceStorage\f5a3240dc06285fb28f8b563d5898278\redhat.java\jdt_ws --pipe=\\.\pipe\lsp-0ab9a00b5bab3f8fa24150b628b1bde8-sock

Host: Intel(R) Core(TM) i3-10110U CPU @ 2.10GHz, 4 cores, 3G,  Windows 11 , 64 bit Build 22621 (10.0.22621.5124)
Time: Sun Apr 27 23:08:14 2025 India Standard Time elapsed time: 58.475968 seconds (0d 0h 0m 58s)

---------------  T H R E A D  ---------------

Current thread (0x00000299942e4f10):  JavaThread "C1 CompilerThread0" daemon [_thread_in_native, id=18184, stack(0x000000a54a700000,0x000000a54a800000) (1024K)]


Current CompileTask:
C1:58476 10263       3       org.eclipse.jdt.internal.compiler.parser.Parser::consumeRule (7755 bytes)

Stack: [0x000000a54a700000,0x000000a54a800000]
Native frames: (J=compiled Java code, j=interpreted, Vv=VM code, C=native code)
V  [jvm.dll+0x6cdee9]
V  [jvm.dll+0x8a83d1]
V  [jvm.dll+0x8aa8fe]
V  [jvm.dll+0x8aafe3]
V  [jvm.dll+0x27f706]
V  [jvm.dll+0xc500d]
V  [jvm.dll+0xc5543]
V  [jvm.dll+0x194d93]
V  [jvm.dll+0x194e5d]
V  [jvm.dll+0x1973e9]
V  [jvm.dll+0x198b24]
V  [jvm.dll+0x1537e3]
V  [jvm.dll+0x153028]
V  [jvm.dll+0x153274]
V  [jvm.dll+0x1526a6]
V  [jvm.dll+0x15447d]
V  [jvm.dll+0x25685a]
V  [jvm.dll+0x254dfa]
V  [jvm.dll+0x3f0256]
V  [jvm.dll+0x851f8b]
V  [jvm.dll+0x6cc5ed]
C  [ucrtbase.dll+0x29333]
C  [KERNEL32.DLL+0x1259d]
C  [ntdll.dll+0x5af38]


---------------  P R O C E S S  ---------------

Threads class SMR info:
_java_thread_list=0x00000299dcae1840, length=42, elements={
0x00000299ffc7bc30, 0x00000299942691f0, 0x000002999426ad80, 0x000002999426cc90,
0x000002999426ebb0, 0x000002999426fac0, 0x0000029994271720, 0x0000029994274560,
0x00000299942e4f10, 0x00000299ffcea470, 0x00000299d638b360, 0x00000299d65cc490,
0x00000299d67a6af0, 0x00000299d625c9a0, 0x00000299d645ad40, 0x00000299d6cf1340,
0x00000299d6d0e730, 0x00000299db2e1de0, 0x00000299db2e2470, 0x00000299db2e0a30,
0x00000299db2e10c0, 0x00000299db2deff0, 0x00000299dca92060, 0x00000299dca8dec0,
0x00000299dca8f900, 0x00000299dca90620, 0x00000299dca8ebe0, 0x00000299dca926f0,
0x00000299dca90cb0, 0x00000299dca8e550, 0x00000299dca8ff90, 0x00000299dca91340,
0x00000299dca92d80, 0x00000299dca954e0, 0x00000299dca8f270, 0x00000299db2dfd10,
0x00000299db2e03a0, 0x00000299dcb32320, 0x00000299dcb31c90, 0x00000299dcb329b0,
0x00000299dcb33040, 0x00000299dcb30f70
}

Java Threads: ( => current thread )
  0x00000299ffc7bc30 JavaThread "main"                              [_thread_blocked, id=11648, stack(0x000000a549b00000,0x000000a549c00000) (1024K)]
  0x00000299942691f0 JavaThread "Reference Handler"          daemon [_thread_blocked, id=16200, stack(0x000000a54a000000,0x000000a54a100000) (1024K)]
  0x000002999426ad80 JavaThread "Finalizer"                  daemon [_thread_blocked, id=14220, stack(0x000000a54a100000,0x000000a54a200000) (1024K)]
  0x000002999426cc90 JavaThread "Signal Dispatcher"          daemon [_thread_blocked, id=15988, stack(0x000000a54a200000,0x000000a54a300000) (1024K)]
  0x000002999426ebb0 JavaThread "Attach Listener"            daemon [_thread_blocked, id=11916, stack(0x000000a54a300000,0x000000a54a400000) (1024K)]
  0x000002999426fac0 JavaThread "Service Thread"             daemon [_thread_blocked, id=308, stack(0x000000a54a400000,0x000000a54a500000) (1024K)]
  0x0000029994271720 JavaThread "Monitor Deflation Thread"   daemon [_thread_blocked, id=16080, stack(0x000000a54a500000,0x000000a54a600000) (1024K)]
  0x0000029994274560 JavaThread "C2 CompilerThread0"         daemon [_thread_in_native, id=17140, stack(0x000000a54a600000,0x000000a54a700000) (1024K)]
=>0x00000299942e4f10 JavaThread "C1 CompilerThread0"         daemon [_thread_in_native, id=18184, stack(0x000000a54a700000,0x000000a54a800000) (1024K)]
  0x00000299ffcea470 JavaThread "Common-Cleaner"             daemon [_thread_blocked, id=13368, stack(0x000000a54a800000,0x000000a54a900000) (1024K)]
  0x00000299d638b360 JavaThread "Notification Thread"        daemon [_thread_blocked, id=15932, stack(0x000000a54a900000,0x000000a54aa00000) (1024K)]
  0x00000299d65cc490 JavaThread "Active Thread: Equinox Container: 3e671074-b156-4d16-a3cd-736e4fea1928"        [_thread_blocked, id=15236, stack(0x000000a54ad00000,0x000000a54ae00000) (1024K)]
  0x00000299d67a6af0 JavaThread "Refresh Thread: Equinox Container: 3e671074-b156-4d16-a3cd-736e4fea1928" daemon [_thread_blocked, id=19276, stack(0x000000a54ae00000,0x000000a54af00000) (1024K)]
  0x00000299d625c9a0 JavaThread "Framework Event Dispatcher: Equinox Container: 3e671074-b156-4d16-a3cd-736e4fea1928" daemon [_thread_blocked, id=4372, stack(0x000000a54af00000,0x000000a54b000000) (1024K)]
  0x00000299d645ad40 JavaThread "Start Level: Equinox Container: 3e671074-b156-4d16-a3cd-736e4fea1928" daemon [_thread_blocked, id=14148, stack(0x000000a54b000000,0x000000a54b100000) (1024K)]
  0x00000299d6cf1340 JavaThread "Bundle File Closer"         daemon [_thread_blocked, id=5544, stack(0x000000a54b100000,0x000000a54b200000) (1024K)]
  0x00000299d6d0e730 JavaThread "SCR Component Actor"        daemon [_thread_blocked, id=15748, stack(0x000000a54b200000,0x000000a54b300000) (1024K)]
  0x00000299db2e1de0 JavaThread "Worker-JM"                         [_thread_blocked, id=12572, stack(0x000000a54b400000,0x000000a54b500000) (1024K)]
  0x00000299db2e2470 JavaThread "JNA Cleaner"                daemon [_thread_blocked, id=19228, stack(0x000000a54b500000,0x000000a54b600000) (1024K)]
  0x00000299db2e0a30 JavaThread "Worker-0: Initialize Workspace"        [_thread_blocked, id=15572, stack(0x000000a54b600000,0x000000a54b700000) (1024K)]
  0x00000299db2e10c0 JavaThread "Worker-1"                          [_thread_blocked, id=15020, stack(0x000000a54b700000,0x000000a54b800000) (1024K)]
  0x00000299db2deff0 JavaThread "Worker-2"                          [_thread_blocked, id=4004, stack(0x000000a54b800000,0x000000a54b900000) (1024K)]
  0x00000299dca92060 JavaThread "Java indexing"              daemon [_thread_in_Java, id=4340, stack(0x000000a54b900000,0x000000a54ba00000) (1024K)]
  0x00000299dca8dec0 JavaThread "Worker-3: Initialize workspace"        [_thread_blocked, id=13476, stack(0x000000a54ba00000,0x000000a54bb00000) (1024K)]
  0x00000299dca8f900 JavaThread "Worker-4: Java indexing... "        [_thread_blocked, id=16300, stack(0x000000a54bb00000,0x000000a54bc00000) (1024K)]
  0x00000299dca90620 JavaThread "Thread-2"                   daemon [_thread_in_native, id=18364, stack(0x000000a54bc00000,0x000000a54bd00000) (1024K)]
  0x00000299dca8ebe0 JavaThread "Thread-3"                   daemon [_thread_in_native, id=9844, stack(0x000000a54bd00000,0x000000a54be00000) (1024K)]
  0x00000299dca926f0 JavaThread "Thread-4"                   daemon [_thread_in_native, id=10376, stack(0x000000a54be00000,0x000000a54bf00000) (1024K)]
  0x00000299dca90cb0 JavaThread "Thread-5"                   daemon [_thread_in_native, id=15628, stack(0x000000a54bf00000,0x000000a54c000000) (1024K)]
  0x00000299dca8e550 JavaThread "Thread-6"                   daemon [_thread_in_native, id=10832, stack(0x000000a54c000000,0x000000a54c100000) (1024K)]
  0x00000299dca8ff90 JavaThread "pool-2-thread-1"                   [_thread_blocked, id=18584, stack(0x000000a54c100000,0x000000a54c200000) (1024K)]
  0x00000299dca91340 JavaThread "WorkspaceEventsHandler"            [_thread_blocked, id=16260, stack(0x000000a54c200000,0x000000a54c300000) (1024K)]
  0x00000299dca92d80 JavaThread "pool-1-thread-1"                   [_thread_in_vm, id=12864, stack(0x000000a54c300000,0x000000a54c400000) (1024K)]
  0x00000299dca954e0 JavaThread "LocalFile Deleter"          daemon [_thread_blocked, id=14368, stack(0x000000a54b300000,0x000000a54b400000) (1024K)]
  0x00000299dca8f270 JavaThread "LocalFile Deleter"          daemon [_thread_blocked, id=15768, stack(0x000000a54c400000,0x000000a54c500000) (1024K)]
  0x00000299db2dfd10 JavaThread "LocalFile Deleter"          daemon [_thread_blocked, id=15336, stack(0x000000a54c500000,0x000000a54c600000) (1024K)]
  0x00000299db2e03a0 JavaThread "LocalFile Deleter"          daemon [_thread_blocked, id=18120, stack(0x000000a54c600000,0x000000a54c700000) (1024K)]
  0x00000299dcb32320 JavaThread "Compiler Source File Reader" daemon [_thread_blocked, id=14156, stack(0x000000a54c700000,0x000000a54c800000) (1024K)]
  0x00000299dcb31c90 JavaThread "Compiler Source File Reader" daemon [_thread_blocked, id=17672, stack(0x000000a54c800000,0x000000a54c900000) (1024K)]
  0x00000299dcb329b0 JavaThread "Compiler Processing Task"   daemon [_thread_blocked, id=14180, stack(0x000000a54c900000,0x000000a54ca00000) (1024K)]
  0x00000299dcb33040 JavaThread "Compiler Class File Writer" daemon [_thread_blocked, id=12712, stack(0x000000a54ca00000,0x000000a54cb00000) (1024K)]
  0x00000299dcb30f70 JavaThread "Compiler Class File Writer" daemon [_thread_blocked, id=18872, stack(0x000000a54cb00000,0x000000a54cc00000) (1024K)]
Total: 42

Other Threads:
  0x00000299ffd3e410 VMThread "VM Thread"                           [id=6420, stack(0x000000a549f00000,0x000000a54a000000) (1024K)]
  0x000002999420ca00 WatcherThread "VM Periodic Task Thread"        [id=12264, stack(0x000000a549e00000,0x000000a549f00000) (1024K)]
  0x00000299ffc9ae70 WorkerThread "GC Thread#0"                     [id=16660, stack(0x000000a549d00000,0x000000a549e00000) (1024K)]
  0x00000299d651ed40 WorkerThread "GC Thread#1"                     [id=13468, stack(0x000000a54aa00000,0x000000a54ab00000) (1024K)]
  0x00000299d66abba0 WorkerThread "GC Thread#2"                     [id=11308, stack(0x000000a54ab00000,0x000000a54ac00000) (1024K)]
  0x00000299d651f0e0 WorkerThread "GC Thread#3"                     [id=13340, stack(0x000000a54ac00000,0x000000a54ad00000) (1024K)]
Total: 6

Threads with active compile tasks:
C2 CompilerThread0  58533 10221   !   4       org.eclipse.osgi.internal.loader.classpath.ClasspathManager::defineClass (636 bytes)
C1 CompilerThread0  58533 10263       3       org.eclipse.jdt.internal.compiler.parser.Parser::consumeRule (7755 bytes)
Total: 2

VM state: not at safepoint (normal execution)

VM Mutex/Monitor currently owned by a thread: None

Heap address: 0x00000000c0000000, size: 1024 MB, Compressed Oops mode: 32-bit

CDS archive(s) mapped at: [0x0000029995000000-0x0000029995ba0000-0x0000029995ba0000), size 12189696, SharedBaseAddress: 0x0000029995000000, ArchiveRelocationMode: 1.
Compressed class space mapped at: 0x0000029996000000-0x00000299d6000000, reserved size: 1073741824
Narrow klass base: 0x0000029995000000, Narrow klass shift: 0, Narrow klass range: 0x100000000

GC Precious Log:
 CardTable entry size: 512
 CPUs: 4 total, 4 available
 Memory: 3930M
 Large Page Support: Disabled
 NUMA Support: Disabled
 Compressed Oops: Enabled (32-bit)
 Alignments: Space 512K, Generation 512K, Heap 2M
 Heap Min Capacity: 100M
 Heap Initial Capacity: 100M
 Heap Max Capacity: 1G
 Pre-touch: Disabled
 Parallel Workers: 4

Heap:
 PSYoungGen      total 17920K, used 13319K [0x00000000eab00000, 0x00000000ebe00000, 0x0000000100000000)
  eden space 16896K, 78% used [0x00000000eab00000,0x00000000eb801cd8,0x00000000ebb80000)
  from space 1024K, 0% used [0x00000000ebd00000,0x00000000ebd00000,0x00000000ebe00000)
  to   space 1024K, 0% used [0x00000000ebc00000,0x00000000ebc00000,0x00000000ebd00000)
 ParOldGen       total 92160K, used 52499K [0x00000000c0000000, 0x00000000c5a00000, 0x00000000eab00000)
  object space 92160K, 56% used [0x00000000c0000000,0x00000000c3344db0,0x00000000c5a00000)
 Metaspace       used 59423K, committed 60864K, reserved 1114112K
  class space    used 6201K, committed 6848K, reserved 1048576K

Card table byte_map: [0x00000299ff650000,0x00000299ff860000] _byte_map_base: 0x00000299ff050000

Marking Bits: (ParMarkBitMap*) 0x00007ffceb6c3260
 Begin Bits: [0x0000029992130000, 0x0000029993130000)
 End Bits:   [0x0000029993130000, 0x0000029994130000)

Polling page: 0x00000299ff440000

Metaspace:

Usage:
  Non-class:     51.97 MB used.
      Class:      6.06 MB used.
       Both:     58.03 MB used.

Virtual space:
  Non-class space:       64.00 MB reserved,      52.75 MB ( 82%) committed,  1 nodes.
      Class space:        1.00 GB reserved,       6.69 MB ( <1%) committed,  1 nodes.
             Both:        1.06 GB reserved,      59.44 MB (  5%) committed. 

Chunk freelists:
   Non-Class:  10.62 MB
       Class:  9.16 MB
        Both:  19.78 MB

MaxMetaspaceSize: unlimited
CompressedClassSpaceSize: 1.00 GB
Initial GC threshold: 21.00 MB
Current GC threshold: 97.31 MB
CDS: on
 - commit_granule_bytes: 65536.
 - commit_granule_words: 8192.
 - virtual_space_node_default_size: 8388608.
 - enlarge_chunks_in_place: 1.
 - use_allocation_guard: 0.


Internal statistics:

num_allocs_failed_limit: 9.
num_arena_births: 1138.
num_arena_deaths: 14.
num_vsnodes_births: 2.
num_vsnodes_deaths: 0.
num_space_committed: 951.
num_space_uncommitted: 0.
num_chunks_returned_to_freelist: 23.
num_chunks_taken_from_freelist: 3945.
num_chunk_merges: 15.
num_chunk_splits: 2426.
num_chunks_enlarged: 1381.
num_inconsistent_stats: 0.

CodeHeap 'non-profiled nmethods': size=120000Kb used=5010Kb max_used=5010Kb free=114989Kb
 bounds [0x000002998ac00000, 0x000002998b100000, 0x0000029992130000]
CodeHeap 'profiled nmethods': size=120000Kb used=19898Kb max_used=20290Kb free=100101Kb
 bounds [0x0000029983130000, 0x0000029984510000, 0x000002998a660000]
CodeHeap 'non-nmethods': size=5760Kb used=1417Kb max_used=1482Kb free=4342Kb
 bounds [0x000002998a660000, 0x000002998a8d0000, 0x000002998ac00000]
 total_blobs=10187 nmethods=9454 adapters=639
 compilation: enabled
              stopped_count=0, restarted_count=0
 full_count=0

Compilation events (20 events):
Event: 58.337 Thread 0x00000299942e4f10 nmethod 10253 0x00000299834fda90 code [0x00000299834fdc80, 0x00000299834fdee8]
Event: 58.338 Thread 0x00000299942e4f10 10254   !   3       java.net.URI::create (23 bytes)
Event: 58.339 Thread 0x00000299942e4f10 nmethod 10254 0x000002998367f410 code [0x000002998367f600, 0x000002998367fb20]
Event: 58.339 Thread 0x00000299942e4f10 10255       3       org.eclipse.core.filesystem.provider.FileInfo::isDirectory (6 bytes)
Event: 58.340 Thread 0x00000299942e4f10 nmethod 10255 0x000002998329e990 code [0x000002998329eb40, 0x000002998329ed00]
Event: 58.340 Thread 0x00000299942e4f10 10256       3       org.eclipse.core.internal.resources.Resource::getParent (79 bytes)
Event: 58.341 Thread 0x00000299942e4f10 nmethod 10256 0x0000029983abed90 code [0x0000029983abefe0, 0x0000029983abf7d0]
Event: 58.343 Thread 0x00000299942e4f10 10257       3       java.net.URI::decode (376 bytes)
Event: 58.349 Thread 0x00000299942e4f10 nmethod 10257 0x0000029983a5c490 code [0x0000029983a5ca60, 0x0000029983a5faf8]
Event: 58.349 Thread 0x00000299942e4f10 10259       3       org.eclipse.jdt.internal.core.JavaModelManager::knowsOption (34 bytes)
Event: 58.350 Thread 0x00000299942e4f10 nmethod 10259 0x000002998350fa90 code [0x000002998350fc60, 0x0000029983510088]
Event: 58.350 Thread 0x00000299942e4f10 10258       3       java.util.Hashtable$Enumerator::<init> (51 bytes)
Event: 58.350 Thread 0x00000299942e4f10 nmethod 10258 0x00000299832fea10 code [0x00000299832febc0, 0x00000299832fed78]
Event: 58.360 Thread 0x00000299942e4f10 10260       3       org.eclipse.jdt.internal.compiler.parser.Parser::tAction (35 bytes)
Event: 58.361 Thread 0x00000299942e4f10 nmethod 10260 0x000002998337ae90 code [0x000002998337b040, 0x000002998337b210]
Event: 58.361 Thread 0x00000299942e4f10 10261       3       org.eclipse.jdt.internal.compiler.parser.Parser::actFromTokenOrSynthetic (12 bytes)
Event: 58.361 Thread 0x00000299942e4f10 nmethod 10261 0x0000029983a3af90 code [0x0000029983a3b140, 0x0000029983a3b3b0]
Event: 58.403 Thread 0x00000299942e4f10 10262       3       org.eclipse.jdt.internal.compiler.parser.Parser::ntAction (8 bytes)
Event: 58.404 Thread 0x00000299942e4f10 nmethod 10262 0x00000299834e9a90 code [0x00000299834e9c40, 0x00000299834e9d68]
Event: 58.440 Thread 0x00000299942e4f10 10263       3       org.eclipse.jdt.internal.compiler.parser.Parser::consumeRule (7755 bytes)

GC Heap History (20 events):
Event: 52.360 GC heap before
{Heap before GC invocations=34 (full 2):
 PSYoungGen      total 22016K, used 21952K [0x00000000eab00000, 0x00000000ec300000, 0x0000000100000000)
  eden space 19456K, 100% used [0x00000000eab00000,0x00000000ebe00000,0x00000000ebe00000)
  from space 2560K, 97% used [0x00000000ebe00000,0x00000000ec070000,0x00000000ec080000)
  to   space 2560K, 0% used [0x00000000ec080000,0x00000000ec080000,0x00000000ec300000)
 ParOldGen       total 68608K, used 49247K [0x00000000c0000000, 0x00000000c4300000, 0x00000000eab00000)
  object space 68608K, 71% used [0x00000000c0000000,0x00000000c3017cf8,0x00000000c4300000)
 Metaspace       used 55225K, committed 56576K, reserved 1114112K
  class space    used 5782K, committed 6400K, reserved 1048576K
}
Event: 52.373 GC heap after
{Heap after GC invocations=34 (full 2):
 PSYoungGen      total 22016K, used 1913K [0x00000000eab00000, 0x00000000ec300000, 0x0000000100000000)
  eden space 19456K, 0% used [0x00000000eab00000,0x00000000eab00000,0x00000000ebe00000)
  from space 2560K, 74% used [0x00000000ec080000,0x00000000ec25e550,0x00000000ec300000)
  to   space 2560K, 0% used [0x00000000ebe00000,0x00000000ebe00000,0x00000000ec080000)
 ParOldGen       total 68608K, used 51608K [0x00000000c0000000, 0x00000000c4300000, 0x00000000eab00000)
  object space 68608K, 75% used [0x00000000c0000000,0x00000000c32661a8,0x00000000c4300000)
 Metaspace       used 55225K, committed 56576K, reserved 1114112K
  class space    used 5782K, committed 6400K, reserved 1048576K
}
Event: 53.678 GC heap before
{Heap before GC invocations=35 (full 2):
 PSYoungGen      total 22016K, used 21369K [0x00000000eab00000, 0x00000000ec300000, 0x0000000100000000)
  eden space 19456K, 100% used [0x00000000eab00000,0x00000000ebe00000,0x00000000ebe00000)
  from space 2560K, 74% used [0x00000000ec080000,0x00000000ec25e550,0x00000000ec300000)
  to   space 2560K, 0% used [0x00000000ebe00000,0x00000000ebe00000,0x00000000ec080000)
 ParOldGen       total 68608K, used 51608K [0x00000000c0000000, 0x00000000c4300000, 0x00000000eab00000)
  object space 68608K, 75% used [0x00000000c0000000,0x00000000c32661a8,0x00000000c4300000)
 Metaspace       used 55401K, committed 56704K, reserved 1114112K
  class space    used 5783K, committed 6400K, reserved 1048576K
}
Event: 53.683 GC heap after
{Heap after GC invocations=35 (full 2):
 PSYoungGen      total 21504K, used 1885K [0x00000000eab00000, 0x00000000ec200000, 0x0000000100000000)
  eden space 19456K, 0% used [0x00000000eab00000,0x00000000eab00000,0x00000000ebe00000)
  from space 2048K, 92% used [0x00000000ebe00000,0x00000000ebfd76c8,0x00000000ec000000)
  to   space 2048K, 0% used [0x00000000ec000000,0x00000000ec000000,0x00000000ec200000)
 ParOldGen       total 68608K, used 53340K [0x00000000c0000000, 0x00000000c4300000, 0x00000000eab00000)
  object space 68608K, 77% used [0x00000000c0000000,0x00000000c34171b0,0x00000000c4300000)
 Metaspace       used 55401K, committed 56704K, reserved 1114112K
  class space    used 5783K, committed 6400K, reserved 1048576K
}
Event: 54.139 GC heap before
{Heap before GC invocations=36 (full 2):
 PSYoungGen      total 21504K, used 21341K [0x00000000eab00000, 0x00000000ec200000, 0x0000000100000000)
  eden space 19456K, 100% used [0x00000000eab00000,0x00000000ebe00000,0x00000000ebe00000)
  from space 2048K, 92% used [0x00000000ebe00000,0x00000000ebfd76c8,0x00000000ec000000)
  to   space 2048K, 0% used [0x00000000ec000000,0x00000000ec000000,0x00000000ec200000)
 ParOldGen       total 68608K, used 53340K [0x00000000c0000000, 0x00000000c4300000, 0x00000000eab00000)
  object space 68608K, 77% used [0x00000000c0000000,0x00000000c34171b0,0x00000000c4300000)
 Metaspace       used 55760K, committed 57152K, reserved 1114112K
  class space    used 5823K, committed 6464K, reserved 1048576K
}
Event: 54.145 GC heap after
{Heap after GC invocations=36 (full 2):
 PSYoungGen      total 18944K, used 2037K [0x00000000eab00000, 0x00000000ec700000, 0x0000000100000000)
  eden space 16896K, 0% used [0x00000000eab00000,0x00000000eab00000,0x00000000ebb80000)
  from space 2048K, 99% used [0x00000000ec000000,0x00000000ec1fd738,0x00000000ec200000)
  to   space 4608K, 0% used [0x00000000ebb80000,0x00000000ebb80000,0x00000000ec000000)
 ParOldGen       total 68608K, used 55220K [0x00000000c0000000, 0x00000000c4300000, 0x00000000eab00000)
  object space 68608K, 80% used [0x00000000c0000000,0x00000000c35ed368,0x00000000c4300000)
 Metaspace       used 55760K, committed 57152K, reserved 1114112K
  class space    used 5823K, committed 6464K, reserved 1048576K
}
Event: 54.429 GC heap before
{Heap before GC invocations=37 (full 2):
 PSYoungGen      total 18944K, used 18933K [0x00000000eab00000, 0x00000000ec700000, 0x0000000100000000)
  eden space 16896K, 100% used [0x00000000eab00000,0x00000000ebb80000,0x00000000ebb80000)
  from space 2048K, 99% used [0x00000000ec000000,0x00000000ec1fd738,0x00000000ec200000)
  to   space 4608K, 0% used [0x00000000ebb80000,0x00000000ebb80000,0x00000000ec000000)
 ParOldGen       total 68608K, used 55220K [0x00000000c0000000, 0x00000000c4300000, 0x00000000eab00000)
  object space 68608K, 80% used [0x00000000c0000000,0x00000000c35ed368,0x00000000c4300000)
 Metaspace       used 55913K, committed 57280K, reserved 1114112K
  class space    used 5824K, committed 6464K, reserved 1048576K
}
Event: 54.434 GC heap after
{Heap after GC invocations=37 (full 2):
 PSYoungGen      total 18432K, used 1087K [0x00000000eab00000, 0x00000000ec080000, 0x0000000100000000)
  eden space 16896K, 0% used [0x00000000eab00000,0x00000000eab00000,0x00000000ebb80000)
  from space 1536K, 70% used [0x00000000ebb80000,0x00000000ebc8fca8,0x00000000ebd00000)
  to   space 2560K, 0% used [0x00000000ebe00000,0x00000000ebe00000,0x00000000ec080000)
 ParOldGen       total 68608K, used 57004K [0x00000000c0000000, 0x00000000c4300000, 0x00000000eab00000)
  object space 68608K, 83% used [0x00000000c0000000,0x00000000c37ab0b8,0x00000000c4300000)
 Metaspace       used 55913K, committed 57280K, reserved 1114112K
  class space    used 5824K, committed 6464K, reserved 1048576K
}
Event: 55.139 GC heap before
{Heap before GC invocations=38 (full 2):
 PSYoungGen      total 18432K, used 17983K [0x00000000eab00000, 0x00000000ec080000, 0x0000000100000000)
  eden space 16896K, 100% used [0x00000000eab00000,0x00000000ebb80000,0x00000000ebb80000)
  from space 1536K, 70% used [0x00000000ebb80000,0x00000000ebc8fca8,0x00000000ebd00000)
  to   space 2560K, 0% used [0x00000000ebe00000,0x00000000ebe00000,0x00000000ec080000)
 ParOldGen       total 68608K, used 57004K [0x00000000c0000000, 0x00000000c4300000, 0x00000000eab00000)
  object space 68608K, 83% used [0x00000000c0000000,0x00000000c37ab0b8,0x00000000c4300000)
 Metaspace       used 56375K, committed 57728K, reserved 1114112K
  class space    used 5879K, committed 6528K, reserved 1048576K
}
Event: 55.144 GC heap after
{Heap after GC invocations=38 (full 2):
 PSYoungGen      total 19456K, used 2177K [0x00000000eab00000, 0x00000000ec080000, 0x0000000100000000)
  eden space 16896K, 0% used [0x00000000eab00000,0x00000000eab00000,0x00000000ebb80000)
  from space 2560K, 85% used [0x00000000ebe00000,0x00000000ec0206a0,0x00000000ec080000)
  to   space 2560K, 0% used [0x00000000ebb80000,0x00000000ebb80000,0x00000000ebe00000)
 ParOldGen       total 68608K, used 57820K [0x00000000c0000000, 0x00000000c4300000, 0x00000000eab00000)
  object space 68608K, 84% used [0x00000000c0000000,0x00000000c3877038,0x00000000c4300000)
 Metaspace       used 56375K, committed 57728K, reserved 1114112K
  class space    used 5879K, committed 6528K, reserved 1048576K
}
Event: 55.757 GC heap before
{Heap before GC invocations=39 (full 2):
 PSYoungGen      total 19456K, used 19073K [0x00000000eab00000, 0x00000000ec080000, 0x0000000100000000)
  eden space 16896K, 100% used [0x00000000eab00000,0x00000000ebb80000,0x00000000ebb80000)
  from space 2560K, 85% used [0x00000000ebe00000,0x00000000ec0206a0,0x00000000ec080000)
  to   space 2560K, 0% used [0x00000000ebb80000,0x00000000ebb80000,0x00000000ebe00000)
 ParOldGen       total 68608K, used 57820K [0x00000000c0000000, 0x00000000c4300000, 0x00000000eab00000)
  object space 68608K, 84% used [0x00000000c0000000,0x00000000c3877038,0x00000000c4300000)
 Metaspace       used 56835K, committed 58304K, reserved 1114112K
  class space    used 5930K, committed 6592K, reserved 1048576K
}
Event: 55.761 GC heap after
{Heap after GC invocations=39 (full 2):
 PSYoungGen      total 18432K, used 1408K [0x00000000eab00000, 0x00000000ebf80000, 0x0000000100000000)
  eden space 16896K, 0% used [0x00000000eab00000,0x00000000eab00000,0x00000000ebb80000)
  from space 1536K, 91% used [0x00000000ebb80000,0x00000000ebce0000,0x00000000ebd00000)
  to   space 2048K, 0% used [0x00000000ebd80000,0x00000000ebd80000,0x00000000ebf80000)
 ParOldGen       total 68608K, used 59728K [0x00000000c0000000, 0x00000000c4300000, 0x00000000eab00000)
  object space 68608K, 87% used [0x00000000c0000000,0x00000000c3a54158,0x00000000c4300000)
 Metaspace       used 56835K, committed 58304K, reserved 1114112K
  class space    used 5930K, committed 6592K, reserved 1048576K
}
Event: 56.057 GC heap before
{Heap before GC invocations=40 (full 2):
 PSYoungGen      total 18432K, used 10725K [0x00000000eab00000, 0x00000000ebf80000, 0x0000000100000000)
  eden space 16896K, 55% used [0x00000000eab00000,0x00000000eb419690,0x00000000ebb80000)
  from space 1536K, 91% used [0x00000000ebb80000,0x00000000ebce0000,0x00000000ebd00000)
  to   space 2048K, 0% used [0x00000000ebd80000,0x00000000ebd80000,0x00000000ebf80000)
 ParOldGen       total 68608K, used 59728K [0x00000000c0000000, 0x00000000c4300000, 0x00000000eab00000)
  object space 68608K, 87% used [0x00000000c0000000,0x00000000c3a54158,0x00000000c4300000)
 Metaspace       used 57352K, committed 58816K, reserved 1114112K
  class space    used 5986K, committed 6656K, reserved 1048576K
}
Event: 56.062 GC heap after
{Heap after GC invocations=40 (full 2):
 PSYoungGen      total 18432K, used 1134K [0x00000000eab00000, 0x00000000ebf00000, 0x0000000100000000)
  eden space 16896K, 0% used [0x00000000eab00000,0x00000000eab00000,0x00000000ebb80000)
  from space 1536K, 73% used [0x00000000ebd80000,0x00000000ebe9bb90,0x00000000ebf00000)
  to   space 1536K, 0% used [0x00000000ebb80000,0x00000000ebb80000,0x00000000ebd00000)
 ParOldGen       total 68608K, used 61054K [0x00000000c0000000, 0x00000000c4300000, 0x00000000eab00000)
  object space 68608K, 88% used [0x00000000c0000000,0x00000000c3b9f830,0x00000000c4300000)
 Metaspace       used 57352K, committed 58816K, reserved 1114112K
  class space    used 5986K, committed 6656K, reserved 1048576K
}
Event: 56.956 GC heap before
{Heap before GC invocations=41 (full 2):
 PSYoungGen      total 18432K, used 18030K [0x00000000eab00000, 0x00000000ebf00000, 0x0000000100000000)
  eden space 16896K, 100% used [0x00000000eab00000,0x00000000ebb80000,0x00000000ebb80000)
  from space 1536K, 73% used [0x00000000ebd80000,0x00000000ebe9bb90,0x00000000ebf00000)
  to   space 1536K, 0% used [0x00000000ebb80000,0x00000000ebb80000,0x00000000ebd00000)
 ParOldGen       total 92160K, used 84094K [0x00000000c0000000, 0x00000000c5a00000, 0x00000000eab00000)
  object space 92160K, 91% used [0x00000000c0000000,0x00000000c521f850,0x00000000c5a00000)
 Metaspace       used 57973K, committed 59328K, reserved 1114112K
  class space    used 6047K, committed 6656K, reserved 1048576K
}
Event: 56.959 GC heap after
{Heap after GC invocations=41 (full 2):
 PSYoungGen      total 18432K, used 828K [0x00000000eab00000, 0x00000000ebe00000, 0x0000000100000000)
  eden space 16896K, 0% used [0x00000000eab00000,0x00000000eab00000,0x00000000ebb80000)
  from space 1536K, 53% used [0x00000000ebb80000,0x00000000ebc4f1b0,0x00000000ebd00000)
  to   space 1024K, 0% used [0x00000000ebd00000,0x00000000ebd00000,0x00000000ebe00000)
 ParOldGen       total 92160K, used 85048K [0x00000000c0000000, 0x00000000c5a00000, 0x00000000eab00000)
  object space 92160K, 92% used [0x00000000c0000000,0x00000000c530e0d0,0x00000000c5a00000)
 Metaspace       used 57973K, committed 59328K, reserved 1114112K
  class space    used 6047K, committed 6656K, reserved 1048576K
}
Event: 57.306 GC heap before
{Heap before GC invocations=42 (full 2):
 PSYoungGen      total 18432K, used 7433K [0x00000000eab00000, 0x00000000ebe00000, 0x0000000100000000)
  eden space 16896K, 39% used [0x00000000eab00000,0x00000000eb173618,0x00000000ebb80000)
  from space 1536K, 53% used [0x00000000ebb80000,0x00000000ebc4f1b0,0x00000000ebd00000)
  to   space 1024K, 0% used [0x00000000ebd00000,0x00000000ebd00000,0x00000000ebe00000)
 ParOldGen       total 92160K, used 85048K [0x00000000c0000000, 0x00000000c5a00000, 0x00000000eab00000)
  object space 92160K, 92% used [0x00000000c0000000,0x00000000c530e0d0,0x00000000c5a00000)
 Metaspace       used 58408K, committed 59776K, reserved 1114112K
  class space    used 6099K, committed 6720K, reserved 1048576K
}
Event: 57.309 GC heap after
{Heap after GC invocations=42 (full 2):
 PSYoungGen      total 17920K, used 981K [0x00000000eab00000, 0x00000000ebe00000, 0x0000000100000000)
  eden space 16896K, 0% used [0x00000000eab00000,0x00000000eab00000,0x00000000ebb80000)
  from space 1024K, 95% used [0x00000000ebd00000,0x00000000ebdf5600,0x00000000ebe00000)
  to   space 1024K, 0% used [0x00000000ebc00000,0x00000000ebc00000,0x00000000ebd00000)
 ParOldGen       total 92160K, used 85808K [0x00000000c0000000, 0x00000000c5a00000, 0x00000000eab00000)
  object space 92160K, 93% used [0x00000000c0000000,0x00000000c53cc158,0x00000000c5a00000)
 Metaspace       used 58408K, committed 59776K, reserved 1114112K
  class space    used 6099K, committed 6720K, reserved 1048576K
}
Event: 57.309 GC heap before
{Heap before GC invocations=43 (full 3):
 PSYoungGen      total 17920K, used 981K [0x00000000eab00000, 0x00000000ebe00000, 0x0000000100000000)
  eden space 16896K, 0% used [0x00000000eab00000,0x00000000eab00000,0x00000000ebb80000)
  from space 1024K, 95% used [0x00000000ebd00000,0x00000000ebdf5600,0x00000000ebe00000)
  to   space 1024K, 0% used [0x00000000ebc00000,0x00000000ebc00000,0x00000000ebd00000)
 ParOldGen       total 92160K, used 85808K [0x00000000c0000000, 0x00000000c5a00000, 0x00000000eab00000)
  object space 92160K, 93% used [0x00000000c0000000,0x00000000c53cc158,0x00000000c5a00000)
 Metaspace       used 58408K, committed 59776K, reserved 1114112K
  class space    used 6099K, committed 6720K, reserved 1048576K
}
Event: 57.662 GC heap after
{Heap after GC invocations=43 (full 3):
 PSYoungGen      total 17920K, used 0K [0x00000000eab00000, 0x00000000ebe00000, 0x0000000100000000)
  eden space 16896K, 0% used [0x00000000eab00000,0x00000000eab00000,0x00000000ebb80000)
  from space 1024K, 0% used [0x00000000ebd00000,0x00000000ebd00000,0x00000000ebe00000)
  to   space 1024K, 0% used [0x00000000ebc00000,0x00000000ebc00000,0x00000000ebd00000)
 ParOldGen       total 92160K, used 52499K [0x00000000c0000000, 0x00000000c5a00000, 0x00000000eab00000)
  object space 92160K, 56% used [0x00000000c0000000,0x00000000c3344db0,0x00000000c5a00000)
 Metaspace       used 58408K, committed 59776K, reserved 1114112K
  class space    used 6099K, committed 6720K, reserved 1048576K
}

Dll operation events (10 events):
Event: 0.027 Loaded shared library c:\Users\Lenovo\.vscode\extensions\redhat.java-1.41.1-win32-x64\jre\21.0.6-win32-x86_64\bin\java.dll
Event: 0.252 Loaded shared library c:\Users\Lenovo\.vscode\extensions\redhat.java-1.41.1-win32-x64\jre\21.0.6-win32-x86_64\bin\zip.dll
Event: 0.296 Loaded shared library C:\Users\Lenovo\.vscode\extensions\redhat.java-1.41.1-win32-x64\jre\21.0.6-win32-x86_64\bin\instrument.dll
Event: 0.303 Loaded shared library C:\Users\Lenovo\.vscode\extensions\redhat.java-1.41.1-win32-x64\jre\21.0.6-win32-x86_64\bin\net.dll
Event: 0.306 Loaded shared library C:\Users\Lenovo\.vscode\extensions\redhat.java-1.41.1-win32-x64\jre\21.0.6-win32-x86_64\bin\nio.dll
Event: 0.320 Loaded shared library C:\Users\Lenovo\.vscode\extensions\redhat.java-1.41.1-win32-x64\jre\21.0.6-win32-x86_64\bin\zip.dll
Event: 0.352 Loaded shared library C:\Users\Lenovo\.vscode\extensions\redhat.java-1.41.1-win32-x64\jre\21.0.6-win32-x86_64\bin\jimage.dll
Event: 0.497 Loaded shared library c:\Users\Lenovo\.vscode\extensions\redhat.java-1.41.1-win32-x64\jre\21.0.6-win32-x86_64\bin\verify.dll
Event: 7.262 Loaded shared library C:\Users\Lenovo\AppData\Roaming\Code\User\globalStorage\redhat.java\1.41.1\config_win\org.eclipse.equinox.launcher\org.eclipse.equinox.launcher.win32.win32.x86_64_1.2.1300.v20250331-1702\eclipse_11911.dll
Event: 13.886 Loaded shared library C:\Users\Lenovo\AppData\Local\Temp\jna--2022488749\jna8812145969912205856.dll

Deoptimization events (20 events):
Event: 56.827 Thread 0x00000299db2e0a30 DEOPT PACKING pc=0x000002998ae776ec sp=0x000000a54b6fedc0
Event: 56.827 Thread 0x00000299db2e0a30 DEOPT UNPACKING pc=0x000002998a6b3aa2 sp=0x000000a54b6fedb0 mode 2
Event: 56.902 Thread 0x00000299db2e0a30 DEOPT PACKING pc=0x00000299841b3a3d sp=0x000000a54b6fe990
Event: 56.902 Thread 0x00000299db2e0a30 DEOPT UNPACKING pc=0x000002998a6b4242 sp=0x000000a54b6fde70 mode 0
Event: 57.044 Thread 0x00000299db2e0a30 DEOPT PACKING pc=0x00000299844ab955 sp=0x000000a54b6fd5a0
Event: 57.044 Thread 0x00000299db2e0a30 DEOPT UNPACKING pc=0x000002998a6b4242 sp=0x000000a54b6fcaa8 mode 0
Event: 57.160 Thread 0x00000299dca92060 DEOPT PACKING pc=0x00000299842c0aaa sp=0x000000a54b9fe770
Event: 57.160 Thread 0x00000299dca92060 DEOPT UNPACKING pc=0x000002998a6b4242 sp=0x000000a54b9fdcf8 mode 0
Event: 57.802 Thread 0x00000299dca8dec0 DEOPT PACKING pc=0x00000299844ab955 sp=0x000000a54baf42b0
Event: 57.802 Thread 0x00000299dca8dec0 DEOPT UNPACKING pc=0x000002998a6b4242 sp=0x000000a54baf37b8 mode 0
Event: 57.970 Thread 0x00000299dca92060 DEOPT PACKING pc=0x00000299844d3dd3 sp=0x000000a54b9fe7b0
Event: 57.970 Thread 0x00000299dca92060 DEOPT UNPACKING pc=0x000002998a6b4242 sp=0x000000a54b9fdd18 mode 0
Event: 58.079 Thread 0x00000299dca92060 DEOPT PACKING pc=0x00000299842c0aaa sp=0x000000a54b9fe770
Event: 58.079 Thread 0x00000299dca92060 DEOPT UNPACKING pc=0x000002998a6b4242 sp=0x000000a54b9fdcf8 mode 0
Event: 58.084 Thread 0x00000299dca92060 DEOPT PACKING pc=0x00000299844d3dd3 sp=0x000000a54b9fe7b0
Event: 58.084 Thread 0x00000299dca92060 DEOPT UNPACKING pc=0x000002998a6b4242 sp=0x000000a54b9fdd18 mode 0
Event: 58.096 Thread 0x00000299dca92060 DEOPT PACKING pc=0x00000299842c0aaa sp=0x000000a54b9fe770
Event: 58.096 Thread 0x00000299dca92060 DEOPT UNPACKING pc=0x000002998a6b4242 sp=0x000000a54b9fdcf8 mode 0
Event: 58.229 Thread 0x00000299dca92d80 DEOPT PACKING pc=0x00000299844ab955 sp=0x000000a54c3fba90
Event: 58.229 Thread 0x00000299dca92d80 DEOPT UNPACKING pc=0x000002998a6b4242 sp=0x000000a54c3faf98 mode 0

Classes loaded (20 events):
Event: 56.812 Loading class java/nio/file/FileTreeWalker$1
Event: 56.812 Loading class java/nio/file/FileTreeWalker$1 done
Event: 56.820 Loading class sun/nio/fs/Globs
Event: 56.821 Loading class sun/nio/fs/Globs done
Event: 56.821 Loading class java/util/regex/Pattern$SliceU
Event: 56.822 Loading class java/util/regex/Pattern$SliceU done
Event: 56.822 Loading class sun/nio/fs/WindowsFileSystem$2
Event: 56.823 Loading class java/nio/file/PathMatcher
Event: 56.823 Loading class java/nio/file/PathMatcher done
Event: 56.823 Loading class sun/nio/fs/WindowsFileSystem$2 done
Event: 57.044 Loading class java/util/Collections$SynchronizedRandomAccessList
Event: 57.044 Loading class java/util/Collections$SynchronizedList
Event: 57.045 Loading class java/util/Collections$SynchronizedList done
Event: 57.045 Loading class java/util/Collections$SynchronizedRandomAccessList done
Event: 57.060 Loading class java/util/concurrent/CompletableFuture$Signaller
Event: 57.067 Loading class java/util/concurrent/CompletableFuture$Signaller done
Event: 58.180 Loading class java/nio/charset/CharacterCodingException
Event: 58.182 Loading class java/nio/charset/CharacterCodingException done
Event: 58.183 Loading class java/io/SequenceInputStream
Event: 58.184 Loading class java/io/SequenceInputStream done

Classes unloaded (7 events):
Event: 15.471 Thread 0x00000299ffd3e410 Unloading class 0x0000029996194400 'java/lang/invoke/LambdaForm$MH+0x0000029996194400'
Event: 15.471 Thread 0x00000299ffd3e410 Unloading class 0x0000029996194000 'java/lang/invoke/LambdaForm$MH+0x0000029996194000'
Event: 15.471 Thread 0x00000299ffd3e410 Unloading class 0x0000029996193c00 'java/lang/invoke/LambdaForm$MH+0x0000029996193c00'
Event: 15.471 Thread 0x00000299ffd3e410 Unloading class 0x0000029996193800 'java/lang/invoke/LambdaForm$MH+0x0000029996193800'
Event: 15.471 Thread 0x00000299ffd3e410 Unloading class 0x0000029996193400 'java/lang/invoke/LambdaForm$BMH+0x0000029996193400'
Event: 15.471 Thread 0x00000299ffd3e410 Unloading class 0x0000029996193000 'java/lang/invoke/LambdaForm$DMH+0x0000029996193000'
Event: 15.471 Thread 0x00000299ffd3e410 Unloading class 0x0000029996191c00 'java/lang/invoke/LambdaForm$DMH+0x0000029996191c00'

Classes redefined (0 events):
No events

Internal exceptions (20 events):
Event: 56.917 Thread 0x00000299db2e0a30 Exception <a 'sun/nio/fs/WindowsException'{0x00000000ebafca28}> (0x00000000ebafca28) 
thrown [s\src\hotspot\share\prims\jni.cpp, line 520]
Event: 56.918 Thread 0x00000299db2e0a30 Exception <a 'sun/nio/fs/WindowsException'{0x00000000ebafd1b0}> (0x00000000ebafd1b0) 
thrown [s\src\hotspot\share\prims\jni.cpp, line 520]
Event: 56.920 Thread 0x00000299db2e0a30 Exception <a 'sun/nio/fs/WindowsException'{0x00000000ebb01068}> (0x00000000ebb01068) 
thrown [s\src\hotspot\share\prims\jni.cpp, line 520]
Event: 56.920 Thread 0x00000299db2e0a30 Exception <a 'sun/nio/fs/WindowsException'{0x00000000ebb01718}> (0x00000000ebb01718) 
thrown [s\src\hotspot\share\prims\jni.cpp, line 520]
Event: 56.920 Thread 0x00000299db2e0a30 Exception <a 'sun/nio/fs/WindowsException'{0x00000000ebb01dc8}> (0x00000000ebb01dc8) 
thrown [s\src\hotspot\share\prims\jni.cpp, line 520]
Event: 56.920 Thread 0x00000299db2e0a30 Exception <a 'sun/nio/fs/WindowsException'{0x00000000ebb02490}> (0x00000000ebb02490) 
thrown [s\src\hotspot\share\prims\jni.cpp, line 520]
Event: 56.921 Thread 0x00000299db2e0a30 Exception <a 'sun/nio/fs/WindowsException'{0x00000000ebb06368}> (0x00000000ebb06368) 
thrown [s\src\hotspot\share\prims\jni.cpp, line 520]
Event: 56.921 Thread 0x00000299db2e0a30 Exception <a 'sun/nio/fs/WindowsException'{0x00000000ebb069f8}> (0x00000000ebb069f8) 
thrown [s\src\hotspot\share\prims\jni.cpp, line 520]
Event: 56.921 Thread 0x00000299db2e0a30 Exception <a 'sun/nio/fs/WindowsException'{0x00000000ebb07088}> (0x00000000ebb07088) 
thrown [s\src\hotspot\share\prims\jni.cpp, line 520]
Event: 56.921 Thread 0x00000299db2e0a30 Exception <a 'sun/nio/fs/WindowsException'{0x00000000ebb07738}> (0x00000000ebb07738) 
thrown [s\src\hotspot\share\prims\jni.cpp, line 520]
Event: 56.922 Thread 0x00000299db2e0a30 Exception <a 'sun/nio/fs/WindowsException'{0x00000000ebb0ae80}> (0x00000000ebb0ae80) 
thrown [s\src\hotspot\share\prims\jni.cpp, line 520]
Event: 56.923 Thread 0x00000299db2e0a30 Exception <a 'sun/nio/fs/WindowsException'{0x00000000ebb0b530}> (0x00000000ebb0b530) 
thrown [s\src\hotspot\share\prims\jni.cpp, line 520]
Event: 56.923 Thread 0x00000299db2e0a30 Exception <a 'sun/nio/fs/WindowsException'{0x00000000ebb0bbe0}> (0x00000000ebb0bbe0) 
thrown [s\src\hotspot\share\prims\jni.cpp, line 520]
Event: 56.923 Thread 0x00000299db2e0a30 Exception <a 'sun/nio/fs/WindowsException'{0x00000000ebb0c2a8}> (0x00000000ebb0c2a8) 
thrown [s\src\hotspot\share\prims\jni.cpp, line 520]
Event: 56.924 Thread 0x00000299db2e0a30 Exception <a 'sun/nio/fs/WindowsException'{0x00000000ebb0fc98}> (0x00000000ebb0fc98) 
thrown [s\src\hotspot\share\prims\jni.cpp, line 520]
Event: 56.924 Thread 0x00000299db2e0a30 Exception <a 'sun/nio/fs/WindowsException'{0x00000000ebb10378}> (0x00000000ebb10378) 
thrown [s\src\hotspot\share\prims\jni.cpp, line 520]
Event: 56.924 Thread 0x00000299db2e0a30 Exception <a 'sun/nio/fs/WindowsException'{0x00000000ebb10a58}> (0x00000000ebb10a58) 
thrown [s\src\hotspot\share\prims\jni.cpp, line 520]
Event: 56.924 Thread 0x00000299db2e0a30 Exception <a 'sun/nio/fs/WindowsException'{0x00000000ebb11150}> (0x00000000ebb11150) 
thrown [s\src\hotspot\share\prims\jni.cpp, line 520]
Event: 58.242 Thread 0x00000299dca92d80 Exception <a 'java/io/FileNotFoundException'{0x00000000eb6c28f0}> (0x00000000eb6c28f0) 
thrown [s\src\hotspot\share\prims\jni.cpp, line 520]
Event: 58.243 Thread 0x00000299dca92d80 Exception <a 'java/io/FileNotFoundException'{0x00000000eb6c3da8}> (0x00000000eb6c3da8) 
thrown [s\src\hotspot\share\prims\jni.cpp, line 520]

ZGC Phase Switch (0 events):
No events

VM Operations (20 events):
Event: 55.139 Executing VM operation: ParallelGCFailedAllocation (Allocation Failure)
Event: 55.144 Executing VM operation: ParallelGCFailedAllocation (Allocation Failure) done
Event: 55.757 Executing VM operation: ParallelGCFailedAllocation (Allocation Failure)
Event: 55.762 Executing VM operation: ParallelGCFailedAllocation (Allocation Failure) done
Event: 56.056 Executing VM operation: ParallelGCFailedAllocation (Allocation Failure)
Event: 56.063 Executing VM operation: ParallelGCFailedAllocation (Allocation Failure) done
Event: 56.369 Executing VM operation: HandshakeAllThreads (Deoptimize)
Event: 56.385 Executing VM operation: HandshakeAllThreads (Deoptimize) done
Event: 56.956 Executing VM operation: ParallelGCFailedAllocation (Allocation Failure)
Event: 56.959 Executing VM operation: ParallelGCFailedAllocation (Allocation Failure) done
Event: 56.974 Executing VM operation: HandshakeAllThreads (Deoptimize)
Event: 56.980 Executing VM operation: HandshakeAllThreads (Deoptimize) done
Event: 57.202 Executing VM operation: HandshakeAllThreads (Deoptimize)
Event: 57.225 Executing VM operation: HandshakeAllThreads (Deoptimize) done
Event: 57.230 Executing VM operation: HandshakeAllThreads (Deoptimize)
Event: 57.273 Executing VM operation: HandshakeAllThreads (Deoptimize) done
Event: 57.276 Executing VM operation: CollectForMetadataAllocation (Metadata GC Threshold)
Event: 57.662 Executing VM operation: CollectForMetadataAllocation (Metadata GC Threshold) done
Event: 57.804 Executing VM operation: HandshakeAllThreads (Deoptimize)
Event: 57.832 Executing VM operation: HandshakeAllThreads (Deoptimize) done

Memory protections (0 events):
No events

Nmethod flushes (20 events):
Event: 57.475 Thread 0x00000299ffd3e410 flushing  nmethod 0x0000029983a8ed90
Event: 57.475 Thread 0x00000299ffd3e410 flushing  nmethod 0x0000029983a8f690
Event: 57.475 Thread 0x00000299ffd3e410 flushing  nmethod 0x0000029983a8fb10
Event: 57.475 Thread 0x00000299ffd3e410 flushing  nmethod 0x0000029983a90090
Event: 57.475 Thread 0x00000299ffd3e410 flushing  nmethod 0x0000029983a90610
Event: 57.475 Thread 0x00000299ffd3e410 flushing  nmethod 0x0000029983a91510
Event: 57.475 Thread 0x00000299ffd3e410 flushing  nmethod 0x0000029983a91b10
Event: 57.475 Thread 0x00000299ffd3e410 flushing  nmethod 0x0000029983a92390
Event: 57.475 Thread 0x00000299ffd3e410 flushing  nmethod 0x0000029983a92710
Event: 57.475 Thread 0x00000299ffd3e410 flushing  nmethod 0x0000029983a93590
Event: 57.475 Thread 0x00000299ffd3e410 flushing  nmethod 0x0000029983a93a90
Event: 57.475 Thread 0x00000299ffd3e410 flushing  nmethod 0x0000029983a94290
Event: 57.475 Thread 0x00000299ffd3e410 flushing  nmethod 0x0000029983a97b10
Event: 57.475 Thread 0x00000299ffd3e410 flushing  nmethod 0x0000029983a98210
Event: 57.475 Thread 0x00000299ffd3e410 flushing  nmethod 0x0000029983ab2490
Event: 57.475 Thread 0x00000299ffd3e410 flushing  nmethod 0x0000029983ab9990
Event: 57.475 Thread 0x00000299ffd3e410 flushing  nmethod 0x0000029983aba410
Event: 57.475 Thread 0x00000299ffd3e410 flushing  nmethod 0x0000029983abed90
Event: 57.475 Thread 0x00000299ffd3e410 flushing  nmethod 0x0000029983abf290
Event: 57.475 Thread 0x00000299ffd3e410 flushing  nmethod 0x0000029983abf810

Events (20 events):
Event: 53.865 Thread 0x00000299db2e0a30 Thread added: 0x00000299dcb31600
Event: 53.865 Thread 0x00000299db2e0a30 Thread added: 0x00000299db4ae4b0
Event: 53.866 Thread 0x00000299db2e0a30 Thread added: 0x00000299db4af1d0
Event: 53.978 Thread 0x00000299db2e0a30 Thread added: 0x00000299db4af860
Event: 53.978 Thread 0x00000299db2e0a30 Thread added: 0x00000299db4ad100
Event: 54.592 Thread 0x00000299db4af860 Thread exited: 0x00000299db4af860
Event: 54.593 Thread 0x00000299db4af1d0 Thread exited: 0x00000299db4af1d0
Event: 54.593 Thread 0x00000299dcb31600 Thread exited: 0x00000299dcb31600
Event: 54.638 Thread 0x00000299db4ae4b0 Thread exited: 0x00000299db4ae4b0
Event: 54.640 Thread 0x00000299db4ad100 Thread exited: 0x00000299db4ad100
Event: 55.458 Thread 0x00000299db2e0a30 Thread added: 0x00000299dc96faf0
Event: 55.458 Thread 0x00000299db2e0a30 Thread added: 0x00000299dc96bfe0
Event: 55.459 Thread 0x00000299db2e0a30 Thread added: 0x00000299dc96d390
Event: 55.459 Thread 0x00000299db2e0a30 Thread added: 0x00000299dc96edd0
Event: 55.459 Thread 0x00000299db2e0a30 Thread added: 0x00000299dc96ac30
Event: 55.658 Thread 0x00000299dc96edd0 Thread exited: 0x00000299dc96edd0
Event: 55.658 Thread 0x00000299dc96faf0 Thread exited: 0x00000299dc96faf0
Event: 55.658 Thread 0x00000299dc96bfe0 Thread exited: 0x00000299dc96bfe0
Event: 55.658 Thread 0x00000299dc96ac30 Thread exited: 0x00000299dc96ac30
Event: 55.658 Thread 0x00000299dc96d390 Thread exited: 0x00000299dc96d390


Dynamic libraries:
0x00007ff682fe0000 - 0x00007ff682fee000 	c:\Users\Lenovo\.vscode\extensions\redhat.java-1.41.1-win32-x64\jre\21.0.6-win32-x86_64\bin\java.exe
0x00007ffd439d0000 - 0x00007ffd43be7000 	C:\WINDOWS\SYSTEM32\ntdll.dll
0x00007ffd41ff0000 - 0x00007ffd420b4000 	C:\WINDOWS\System32\KERNEL32.DLL
0x00007ffd40cb0000 - 0x00007ffd41083000 	C:\WINDOWS\System32\KERNELBASE.dll
0x00007ffd40b90000 - 0x00007ffd40ca1000 	C:\WINDOWS\System32\ucrtbase.dll
0x00007ffd22ee0000 - 0x00007ffd22ef8000 	c:\Users\Lenovo\.vscode\extensions\redhat.java-1.41.1-win32-x64\jre\21.0.6-win32-x86_64\bin\jli.dll
0x00007ffd43710000 - 0x00007ffd438c1000 	C:\WINDOWS\System32\USER32.dll
0x00007ffd41520000 - 0x00007ffd41546000 	C:\WINDOWS\System32\win32u.dll
0x00007ffd42ca0000 - 0x00007ffd42cc9000 	C:\WINDOWS\System32\GDI32.dll
0x00007ffd41400000 - 0x00007ffd4151b000 	C:\WINDOWS\System32\gdi32full.dll
0x00007ffd40af0000 - 0x00007ffd40b8a000 	C:\WINDOWS\System32\msvcp_win.dll
0x00007ffd1e590000 - 0x00007ffd1e5ae000 	c:\Users\Lenovo\.vscode\extensions\redhat.java-1.41.1-win32-x64\jre\21.0.6-win32-x86_64\bin\VCRUNTIME140.dll
0x00007ffd2dae0000 - 0x00007ffd2dd78000 	C:\WINDOWS\WinSxS\amd64_microsoft.windows.common-controls_6595b64144ccf1df_6.0.22621.5124_none_270e8f4f7386d69d\COMCTL32.dll
0x00007ffd42260000 - 0x00007ffd42307000 	C:\WINDOWS\System32\msvcrt.dll
0x00007ffd438d0000 - 0x00007ffd43901000 	C:\WINDOWS\System32\IMM32.DLL
0x00007ffd3a080000 - 0x00007ffd3a08c000 	c:\Users\Lenovo\.vscode\extensions\redhat.java-1.41.1-win32-x64\jre\21.0.6-win32-x86_64\bin\vcruntime140_1.dll
0x00007ffd1ded0000 - 0x00007ffd1df5d000 	c:\Users\Lenovo\.vscode\extensions\redhat.java-1.41.1-win32-x64\jre\21.0.6-win32-x86_64\bin\msvcp140.dll
0x00007ffceaa10000 - 0x00007ffceb7a0000 	c:\Users\Lenovo\.vscode\extensions\redhat.java-1.41.1-win32-x64\jre\21.0.6-win32-x86_64\bin\server\jvm.dll
0x00007ffd41b10000 - 0x00007ffd41bc1000 	C:\WINDOWS\System32\ADVAPI32.dll
0x00007ffd41d20000 - 0x00007ffd41dc8000 	C:\WINDOWS\System32\sechost.dll
0x00007ffd415d0000 - 0x00007ffd415f8000 	C:\WINDOWS\System32\bcrypt.dll
0x00007ffd416d0000 - 0x00007ffd417e4000 	C:\WINDOWS\System32\RPCRT4.dll
0x00007ffd43910000 - 0x00007ffd43981000 	C:\WINDOWS\System32\WS2_32.dll
0x00007ffd409c0000 - 0x00007ffd40a0d000 	C:\WINDOWS\SYSTEM32\POWRPROF.dll
0x00007ffd39800000 - 0x00007ffd39834000 	C:\WINDOWS\SYSTEM32\WINMM.dll
0x00007ffd31e60000 - 0x00007ffd31e6a000 	C:\WINDOWS\SYSTEM32\VERSION.dll
0x00007ffd409a0000 - 0x00007ffd409b3000 	C:\WINDOWS\SYSTEM32\UMPDC.dll
0x00007ffd3fb20000 - 0x00007ffd3fb38000 	C:\WINDOWS\SYSTEM32\kernel.appcore.dll
0x00007ffd2c380000 - 0x00007ffd2c38a000 	c:\Users\Lenovo\.vscode\extensions\redhat.java-1.41.1-win32-x64\jre\21.0.6-win32-x86_64\bin\jimage.dll
0x00007ffd3e530000 - 0x00007ffd3e762000 	C:\WINDOWS\SYSTEM32\DBGHELP.DLL
0x00007ffd42310000 - 0x00007ffd426a2000 	C:\WINDOWS\System32\combase.dll
0x00007ffd43570000 - 0x00007ffd43647000 	C:\WINDOWS\System32\OLEAUT32.dll
0x00007ffd2aff0000 - 0x00007ffd2b022000 	C:\WINDOWS\SYSTEM32\dbgcore.DLL
0x00007ffd41600000 - 0x00007ffd4167b000 	C:\WINDOWS\System32\bcryptPrimitives.dll
0x00007ffd2b190000 - 0x00007ffd2b19f000 	c:\Users\Lenovo\.vscode\extensions\redhat.java-1.41.1-win32-x64\jre\21.0.6-win32-x86_64\bin\instrument.dll
0x00007ffd1de80000 - 0x00007ffd1de9f000 	c:\Users\Lenovo\.vscode\extensions\redhat.java-1.41.1-win32-x64\jre\21.0.6-win32-x86_64\bin\java.dll
0x00007ffd42cd0000 - 0x00007ffd43566000 	C:\WINDOWS\System32\SHELL32.dll
0x00007ffd41090000 - 0x00007ffd411cf000 	C:\WINDOWS\System32\wintypes.dll
0x00007ffd3ea20000 - 0x00007ffd3f33a000 	C:\WINDOWS\SYSTEM32\windows.storage.dll
0x00007ffd426b0000 - 0x00007ffd427ba000 	C:\WINDOWS\System32\SHCORE.dll
0x00007ffd436a0000 - 0x00007ffd43703000 	C:\WINDOWS\System32\shlwapi.dll
0x00007ffd40a20000 - 0x00007ffd40a4b000 	C:\WINDOWS\SYSTEM32\profapi.dll
0x00007ffd1de60000 - 0x00007ffd1de78000 	c:\Users\Lenovo\.vscode\extensions\redhat.java-1.41.1-win32-x64\jre\21.0.6-win32-x86_64\bin\zip.dll
0x00007ffd27600000 - 0x00007ffd27610000 	C:\Users\Lenovo\.vscode\extensions\redhat.java-1.41.1-win32-x64\jre\21.0.6-win32-x86_64\bin\net.dll
0x00007ffd38370000 - 0x00007ffd3849c000 	C:\WINDOWS\SYSTEM32\WINHTTP.dll
0x00007ffd3ffa0000 - 0x00007ffd4000a000 	C:\WINDOWS\system32\mswsock.dll
0x00007ffd1cf20000 - 0x00007ffd1cf36000 	C:\Users\Lenovo\.vscode\extensions\redhat.java-1.41.1-win32-x64\jre\21.0.6-win32-x86_64\bin\nio.dll
0x00007ffd22ec0000 - 0x00007ffd22ed0000 	c:\Users\Lenovo\.vscode\extensions\redhat.java-1.41.1-win32-x64\jre\21.0.6-win32-x86_64\bin\verify.dll
0x00007ffd18ec0000 - 0x00007ffd18f05000 	C:\Users\Lenovo\AppData\Roaming\Code\User\globalStorage\redhat.java\1.41.1\config_win\org.eclipse.equinox.launcher\org.eclipse.equinox.launcher.win32.win32.x86_64_1.2.1300.v20250331-1702\eclipse_11911.dll
0x00007ffd41960000 - 0x00007ffd41b01000 	C:\WINDOWS\System32\ole32.dll
0x00007ffd401f0000 - 0x00007ffd4020b000 	C:\WINDOWS\SYSTEM32\CRYPTSP.dll
0x00007ffd3fa80000 - 0x00007ffd3fab7000 	C:\WINDOWS\system32\rsaenh.dll
0x00007ffd40090000 - 0x00007ffd400b8000 	C:\WINDOWS\SYSTEM32\USERENV.dll
0x00007ffd40210000 - 0x00007ffd4021c000 	C:\WINDOWS\SYSTEM32\CRYPTBASE.dll
0x00007ffd3f5e0000 - 0x00007ffd3f60d000 	C:\WINDOWS\SYSTEM32\IPHLPAPI.DLL
0x00007ffd41950000 - 0x00007ffd41959000 	C:\WINDOWS\System32\NSI.dll
0x00007ffd158d0000 - 0x00007ffd15919000 	C:\Users\Lenovo\AppData\Local\Temp\jna--2022488749\jna8812145969912205856.dll
0x00007ffd43670000 - 0x00007ffd43678000 	C:\WINDOWS\System32\PSAPI.DLL
0x00007ffd38510000 - 0x00007ffd38529000 	C:\WINDOWS\SYSTEM32\dhcpcsvc6.DLL
0x00007ffd384f0000 - 0x00007ffd3850f000 	C:\WINDOWS\SYSTEM32\dhcpcsvc.DLL

dbghelp: loaded successfully - version: 4.0.5 - missing functions: none
symbol engine: initialized successfully - sym options: 0x614 - pdb path: .;c:\Users\Lenovo\.vscode\extensions\redhat.java-1.41.1-win32-x64\jre\21.0.6-win32-x86_64\bin;C:\WINDOWS\SYSTEM32;C:\WINDOWS\WinSxS\amd64_microsoft.windows.common-controls_6595b64144ccf1df_6.0.22621.5124_none_270e8f4f7386d69d;c:\Users\Lenovo\.vscode\extensions\redhat.java-1.41.1-win32-x64\jre\21.0.6-win32-x86_64\bin\server;C:\Users\Lenovo\AppData\Roaming\Code\User\globalStorage\redhat.java\1.41.1\config_win\org.eclipse.equinox.launcher\org.eclipse.equinox.launcher.win32.win32.x86_64_1.2.1300.v20250331-1702;C:\Users\Lenovo\AppData\Local\Temp\jna--2022488749

VM Arguments:
jvm_args: --add-modules=ALL-SYSTEM --add-opens=java.base/java.util=ALL-UNNAMED --add-opens=java.base/java.lang=ALL-UNNAMED --add-opens=java.base/sun.nio.fs=ALL-UNNAMED -Declipse.application=org.eclipse.jdt.ls.core.id1 -Dosgi.bundles.defaultStartLevel=4 -Declipse.product=org.eclipse.jdt.ls.core.product -Djava.import.generatesMetadataFilesAtProjectRoot=false -DDetectVMInstallationsJob.disabled=true -Dfile.encoding=utf8 -XX:+UseParallelGC -XX:GCTimeRatio=4 -XX:AdaptiveSizePolicyWeight=90 -Dsun.zip.disableMemoryMapping=true -Xmx1G -Xms100m -Xlog:disable -javaagent:c:\Users\Lenovo\.vscode\extensions\redhat.java-1.41.1-win32-x64\lombok\lombok-1.18.36.jar -XX:+HeapDumpOnOutOfMemoryError -XX:HeapDumpPath=c:\Users\Lenovo\AppData\Roaming\Code\User\workspaceStorage\f5a3240dc06285fb28f8b563d5898278\redhat.java -Daether.dependencyCollector.impl=bf 
java_command: c:\Users\Lenovo\.vscode\extensions\redhat.java-1.41.1-win32-x64\server\plugins\org.eclipse.equinox.launcher_1.7.0.v20250331-1702.jar -configuration c:\Users\Lenovo\AppData\Roaming\Code\User\globalStorage\redhat.java\1.41.1\config_win -data c:\Users\Lenovo\AppData\Roaming\Code\User\workspaceStorage\f5a3240dc06285fb28f8b563d5898278\redhat.java\jdt_ws --pipe=\\.\pipe\lsp-0ab9a00b5bab3f8fa24150b628b1bde8-sock
java_class_path (initial): c:\Users\Lenovo\.vscode\extensions\redhat.java-1.41.1-win32-x64\server\plugins\org.eclipse.equinox.launcher_1.7.0.v20250331-1702.jar
Launcher Type: SUN_STANDARD

[Global flags]
    uintx AdaptiveSizePolicyWeight                 = 90                                        {product} {command line}
     intx CICompilerCount                          = 3                                         {product} {ergonomic}
    uintx GCTimeRatio                              = 4                                         {product} {command line}
     bool HeapDumpOnOutOfMemoryError               = true                                   {manageable} {command line}
    ccstr HeapDumpPath                             = c:\Users\Lenovo\AppData\Roaming\Code\User\workspaceStorage\f5a3240dc06285fb28f8b563d5898278\redhat.java         {manageable} {command line}
   size_t InitialHeapSize                          = 104857600                                 {product} {command line}
   size_t MaxHeapSize                              = 1073741824                                {product} {command line}
   size_t MaxNewSize                               = 357564416                                 {product} {ergonomic}
   size_t MinHeapDeltaBytes                        = 524288                                    {product} {ergonomic}
   size_t MinHeapSize                              = 104857600                                 {product} {command line}
   size_t NewSize                                  = 34603008                                  {product} {ergonomic}
    uintx NonNMethodCodeHeapSize                   = 5832780                                {pd product} {ergonomic}
    uintx NonProfiledCodeHeapSize                  = 122912730                              {pd product} {ergonomic}
   size_t OldSize                                  = 70254592                                  {product} {ergonomic}
    uintx ProfiledCodeHeapSize                     = 122912730                              {pd product} {ergonomic}
    uintx ReservedCodeCacheSize                    = 251658240                              {pd product} {ergonomic}
     bool SegmentedCodeCache                       = true                                      {product} {ergonomic}
   size_t SoftMaxHeapSize                          = 1073741824                             {manageable} {ergonomic}
     bool UseCompressedOops                        = true                           {product lp64_product} {ergonomic}
     bool UseLargePagesIndividualAllocation        = false                                  {pd product} {ergonomic}
     bool UseParallelGC                            = true                                      {product} {command line}

Logging:
Log output configuration:
 #0: stdout all=off uptime,level,tags foldmultilines=false
 #1: stderr all=off uptime,level,tags foldmultilines=false

Environment Variables:
JAVA_HOME=C:\Users\Lenovo\jdk-17.0.12_windows-x64_bin\jdk-17.0.12
CLASSPATH=C:\mysql-connector-j-9.2.0.jar;.
PATH=C:\Users\Lenovo\jdk-17.0.12_windows-x64_bin\jdk-17.0.12;C:\Program Files\MySQL\MySQL Shell 8.0\bin\;C:\Users\Lenovo\AppData\Local\Programs\Python\Python311\Scripts\;C:\Users\Lenovo\AppData\Local\Programs\Python\Python311\;C:\Users\Lenovo\AppData\Local\Microsoft\WindowsApps;C:\Users\Lenovo\AppData\Local\Programs\Microsoft VS Code\bin;C:\Users\Lenovo\AppData\Roaming\npm;C:\Program Files\nodejs;C:\Users\Lenovo\OneDrive\Desktop\java assignments;C:\Users\Lenovo\apache-maven-3.9.9\bin;C:\Users\Lenovo\jdk-17.0.12_windows-x64_bin\jdk-17.0.12\bin;
USERNAME=Lenovo
OS=Windows_NT
PROCESSOR_IDENTIFIER=Intel64 Family 6 Model 142 Stepping 12, GenuineIntel
TMP=C:\Users\Lenovo\AppData\Local\Temp
TEMP=C:\Users\Lenovo\AppData\Local\Temp




Periodic native trim disabled

---------------  S Y S T E M  ---------------

OS:
 Windows 11 , 64 bit Build 22621 (10.0.22621.5124)
OS uptime: 0 days 5:32 hours

CPU: total 4 (initial active 4) (2 cores per cpu, 2 threads per core) family 6 model 142 stepping 12 microcode 0xea, cx8, cmov, fxsr, ht, mmx, 3dnowpref, sse, sse2, sse3, ssse3, sse4.1, sse4.2, popcnt, lzcnt, tsc, tscinvbit, avx, avx2, aes, erms, clmul, bmi1, bmi2, adx, fma, vzeroupper, clflush, clflushopt, rdtscp, f16c
Processor Information for the first 4 processors :
  Max Mhz: 2592, Current Mhz: 2093, Mhz Limit: 2073

Memory: 4k page, system-wide physical 3930M (196M free)
TotalPageFile size 11430M (AvailPageFile size 3M)
current process WorkingSet (physical memory assigned to process): 243M, peak: 246M
current process commit charge ("private bytes"): 321M, peak: 322M

vm_info: OpenJDK 64-Bit Server VM (21.0.6+7-LTS) for windows-amd64 JRE (21.0.6+7-LTS), built on 2025-01-21T00:00:00Z by "admin" with MS VC++ 17.7 (VS2022)

END.
