#
# A fatal error has been detected by the Java Runtime Environment:
#
#  EXCEPTION_ACCESS_VIOLATION (0xc0000005) at pc=0x00007ffd2c381b79, pid=12808, tid=2240
#
# JRE version:  (21.0.6+7) (build )
# Java VM: OpenJDK 64-Bit Server VM (21.0.6+7-LTS, mixed mode, sharing, tiered, compressed class ptrs, unknown gc, windows-amd64)
# Problematic frame:
# C  [jimage.dll+0x1b79]
#
# No core dump will be written. Minidumps are not enabled by default on client versions of Windows
#
#

---------------  S U M M A R Y ------------

Command Line: 

Host: Intel(R) Core(TM) i3-10110U CPU @ 2.10GHz, 4 cores, 3G,  Windows 11 , 64 bit Build 22621 (10.0.22621.5124)
Time: Sun Apr 27 23:08:15 2025 India Standard Time elapsed time: 0.026177 seconds (0d 0h 0m 0s)

---------------  T H R E A D  ---------------

Current thread is native thread

Stack: [0x000000b2c4600000,0x000000b2c4700000],  sp=0x000000b2c46fdfe0,  free space=1015k
Native frames: (J=compiled Java code, j=interpreted, Vv=VM code, C=native code)
C  [jimage.dll+0x1b79]
C  [jimage.dll+0x1d03]
C  [jimage.dll+0x25c9]
V  [jvm.dll+0x21d912]
V  [jvm.dll+0xc9700]
V  [jvm.dll+0x85a59c]
V  [jvm.dll+0x45066e]
V  [jvm.dll+0x4522b1]
C  [jli.dll+0x5278]
C  [ucrtbase.dll+0x29333]
C  [KERNEL32.DLL+0x1259d]
C  [ntdll.dll+0x5af38]


siginfo: EXCEPTION_ACCESS_VIOLATION (0xc0000005), reading address 0x0000000000001604


Registers:
RAX=0x00000000000007b6, RBX=0x000000b2c46fe0d1, RCX=0x00007ffd2c386000, RDX=0x000000000000057a
RSP=0x000000b2c46fdfe0, RBP=0x000000b2c46fe0d0, RSI=0x0000000000007613, RDI=0x000000b2c46fe0d0
R8 =0x00007ffd2c384298, R9 =0x000000000000001c, R10=0x00007ffd1e590000, R11=0x00007ffd2c386000
R12=0x0000000000000000, R13=0x000000b2c46ffb60, R14=0x000000b2c46ff140, R15=0x00007ffceb4170f8
RIP=0x00007ffd2c381b79, EFLAGS=0x0000000000010247

XMM[0]=0x0000000000000000 0x0000000000000000
XMM[1]=0x2f6d762f6c616e72 0x65746e692f6b646a
XMM[2]=0x736e6f6974706f2f 0x6d762f6c616e7265
XMM[3]=0x0000000000000000 0x0000000000000000
XMM[4]=0x0000000000000000 0x0000000000000000
XMM[5]=0x0000000000000000 0x0000000000000000
XMM[6]=0x0000000000000000 0x0000000000000000
XMM[7]=0x0000000000000000 0x0000000000000000
XMM[8]=0x0000000000000000 0x0000000000000000
XMM[9]=0x0000000000000000 0x0000000000000000
XMM[10]=0x0000000000000000 0x0000000000000000
XMM[11]=0x0000000000000000 0x0000000000000000
XMM[12]=0x0000000000000000 0x0000000000000000
XMM[13]=0x0000000000000000 0x0000000000000000
XMM[14]=0x0000000000000000 0x0000000000000000
XMM[15]=0x0000000000000000 0x0000000000000000
  MXCSR=0x00001f80


Top of Stack: (sp=0x000000b2c46fdfe0)
0x000000b2c46fdfe0:   0076002e005c006f 0064006f00630073
0x000000b2c46fdff0:   00780065005c0065 0073006e00650074
0x000000b2c46fe000:   00000233765b5ce0 00007ffd2c381d03
0x000000b2c46fe010:   000000000000000b 00000233765b5ce0
0x000000b2c46fe020:   0034002e0031002d 002d0031002e0031
0x000000b2c46fe030:   0033006e00690077 00360078002d0032
0x000000b2c46fe040:   0072006a005c0034 00310032005c0065
0x000000b2c46fe050:   0036002e0030002e 006e00690077002d
0x000000b2c46fe060:   0078002d00320033 0036005f00360038
0x000000b2c46fe070:   00006c2aaf421f2e 00650073005c006e
0x000000b2c46fe080:   00007ffceb3f4ae0 0000000000000017
0x000000b2c46fe090:   00000233765b5ce0 000000b2c46ff140
0x000000b2c46fe0a0:   000000000000000b 00007ffd2c3825c9
0x000000b2c46fe0b0:   0000000000000000 0000000000000000
0x000000b2c46fe0c0:   0000000000000000 0000000000000000
0x000000b2c46fe0d0:   61622e6176616a2f 692f6b646a2f6573
0x000000b2c46fe0e0:   2f6c616e7265746e 6f6974706f2f6d76
0x000000b2c46fe0f0:   000000000000736e 0000000000000000
0x000000b2c46fe100:   0000000000000000 0000000000000000
0x000000b2c46fe110:   0000000000000000 0000000000000000
0x000000b2c46fe120:   0000000000000000 0000000000000000
0x000000b2c46fe130:   0000000000000000 0000000000000000
0x000000b2c46fe140:   0000000000000000 0000000000000000
0x000000b2c46fe150:   0000000000000000 0000000000000000
0x000000b2c46fe160:   0000000000000000 0000000000000000
0x000000b2c46fe170:   0000000000000000 0000000000000000
0x000000b2c46fe180:   0000000000000000 0000000000000000
0x000000b2c46fe190:   0000000000000000 0000000000000000
0x000000b2c46fe1a0:   0000000000000000 0000000000000000
0x000000b2c46fe1b0:   0000000000000000 0000000000000000
0x000000b2c46fe1c0:   0000000000000000 0000000000000000
0x000000b2c46fe1d0:   0000000000000000 0000000081000283 

Instructions: (pc=0x00007ffd2c381b79)
0x00007ffd2c381a79:   48 85 c9 74 1d 80 3d 8b 45 00 00 00 74 06 48 8b
0x00007ffd2c381a89:   53 18 eb 04 48 8b 53 40 e8 8e 0e 00 00 48 83 63
0x00007ffd2c381a99:   48 00 8b 4b 0c 83 f9 ff 74 09 e8 c4 0c 00 00 83
0x00007ffd2c381aa9:   4b 0c ff 48 8b 4b 70 48 85 c9 74 0f ba 10 00 00
0x00007ffd2c381ab9:   00 e8 e5 0e 00 00 48 83 63 70 00 48 83 c4 20 5b
0x00007ffd2c381ac9:   c3 cc cc 40 53 48 83 ec 20 48 8b d9 48 8d 0d 44
0x00007ffd2c381ad9:   47 00 00 e8 93 0c 00 00 83 6b 08 01 75 24 48 8b
0x00007ffd2c381ae9:   d3 48 8d 0d 27 45 00 00 e8 1a 08 00 00 48 8b cb
0x00007ffd2c381af9:   e8 d6 fe ff ff ba 78 00 00 00 48 8b cb e8 99 0e
0x00007ffd2c381b09:   00 00 48 8d 0d 0e 47 00 00 48 83 c4 20 5b e9 60
0x00007ffd2c381b19:   0c 00 00 48 89 5c 24 08 48 89 74 24 10 57 48 83
0x00007ffd2c381b29:   ec 20 41 8b f1 4d 8b c8 48 8b fa 4c 8b d9 4d 85
0x00007ffd2c381b39:   c0 74 73 85 f6 74 6f 44 8a 12 48 8d 5a 01 48 8b
0x00007ffd2c381b49:   d3 b8 93 01 00 01 eb 12 69 c0 93 01 00 01 41 0f
0x00007ffd2c381b59:   b6 ca 44 8a 12 33 c1 48 ff c2 45 84 d2 75 e9 4d
0x00007ffd2c381b69:   8b 03 33 d2 0f ba f0 1f 49 8b cb f7 f6 48 63 d2
0x00007ffd2c381b79:   41 8b 14 91 41 ff 50 08 85 c0 7e 24 8a 0f eb 10
0x00007ffd2c381b89:   69 c0 93 01 00 01 0f b6 c9 33 c1 8a 0b 48 ff c3
0x00007ffd2c381b99:   84 c9 75 ec 0f ba f0 1f 33 d2 f7 f6 8b c2 eb 09
0x00007ffd2c381ba9:   79 04 f7 d0 eb 03 83 c8 ff 48 8b 5c 24 30 48 8b
0x00007ffd2c381bb9:   74 24 38 48 83 c4 20 5f c3 cc cc 48 89 5c 24 08
0x00007ffd2c381bc9:   48 89 74 24 10 57 48 83 ec 20 48 8b f1 48 8d 0d
0x00007ffd2c381bd9:   43 46 00 00 e8 92 0b 00 00 33 ff 39 3d 2e 44 00
0x00007ffd2c381be9:   00 76 24 48 8b 05 2d 44 00 00 48 8b d6 48 8b 1c
0x00007ffd2c381bf9:   f8 48 8b 0b e8 68 1e 00 00 85 c0 74 2b ff c7 3b
0x00007ffd2c381c09:   3d 0a 44 00 00 72 dc 33 db 48 8d 0d 07 46 00 00
0x00007ffd2c381c19:   e8 5e 0b 00 00 48 8b 74 24 38 48 8b c3 48 8b 5c
0x00007ffd2c381c29:   24 30 48 83 c4 20 5f c3 ff 43 08 eb dc cc cc 48
0x00007ffd2c381c39:   89 5c 24 08 48 89 74 24 10 57 48 83 ec 20 48 8b
0x00007ffd2c381c49:   d9 48 8b f2 48 8b 49 10 49 8b f8 8b 53 30 48 8b
0x00007ffd2c381c59:   01 ff 50 20 4c 8b 43 50 48 8b d6 48 8b 4b 10 44
0x00007ffd2c381c69:   8b c8 e8 ac fe ff ff 83 f8 ff 74 38 48 8b 4b 10 



---------------  P R O C E S S  ---------------

VM state: not at safepoint (not fully initialized)

VM Mutex/Monitor currently owned by a thread: None

CDS archive(s) mapped at: [0x0000000000000000-0x0000000000000000-0x0000000000000000), size 0, SharedBaseAddress: 0x0000000800000000, ArchiveRelocationMode: 1.
Narrow klass base: 0x0000000000000000, Narrow klass shift: 0, Narrow klass range: 0x0

GC Precious Log:
<Not initialized>


Dynamic libraries:
0x00007ff682fe0000 - 0x00007ff682fee000 	c:\Users\Lenovo\.vscode\extensions\redhat.java-1.41.1-win32-x64\jre\21.0.6-win32-x86_64\bin\java.exe
0x00007ffd439d0000 - 0x00007ffd43be7000 	C:\WINDOWS\SYSTEM32\ntdll.dll
0x00007ffd41ff0000 - 0x00007ffd420b4000 	C:\WINDOWS\System32\KERNEL32.DLL
0x00007ffd40cb0000 - 0x00007ffd41083000 	C:\WINDOWS\System32\KERNELBASE.dll
0x00007ffd40b90000 - 0x00007ffd40ca1000 	C:\WINDOWS\System32\ucrtbase.dll
0x00007ffd22ee0000 - 0x00007ffd22ef8000 	c:\Users\Lenovo\.vscode\extensions\redhat.java-1.41.1-win32-x64\jre\21.0.6-win32-x86_64\bin\jli.dll
0x00007ffd43710000 - 0x00007ffd438c1000 	C:\WINDOWS\System32\USER32.dll
0x00007ffd41520000 - 0x00007ffd41546000 	C:\WINDOWS\System32\win32u.dll
0x00007ffd42ca0000 - 0x00007ffd42cc9000 	C:\WINDOWS\System32\GDI32.dll
0x00007ffd41400000 - 0x00007ffd4151b000 	C:\WINDOWS\System32\gdi32full.dll
0x00007ffd40af0000 - 0x00007ffd40b8a000 	C:\WINDOWS\System32\msvcp_win.dll
0x00007ffd1e590000 - 0x00007ffd1e5ae000 	c:\Users\Lenovo\.vscode\extensions\redhat.java-1.41.1-win32-x64\jre\21.0.6-win32-x86_64\bin\VCRUNTIME140.dll
0x00007ffd2dae0000 - 0x00007ffd2dd78000 	C:\WINDOWS\WinSxS\amd64_microsoft.windows.common-controls_6595b64144ccf1df_6.0.22621.5124_none_270e8f4f7386d69d\COMCTL32.dll
0x00007ffd42260000 - 0x00007ffd42307000 	C:\WINDOWS\System32\msvcrt.dll
0x00007ffd438d0000 - 0x00007ffd43901000 	C:\WINDOWS\System32\IMM32.DLL
0x00007ffd3a080000 - 0x00007ffd3a08c000 	c:\Users\Lenovo\.vscode\extensions\redhat.java-1.41.1-win32-x64\jre\21.0.6-win32-x86_64\bin\vcruntime140_1.dll
0x00007ffd1ded0000 - 0x00007ffd1df5d000 	c:\Users\Lenovo\.vscode\extensions\redhat.java-1.41.1-win32-x64\jre\21.0.6-win32-x86_64\bin\msvcp140.dll
0x00007ffceaa10000 - 0x00007ffceb7a0000 	c:\Users\Lenovo\.vscode\extensions\redhat.java-1.41.1-win32-x64\jre\21.0.6-win32-x86_64\bin\server\jvm.dll
0x00007ffd41b10000 - 0x00007ffd41bc1000 	C:\WINDOWS\System32\ADVAPI32.dll
0x00007ffd41d20000 - 0x00007ffd41dc8000 	C:\WINDOWS\System32\sechost.dll
0x00007ffd415d0000 - 0x00007ffd415f8000 	C:\WINDOWS\System32\bcrypt.dll
0x00007ffd416d0000 - 0x00007ffd417e4000 	C:\WINDOWS\System32\RPCRT4.dll
0x00007ffd43910000 - 0x00007ffd43981000 	C:\WINDOWS\System32\WS2_32.dll
0x00007ffd409c0000 - 0x00007ffd40a0d000 	C:\WINDOWS\SYSTEM32\POWRPROF.dll
0x00007ffd39800000 - 0x00007ffd39834000 	C:\WINDOWS\SYSTEM32\WINMM.dll
0x00007ffd31e60000 - 0x00007ffd31e6a000 	C:\WINDOWS\SYSTEM32\VERSION.dll
0x00007ffd409a0000 - 0x00007ffd409b3000 	C:\WINDOWS\SYSTEM32\UMPDC.dll
0x00007ffd3fb20000 - 0x00007ffd3fb38000 	C:\WINDOWS\SYSTEM32\kernel.appcore.dll
0x00007ffd2c380000 - 0x00007ffd2c38a000 	c:\Users\Lenovo\.vscode\extensions\redhat.java-1.41.1-win32-x64\jre\21.0.6-win32-x86_64\bin\jimage.dll
0x00007ffd3e530000 - 0x00007ffd3e762000 	C:\WINDOWS\SYSTEM32\DBGHELP.DLL
0x00007ffd42310000 - 0x00007ffd426a2000 	C:\WINDOWS\System32\combase.dll
0x00007ffd43570000 - 0x00007ffd43647000 	C:\WINDOWS\System32\OLEAUT32.dll
0x00007ffd2aff0000 - 0x00007ffd2b022000 	C:\WINDOWS\SYSTEM32\dbgcore.DLL
0x00007ffd41600000 - 0x00007ffd4167b000 	C:\WINDOWS\System32\bcryptPrimitives.dll

dbghelp: loaded successfully - version: 4.0.5 - missing functions: none
symbol engine: initialized successfully - sym options: 0x614 - pdb path: .;c:\Users\Lenovo\.vscode\extensions\redhat.java-1.41.1-win32-x64\jre\21.0.6-win32-x86_64\bin;C:\WINDOWS\SYSTEM32;C:\WINDOWS\WinSxS\amd64_microsoft.windows.common-controls_6595b64144ccf1df_6.0.22621.5124_none_270e8f4f7386d69d;c:\Users\Lenovo\.vscode\extensions\redhat.java-1.41.1-win32-x64\jre\21.0.6-win32-x86_64\bin\server

VM Arguments:
java_command: <unknown>
java_class_path (initial): <not set>
Launcher Type: SUN_STANDARD

[Global flags]
     bool UseLargePagesIndividualAllocation        = false                                  {pd product} {ergonomic}

Logging:
Log output configuration:
 #0: stdout all=warning uptime,level,tags foldmultilines=false
 #1: stderr all=off uptime,level,tags foldmultilines=false

Environment Variables:
JAVA_HOME=C:\Users\Lenovo\jdk-17.0.12_windows-x64_bin\jdk-17.0.12
CLASSPATH=C:\mysql-connector-j-9.2.0.jar;.
PATH=C:\Users\Lenovo\jdk-17.0.12_windows-x64_bin\jdk-17.0.12;C:\Program Files\MySQL\MySQL Shell 8.0\bin\;C:\Users\Lenovo\AppData\Local\Programs\Python\Python311\Scripts\;C:\Users\Lenovo\AppData\Local\Programs\Python\Python311\;C:\Users\Lenovo\AppData\Local\Microsoft\WindowsApps;C:\Users\Lenovo\AppData\Local\Programs\Microsoft VS Code\bin;C:\Users\Lenovo\AppData\Roaming\npm;C:\Program Files\nodejs;C:\Users\Lenovo\OneDrive\Desktop\java assignments;C:\Users\Lenovo\apache-maven-3.9.9\bin;C:\Users\Lenovo\jdk-17.0.12_windows-x64_bin\jdk-17.0.12\bin;
USERNAME=Lenovo
OS=Windows_NT
PROCESSOR_IDENTIFIER=Intel64 Family 6 Model 142 Stepping 12, GenuineIntel
TMP=C:\Users\Lenovo\AppData\Local\Temp
TEMP=C:\Users\Lenovo\AppData\Local\Temp




Periodic native trim disabled

---------------  S Y S T E M  ---------------

OS:
 Windows 11 , 64 bit Build 22621 (10.0.22621.5124)
OS uptime: 0 days 5:32 hours

CPU: total 4 (initial active 0) 
Processor Information for the first 4 processors :
  Max Mhz: 2592, Current Mhz: 2093, Mhz Limit: 2073

Memory: 4k page, system-wide physical 3930M (233M free)
TotalPageFile size 11430M (AvailPageFile size 12M)
current process WorkingSet (physical memory assigned to process): 8M, peak: 8M
current process commit charge ("private bytes"): 3M, peak: 3M

vm_info: OpenJDK 64-Bit Server VM (21.0.6+7-LTS) for windows-amd64 JRE (21.0.6+7-LTS), built on 2025-01-21T00:00:00Z by "admin" with MS VC++ 17.7 (VS2022)

END.
