#
# There is insufficient memory for the Java Runtime Environment to continue.
# Native memory allocation (mmap) failed to map 65011712 bytes for G1 virtual space
# Possible reasons:
#   The system is out of physical RAM or swap space
#   The process is running with CompressedOops enabled, and the Java Heap may be blocking the growth of the native heap
# Possible solutions:
#   Reduce memory load on the system
#   Increase physical memory or swap space
#   Check if swap backing store is full
#   Decrease Java heap size (-Xmx/-Xms)
#   Decrease number of Java threads
#   Decrease Java thread stack sizes (-Xss)
#   Set larger code cache with -XX:ReservedCodeCacheSize=
#   JVM is running with Unscaled Compressed Oops mode in which the Java heap is
#     placed in the first 4GB address space. The Java Heap base address is the
#     maximum limit for the native heap growth. Please use -XX:HeapBaseMinAddress
#     to set the Java Heap base and to place the Java Heap above 4GB virtual address.
# This output file may be truncated or incomplete.
#
#  Out of Memory Error (os_windows.cpp:3603), pid=9480, tid=5516
#
# JRE version:  (21.0.6+8) (build )
# Java VM: Java HotSpot(TM) 64-Bit Server VM (21.0.6+8-LTS-188, mixed mode, sharing, tiered, compressed oops, compressed class ptrs, g1 gc, windows-amd64)
# No core dump will be written. Minidumps are not enabled by default on client versions of Windows
#

---------------  S U M M A R Y ------------

Command Line: C:\Users\Lenovo\AppData\Local\Temp\surefire12703012774965331701\surefirebooter-20250429062515564_3.jar C:\Users\Lenovo\AppData\Local\Temp\surefire12703012774965331701 2025-04-29T06-25-15_342-jvmRun1 surefire-20250429062515564_1tmp surefire_0-20250429062515564_2tmp

Host: Intel(R) Core(TM) i3-10110U CPU @ 2.10GHz, 4 cores, 3G,  Windows 11 , 64 bit Build 22621 (10.0.22621.5124)
Time: Tue Apr 29 06:25:15 2025 India Standard Time elapsed time: 0.015860 seconds (0d 0h 0m 0s)

---------------  T H R E A D  ---------------

Current thread (0x000001d13e07ca70):  JavaThread "Unknown thread" [_thread_in_vm, id=5516, stack(0x0000009b04c00000,0x0000009b04d00000) (1024K)]

Stack: [0x0000009b04c00000,0x0000009b04d00000]
Native frames: (J=compiled Java code, j=interpreted, Vv=VM code, C=native code)
V  [jvm.dll+0x6ca6d9]
V  [jvm.dll+0x854f51]
V  [jvm.dll+0x85747e]
V  [jvm.dll+0x857b53]
V  [jvm.dll+0x27dcc6]
V  [jvm.dll+0x6c6e55]
V  [jvm.dll+0x6bb9da]
V  [jvm.dll+0x35393a]
V  [jvm.dll+0x35b596]
V  [jvm.dll+0x3adefe]
V  [jvm.dll+0x3ae1a8]
V  [jvm.dll+0x327cbc]
V  [jvm.dll+0x32881b]
V  [jvm.dll+0x81e309]
V  [jvm.dll+0x3babe1]
V  [jvm.dll+0x807658]
V  [jvm.dll+0x44fdae]
V  [jvm.dll+0x4519a1]
C  [jli.dll+0x52a3]
C  [ucrtbase.dll+0x29333]
C  [KERNEL32.DLL+0x1259d]
C  [ntdll.dll+0x5af38]


---------------  P R O C E S S  ---------------

Threads class SMR info:
_java_thread_list=0x00007ffaa8cdcc08, length=0, elements={
}

Java Threads: ( => current thread )
Total: 0

Other Threads:
  0x000001d14036db70 WorkerThread "GC Thread#0"                     [id=6368, stack(0x0000009b04d00000,0x0000009b04e00000) (1024K)]
  0x000001d140377010 ConcurrentGCThread "G1 Main Marker"            [id=1016, stack(0x0000009b04e00000,0x0000009b04f00000) (1024K)]
  0x000001d140377b10 WorkerThread "G1 Conc#0"                       [id=18576, stack(0x0000009b04f00000,0x0000009b05000000) (1024K)]

[error occurred during error reporting (printing all threads), id 0xc0000005, EXCEPTION_ACCESS_VIOLATION (0xc0000005) at pc=0x00007ffaa844a427]
VM state: not at safepoint (not fully initialized)

VM Mutex/Monitor currently owned by a thread:  ([mutex/lock_event])
[0x00007ffaa8d4df98] Heap_lock - owner thread: 0x000001d13e07ca70

Heap address: 0x00000000c2800000, size: 984 MB, Compressed Oops mode: 32-bit

CDS archive(s) mapped at: [0x0000000000000000-0x0000000000000000-0x0000000000000000), size 0, SharedBaseAddress: 0x0000000800000000, ArchiveRelocationMode: 1.
Narrow klass base: 0x0000000000000000, Narrow klass shift: 0, Narrow klass range: 0x0

GC Precious Log:
 CardTable entry size: 512
 Card Set container configuration: InlinePtr #cards 5 size 8 Array Of Cards #cards 12 size 40 Howl #buckets 4 coarsen threshold 1843 Howl Bitmap #cards 512 size 80 coarsen threshold 460 Card regions per heap region 1 cards per card region 2048

Heap:
 garbage-first heap   total 0K, used 0K [0x00000000c2800000, 0x0000000100000000)
  region size 1024K, 0 young (0K), 0 survivors (0K)

[error occurred during error reporting (printing heap information), id 0xc0000005, EXCEPTION_ACCESS_VIOLATION (0xc0000005) at pc=0x00007ffaa88336a9]
GC Heap History (0 events):
No events

Dll operation events (1 events):
Event: 0.007 Loaded shared library C:\Users\Lenovo\jdk-21.0.6_windows-x64_bin\jdk-21.0.6\bin\java.dll

Deoptimization events (0 events):
No events

Classes loaded (0 events):
No events

Classes unloaded (0 events):
No events

Classes redefined (0 events):
No events

Internal exceptions (0 events):
No events

ZGC Phase Switch (0 events):
No events

VM Operations (0 events):
No events

Events (0 events):
No events


Dynamic libraries:
0x00007ff78bb90000 - 0x00007ff78bba0000 	C:\Users\Lenovo\jdk-21.0.6_windows-x64_bin\jdk-21.0.6\bin\java.exe
0x00007ffb15050000 - 0x00007ffb15267000 	C:\WINDOWS\SYSTEM32\ntdll.dll
0x00007ffb14390000 - 0x00007ffb14454000 	C:\WINDOWS\System32\KERNEL32.DLL
0x00007ffb126b0000 - 0x00007ffb12a83000 	C:\WINDOWS\System32\KERNELBASE.dll
0x00007ffb12b10000 - 0x00007ffb12c21000 	C:\WINDOWS\System32\ucrtbase.dll
0x00007ffb0ed40000 - 0x00007ffb0ed59000 	C:\Users\Lenovo\jdk-21.0.6_windows-x64_bin\jdk-21.0.6\bin\jli.dll
0x00007ffb14020000 - 0x00007ffb140d1000 	C:\WINDOWS\System32\ADVAPI32.dll
0x00007ffb14f60000 - 0x00007ffb15007000 	C:\WINDOWS\System32\msvcrt.dll
0x00007ffb13dc0000 - 0x00007ffb13e68000 	C:\WINDOWS\System32\sechost.dll
0x00007ffb12c30000 - 0x00007ffb12c58000 	C:\WINDOWS\System32\bcrypt.dll
0x00007ffb14270000 - 0x00007ffb14384000 	C:\WINDOWS\System32\RPCRT4.dll
0x00007ffb14920000 - 0x00007ffb14ad1000 	C:\WINDOWS\System32\USER32.dll
0x00007ffb12680000 - 0x00007ffb126a6000 	C:\WINDOWS\System32\win32u.dll
0x00007ffb13f10000 - 0x00007ffb13f39000 	C:\WINDOWS\System32\GDI32.dll
0x00007ffb12420000 - 0x00007ffb1253b000 	C:\WINDOWS\System32\gdi32full.dll
0x00007ffb12c60000 - 0x00007ffb12cfa000 	C:\WINDOWS\System32\msvcp_win.dll
0x00007ffb0eba0000 - 0x00007ffb0ebbb000 	C:\Users\Lenovo\jdk-21.0.6_windows-x64_bin\jdk-21.0.6\bin\VCRUNTIME140.dll
0x00007ffaff3f0000 - 0x00007ffaff688000 	C:\WINDOWS\WinSxS\amd64_microsoft.windows.common-controls_6595b64144ccf1df_6.0.22621.5124_none_270e8f4f7386d69d\COMCTL32.dll
0x00007ffb09f00000 - 0x00007ffb09f0a000 	C:\WINDOWS\SYSTEM32\VERSION.dll
0x00007ffb14b90000 - 0x00007ffb14bc1000 	C:\WINDOWS\System32\IMM32.DLL
0x00007ffb0f3c0000 - 0x00007ffb0f3cc000 	C:\Users\Lenovo\jdk-21.0.6_windows-x64_bin\jdk-21.0.6\bin\vcruntime140_1.dll
0x00007ffb00070000 - 0x00007ffb000fe000 	C:\Users\Lenovo\jdk-21.0.6_windows-x64_bin\jdk-21.0.6\bin\msvcp140.dll
0x00007ffaa8110000 - 0x00007ffaa8e2a000 	C:\Users\Lenovo\jdk-21.0.6_windows-x64_bin\jdk-21.0.6\bin\server\jvm.dll
0x00007ffb14ce0000 - 0x00007ffb14d51000 	C:\WINDOWS\System32\WS2_32.dll
0x00007ffb12040000 - 0x00007ffb1208d000 	C:\WINDOWS\SYSTEM32\POWRPROF.dll
0x00007ffb0e600000 - 0x00007ffb0e634000 	C:\WINDOWS\SYSTEM32\WINMM.dll
0x00007ffb12020000 - 0x00007ffb12033000 	C:\WINDOWS\SYSTEM32\UMPDC.dll
0x00007ffb111a0000 - 0x00007ffb111b8000 	C:\WINDOWS\SYSTEM32\kernel.appcore.dll
0x00007ffb0eb40000 - 0x00007ffb0eb4a000 	C:\Users\Lenovo\jdk-21.0.6_windows-x64_bin\jdk-21.0.6\bin\jimage.dll
0x00007ffb090c0000 - 0x00007ffb092f2000 	C:\WINDOWS\SYSTEM32\DBGHELP.DLL
0x00007ffb14460000 - 0x00007ffb147f2000 	C:\WINDOWS\System32\combase.dll
0x00007ffb140e0000 - 0x00007ffb141b7000 	C:\WINDOWS\System32\OLEAUT32.dll
0x00007ffaface0000 - 0x00007ffafad12000 	C:\WINDOWS\SYSTEM32\dbgcore.DLL
0x00007ffb12230000 - 0x00007ffb122ab000 	C:\WINDOWS\System32\bcryptPrimitives.dll
0x00007ffb0e790000 - 0x00007ffb0e7af000 	C:\Users\Lenovo\jdk-21.0.6_windows-x64_bin\jdk-21.0.6\bin\java.dll

dbghelp: loaded successfully - version: 4.0.5 - missing functions: none
symbol engine: initialized successfully - sym options: 0x614 - pdb path: .;C:\Users\Lenovo\jdk-21.0.6_windows-x64_bin\jdk-21.0.6\bin;C:\WINDOWS\SYSTEM32;C:\WINDOWS\WinSxS\amd64_microsoft.windows.common-controls_6595b64144ccf1df_6.0.22621.5124_none_270e8f4f7386d69d;C:\Users\Lenovo\jdk-21.0.6_windows-x64_bin\jdk-21.0.6\bin\server

VM Arguments:
java_command: C:\Users\Lenovo\AppData\Local\Temp\surefire12703012774965331701\surefirebooter-20250429062515564_3.jar C:\Users\Lenovo\AppData\Local\Temp\surefire12703012774965331701 2025-04-29T06-25-15_342-jvmRun1 surefire-20250429062515564_1tmp surefire_0-20250429062515564_2tmp
java_class_path (initial): C:\Users\Lenovo\AppData\Local\Temp\surefire12703012774965331701\surefirebooter-20250429062515564_3.jar
Launcher Type: SUN_STANDARD

[Global flags]
     intx CICompilerCount                          = 3                                         {product} {ergonomic}
     uint ConcGCThreads                            = 1                                         {product} {ergonomic}
     uint G1ConcRefinementThreads                  = 4                                         {product} {ergonomic}
   size_t G1HeapRegionSize                         = 1048576                                   {product} {ergonomic}
    uintx GCDrainStackTargetSize                   = 64                                        {product} {ergonomic}
   size_t InitialHeapSize                          = 65011712                                  {product} {ergonomic}
   size_t MarkStackSize                            = 4194304                                   {product} {ergonomic}
   size_t MaxHeapSize                              = 1031798784                                {product} {ergonomic}
   size_t MinHeapDeltaBytes                        = 1048576                                   {product} {ergonomic}
   size_t MinHeapSize                              = 8388608                                   {product} {ergonomic}
    uintx NonNMethodCodeHeapSize                   = 5832780                                {pd product} {ergonomic}
    uintx NonProfiledCodeHeapSize                  = 122912730                              {pd product} {ergonomic}
    uintx ProfiledCodeHeapSize                     = 122912730                              {pd product} {ergonomic}
    uintx ReservedCodeCacheSize                    = 251658240                              {pd product} {ergonomic}
     bool SegmentedCodeCache                       = true                                      {product} {ergonomic}
   size_t SoftMaxHeapSize                          = 1031798784                             {manageable} {ergonomic}
     bool UseCompressedOops                        = true                           {product lp64_product} {ergonomic}
     bool UseG1GC                                  = true                                      {product} {ergonomic}
     bool UseLargePagesIndividualAllocation        = false                                  {pd product} {ergonomic}

Logging:
Log output configuration:
 #0: stdout all=warning uptime,level,tags foldmultilines=false
 #1: stderr all=off uptime,level,tags foldmultilines=false

Environment Variables:
JAVA_HOME=C:\Users\Lenovo\jdk-21.0.6_windows-x64_bin\jdk-21.0.6
CLASSPATH=C:\mysql-connector-j-9.2.0.jar;.
PATH=C:\Users\Lenovo\jdk-21.0.6_windows-x64_bin\jdk-21.0.6\bin;C:\Users\Lenovo\jdk-17.0.12_windows-x64_bin\jdk-17.0.12;C:\Program Files\MySQL\MySQL Shell 8.0\bin\;C:\Users\Lenovo\AppData\Local\Microsoft\WindowsApps;C:\Users\Lenovo\AppData\Local\Programs\Microsoft VS Code\bin;C:\Users\Lenovo\AppData\Roaming\npm;C:\Program Files\nodejs;C:\Users\Lenovo\OneDrive\Desktop\java assignments;C:\Users\Lenovo\apache-maven-3.9.9\bin;C:\Users\Lenovo\jdk-21.0.6_windows-x64_bin\jdk-21.0.6\bin;C:\Program Files\JetBrains\IntelliJ IDEA Community Edition 2025.1\bin;;C:\Users\Lenovo\apache-maven-3.9.9\bin;
USERNAME=Lenovo
TERM=xterm
OS=Windows_NT
PROCESSOR_IDENTIFIER=Intel64 Family 6 Model 142 Stepping 12, GenuineIntel
TMP=C:\Users\Lenovo\AppData\Local\Temp
TEMP=C:\Users\Lenovo\AppData\Local\Temp




Periodic native trim disabled

---------------  S Y S T E M  ---------------

OS:
 Windows 11 , 64 bit Build 22621 (10.0.22621.5124)
OS uptime: 0 days 18:06 hours

CPU: total 4 (initial active 4) (2 cores per cpu, 2 threads per core) family 6 model 142 stepping 12 microcode 0xea, cx8, cmov, fxsr, ht, mmx, 3dnowpref, sse, sse2, sse3, ssse3, sse4.1, sse4.2, popcnt, lzcnt, tsc, tscinvbit, avx, avx2, aes, erms, clmul, bmi1, bmi2, adx, fma, vzeroupper, clflush, clflushopt, rdtscp, f16c
Processor Information for all 4 processors :
  Max Mhz: 2592, Current Mhz: 2093, Mhz Limit: 2073

Memory: 4k page, system-wide physical 3930M (231M free)
TotalPageFile size 11430M (AvailPageFile size 13M)
current process WorkingSet (physical memory assigned to process): 10M, peak: 10M
current process commit charge ("private bytes"): 51M, peak: 113M

vm_info: Java HotSpot(TM) 64-Bit Server VM (21.0.6+8-LTS-188) for windows-amd64 JRE (21.0.6+8-LTS-188), built on 2024-12-03T10:50:54Z by "mach5one" with MS VC++ 17.6 (VS2022)

END.
