#
# There is insufficient memory for the Java Runtime Environment to continue.
# Native memory allocation (malloc) failed to allocate 339216 bytes. Error detail: Chunk::new
# Possible reasons:
#   The system is out of physical RAM or swap space
#   This process is running with CompressedOops enabled, and the Java Heap may be blocking the growth of the native heap
# Possible solutions:
#   Reduce memory load on the system
#   Increase physical memory or swap space
#   Check if swap backing store is full
#   Decrease Java heap size (-Xmx/-Xms)
#   Decrease number of Java threads
#   Decrease Java thread stack sizes (-Xss)
#   Set larger code cache with -XX:ReservedCodeCacheSize=
#   JVM is running with Unscaled Compressed Oops mode in which the Java heap is
#     placed in the first 4GB address space. The Java Heap base address is the
#     maximum limit for the native heap growth. Please use -XX:HeapBaseMinAddress
#     to set the Java Heap base and to place the Java Heap above 4GB virtual address.
# This output file may be truncated or incomplete.
#
#  Out of Memory Error (arena.cpp:168), pid=12484, tid=14640
#
# JRE version: OpenJDK Runtime Environment Temurin-21.0.6+7 (21.0.6+7) (build 21.0.6+7-LTS)
# Java VM: OpenJDK 64-Bit Server VM Temurin-21.0.6+7 (21.0.6+7-LTS, mixed mode, sharing, tiered, compressed oops, compressed class ptrs, parallel gc, windows-amd64)
# No core dump will be written. Minidumps are not enabled by default on client versions of Windows
#

---------------  S U M M A R Y ------------

Command Line: --add-modules=ALL-SYSTEM --add-opens=java.base/java.util=ALL-UNNAMED --add-opens=java.base/java.lang=ALL-UNNAMED --add-opens=java.base/sun.nio.fs=ALL-UNNAMED -Declipse.application=org.eclipse.jdt.ls.core.id1 -Dosgi.bundles.defaultStartLevel=4 -Declipse.product=org.eclipse.jdt.ls.core.product -Djava.import.generatesMetadataFilesAtProjectRoot=false -DDetectVMInstallationsJob.disabled=true -Dfile.encoding=utf8 -XX:+UseParallelGC -XX:GCTimeRatio=4 -XX:AdaptiveSizePolicyWeight=90 -Dsun.zip.disableMemoryMapping=true -Xmx1G -Xms100m -Xlog:disable -javaagent:c:\Users\Lenovo\.vscode\extensions\redhat.java-1.41.1-win32-x64\lombok\lombok-1.18.36.jar -XX:+HeapDumpOnOutOfMemoryError -XX:HeapDumpPath=c:\Users\Lenovo\AppData\Roaming\Code\User\workspaceStorage\f5a3240dc06285fb28f8b563d5898278\redhat.java -Daether.dependencyCollector.impl=bf c:\Users\Lenovo\.vscode\extensions\redhat.java-1.41.1-win32-x64\server\plugins\org.eclipse.equinox.launcher_1.7.0.v20250331-1702.jar -configuration c:\Users\Lenovo\AppData\Roaming\Code\User\globalStorage\redhat.java\1.41.1\config_win -data c:\Users\Lenovo\AppData\Roaming\Code\User\workspaceStorage\f5a3240dc06285fb28f8b563d5898278\redhat.java\jdt_ws --pipe=\\.\pipe\lsp-72f0049459a10830c39a720196ec4384-sock

Host: Intel(R) Core(TM) i3-10110U CPU @ 2.10GHz, 4 cores, 3G,  Windows 11 , 64 bit Build 22621 (10.0.22621.5124)
Time: Mon Apr 28 21:17:11 2025 India Standard Time elapsed time: 77.488475 seconds (0d 0h 1m 17s)

---------------  T H R E A D  ---------------

Current thread (0x0000024d23c96fb0):  JavaThread "C2 CompilerThread0" daemon [_thread_in_native, id=14640, stack(0x000000a09f800000,0x000000a09f900000) (1024K)]


Current CompileTask:
C2:77488 10299       4       org.eclipse.core.runtime.Path::computeSegments (163 bytes)

Stack: [0x000000a09f800000,0x000000a09f900000]
Native frames: (J=compiled Java code, j=interpreted, Vv=VM code, C=native code)
V  [jvm.dll+0x6cdee9]
V  [jvm.dll+0x8a83d1]
V  [jvm.dll+0x8aa8fe]
V  [jvm.dll+0x8aafe3]
V  [jvm.dll+0x27f706]
V  [jvm.dll+0xc500d]
V  [jvm.dll+0xc5543]
V  [jvm.dll+0x3b6752]
V  [jvm.dll+0x382935]
V  [jvm.dll+0x381d9a]
V  [jvm.dll+0x2479f0]
V  [jvm.dll+0x246fcf]
V  [jvm.dll+0x1c75ee]
V  [jvm.dll+0x25685a]
V  [jvm.dll+0x254dfa]
V  [jvm.dll+0x3f0256]
V  [jvm.dll+0x851f8b]
V  [jvm.dll+0x6cc5ed]
C  [ucrtbase.dll+0x29333]
C  [KERNEL32.DLL+0x1259d]
C  [ntdll.dll+0x5af38]


---------------  P R O C E S S  ---------------

Threads class SMR info:
_java_thread_list=0x0000024d6c3aff40, length=51, elements={
0x0000024d0f95c330, 0x0000024d23c8b9a0, 0x0000024d23c8d530, 0x0000024d23c90850,
0x0000024d23c91760, 0x0000024d23c93520, 0x0000024d23c94170, 0x0000024d23c96fb0,
0x0000024d23d08570, 0x0000024d65b00630, 0x0000024d65d36360, 0x0000024d6a4f47e0,
0x0000024d65d055f0, 0x0000024d6a479b50, 0x0000024d6a480350, 0x0000024d6aba8bb0,
0x0000024d6aab5c10, 0x0000024d6a182a50, 0x0000024d6a185ed0, 0x0000024d6a183e00,
0x0000024d6a184b20, 0x0000024d6a1830e0, 0x0000024d6a183770, 0x0000024d6c51bed0,
0x0000024d6c51ecc0, 0x0000024d6c51c560, 0x0000024d6c51cbf0, 0x0000024d6c520070,
0x0000024d6c51a490, 0x0000024d6c5190e0, 0x0000024d6c51d280, 0x0000024d6c520700,
0x0000024d6c519770, 0x0000024d6c519e00, 0x0000024d6c51ab20, 0x0000024d6c51b840,
0x0000024d6c51d910, 0x0000024d6c51dfa0, 0x0000024d6c464740, 0x0000024d6c45f880,
0x0000024d6c4605a0, 0x0000024d6c4612c0, 0x0000024d6c45e4d0, 0x0000024d6c463390,
0x0000024d6c464dd0, 0x0000024d6c461fe0, 0x0000024d6c463a20, 0x0000024d6c462d00,
0x0000024d6c465460, 0x0000024d6c45eb60, 0x0000024d6c45de40
}

Java Threads: ( => current thread )
  0x0000024d0f95c330 JavaThread "main"                              [_thread_blocked, id=13364, stack(0x000000a09ee00000,0x000000a09ef00000) (1024K)]
  0x0000024d23c8b9a0 JavaThread "Reference Handler"          daemon [_thread_blocked, id=15164, stack(0x000000a09f200000,0x000000a09f300000) (1024K)]
  0x0000024d23c8d530 JavaThread "Finalizer"                  daemon [_thread_blocked, id=17436, stack(0x000000a09f300000,0x000000a09f400000) (1024K)]
  0x0000024d23c90850 JavaThread "Signal Dispatcher"          daemon [_thread_blocked, id=10064, stack(0x000000a09f400000,0x000000a09f500000) (1024K)]
  0x0000024d23c91760 JavaThread "Attach Listener"            daemon [_thread_blocked, id=9464, stack(0x000000a09f500000,0x000000a09f600000) (1024K)]
  0x0000024d23c93520 JavaThread "Service Thread"             daemon [_thread_blocked, id=16204, stack(0x000000a09f600000,0x000000a09f700000) (1024K)]
  0x0000024d23c94170 JavaThread "Monitor Deflation Thread"   daemon [_thread_blocked, id=13224, stack(0x000000a09f700000,0x000000a09f800000) (1024K)]
=>0x0000024d23c96fb0 JavaThread "C2 CompilerThread0"         daemon [_thread_in_native, id=14640, stack(0x000000a09f800000,0x000000a09f900000) (1024K)]
  0x0000024d23d08570 JavaThread "C1 CompilerThread0"         daemon [_thread_blocked, id=13180, stack(0x000000a09f900000,0x000000a09fa00000) (1024K)]
  0x0000024d65b00630 JavaThread "Common-Cleaner"             daemon [_thread_blocked, id=17296, stack(0x000000a09fa00000,0x000000a09fb00000) (1024K)]
  0x0000024d65d36360 JavaThread "Notification Thread"        daemon [_thread_blocked, id=16408, stack(0x000000a09fb00000,0x000000a09fc00000) (1024K)]
  0x0000024d6a4f47e0 JavaThread "Active Thread: Equinox Container: 06595e2c-d0bc-4a0d-b972-93121a1718a6"        [_thread_blocked, id=15760, stack(0x000000a09ff00000,0x000000a0a0000000) (1024K)]
  0x0000024d65d055f0 JavaThread "Refresh Thread: Equinox Container: 06595e2c-d0bc-4a0d-b972-93121a1718a6" daemon [_thread_blocked, id=10348, stack(0x000000a0a0000000,0x000000a0a0100000) (1024K)]
  0x0000024d6a479b50 JavaThread "Framework Event Dispatcher: Equinox Container: 06595e2c-d0bc-4a0d-b972-93121a1718a6" daemon [_thread_blocked, id=4340, stack(0x000000a0a0100000,0x000000a0a0200000) (1024K)]
  0x0000024d6a480350 JavaThread "Start Level: Equinox Container: 06595e2c-d0bc-4a0d-b972-93121a1718a6" daemon [_thread_blocked, id=12832, stack(0x000000a0a0200000,0x000000a0a0300000) (1024K)]
  0x0000024d6aba8bb0 JavaThread "Bundle File Closer"         daemon [_thread_blocked, id=10072, stack(0x000000a0a0300000,0x000000a0a0400000) (1024K)]
  0x0000024d6aab5c10 JavaThread "SCR Component Actor"        daemon [_thread_blocked, id=5324, stack(0x000000a0a0400000,0x000000a0a0500000) (1024K)]
  0x0000024d6a182a50 JavaThread "Worker-JM"                         [_thread_blocked, id=16884, stack(0x000000a0a0600000,0x000000a0a0700000) (1024K)]
  0x0000024d6a185ed0 JavaThread "JNA Cleaner"                daemon [_thread_blocked, id=11228, stack(0x000000a0a0700000,0x000000a0a0800000) (1024K)]
  0x0000024d6a183e00 JavaThread "Worker-0: Initialize workspace"        [_thread_blocked, id=13136, stack(0x000000a0a0800000,0x000000a0a0900000) (1024K)]
  0x0000024d6a184b20 JavaThread "Worker-1: Synchronizing projects"        [_thread_blocked, id=6856, stack(0x000000a0a0900000,0x000000a0a0a00000) (1024K)]
  0x0000024d6a1830e0 JavaThread "Worker-2: Update Installed JREs"        [_thread_blocked, id=15176, stack(0x000000a0a0a00000,0x000000a0a0b00000) (1024K)]
  0x0000024d6a183770 JavaThread "Worker-3: Update Installed JREs"        [_thread_blocked, id=15144, stack(0x000000a0a0b00000,0x000000a0a0c00000) (1024K)]
  0x0000024d6c51bed0 JavaThread "Java indexing"              daemon [_thread_blocked, id=16828, stack(0x000000a0a0c00000,0x000000a0a0d00000) (1024K)]
  0x0000024d6c51ecc0 JavaThread "Worker-4: Publish Diagnostics"        [_thread_blocked, id=6496, stack(0x000000a0a0d00000,0x000000a0a0e00000) (1024K)]
  0x0000024d6c51c560 JavaThread "Worker-5: Initialize Workspace"        [_thread_blocked, id=14128, stack(0x000000a0a0e00000,0x000000a0a0f00000) (1024K)]
  0x0000024d6c51cbf0 JavaThread "Worker-6"                          [_thread_blocked, id=8232, stack(0x000000a0a0f00000,0x000000a0a1000000) (1024K)]
  0x0000024d6c520070 JavaThread "Worker-7: Refreshing workspace"        [_thread_blocked, id=18168, stack(0x000000a0a1000000,0x000000a0a1100000) (1024K)]
  0x0000024d6c51a490 JavaThread "Thread-2"                   daemon [_thread_in_native, id=13468, stack(0x000000a0a1100000,0x000000a0a1200000) (1024K)]
  0x0000024d6c5190e0 JavaThread "Worker-8: Java indexing... "        [_thread_blocked, id=2332, stack(0x000000a0a1200000,0x000000a0a1300000) (1024K)]
  0x0000024d6c51d280 JavaThread "Thread-3"                   daemon [_thread_in_native, id=18260, stack(0x000000a0a1300000,0x000000a0a1400000) (1024K)]
  0x0000024d6c520700 JavaThread "Thread-4"                   daemon [_thread_in_native, id=9264, stack(0x000000a0a1400000,0x000000a0a1500000) (1024K)]
  0x0000024d6c519770 JavaThread "Thread-5"                   daemon [_thread_in_native, id=6032, stack(0x000000a0a1500000,0x000000a0a1600000) (1024K)]
  0x0000024d6c519e00 JavaThread "Thread-6"                   daemon [_thread_in_native, id=12336, stack(0x000000a0a1600000,0x000000a0a1700000) (1024K)]
  0x0000024d6c51ab20 JavaThread "pool-2-thread-1"                   [_thread_blocked, id=3268, stack(0x000000a0a1700000,0x000000a0a1800000) (1024K)]
  0x0000024d6c51b840 JavaThread "Worker-9: Update Maven project configuration"        [_thread_in_native, id=9188, stack(0x000000a0a1800000,0x000000a0a1900000) (1024K)]
  0x0000024d6c51d910 JavaThread "WorkspaceEventsHandler"            [_thread_blocked, id=16756, stack(0x000000a0a1900000,0x000000a0a1a00000) (1024K)]
  0x0000024d6c51dfa0 JavaThread "pool-1-thread-1"                   [_thread_blocked, id=5924, stack(0x000000a0a1a00000,0x000000a0a1b00000) (1024K)]
  0x0000024d6c464740 JavaThread "LocalFile Deleter"          daemon [_thread_blocked, id=16420, stack(0x000000a0a0500000,0x000000a0a0600000) (1024K)]
  0x0000024d6c45f880 JavaThread "LocalFile Deleter"          daemon [_thread_blocked, id=12648, stack(0x000000a0a1b00000,0x000000a0a1c00000) (1024K)]
  0x0000024d6c4605a0 JavaThread "LocalFile Deleter"          daemon [_thread_blocked, id=5732, stack(0x000000a0a1c00000,0x000000a0a1d00000) (1024K)]
  0x0000024d6c4612c0 JavaThread "LocalFile Deleter"          daemon [_thread_blocked, id=2316, stack(0x000000a0a1d00000,0x000000a0a1e00000) (1024K)]
  0x0000024d6c45e4d0 JavaThread "Compiler Source File Reader" daemon [_thread_blocked, id=16400, stack(0x000000a0a1e00000,0x000000a0a1f00000) (1024K)]
  0x0000024d6c463390 JavaThread "Compiler Source File Reader" daemon [_thread_blocked, id=14484, stack(0x000000a0a1f00000,0x000000a0a2000000) (1024K)]
  0x0000024d6c464dd0 JavaThread "Compiler Processing Task"   daemon [_thread_blocked, id=16300, stack(0x000000a0a2000000,0x000000a0a2100000) (1024K)]
  0x0000024d6c461fe0 JavaThread "Compiler Class File Writer" daemon [_thread_blocked, id=8292, stack(0x000000a0a2100000,0x000000a0a2200000) (1024K)]
  0x0000024d6c463a20 JavaThread "Compiler Class File Writer" daemon [_thread_blocked, id=18368, stack(0x000000a0a2200000,0x000000a0a2300000) (1024K)]
  0x0000024d6c462d00 JavaThread "ForkJoinPool.commonPool-worker-1" daemon [_thread_blocked, id=8256, stack(0x000000a0a2800000,0x000000a0a2900000) (1024K)]
  0x0000024d6c465460 JavaThread "ForkJoinPool.commonPool-worker-2" daemon [_thread_in_Java, id=14004, stack(0x000000a0a2900000,0x000000a0a2a00000) (1024K)]
  0x0000024d6c45eb60 JavaThread "ForkJoinPool.commonPool-worker-3" daemon [_thread_in_Java, id=12552, stack(0x000000a0a2a00000,0x000000a0a2b00000) (1024K)]
  0x0000024d6c45de40 JavaThread "Worker-10"                         [_thread_blocked, id=16800, stack(0x000000a0a2300000,0x000000a0a2400000) (1024K)]
Total: 51

Other Threads:
  0x0000024d23c70190 VMThread "VM Thread"                           [id=17788, stack(0x000000a09f100000,0x000000a09f200000) (1024K)]
  0x0000024d23c2ca10 WatcherThread "VM Periodic Task Thread"        [id=15052, stack(0x000000a09f000000,0x000000a09f100000) (1024K)]
  0x0000024d0f97c4f0 WorkerThread "GC Thread#0"                     [id=14276, stack(0x000000a09ef00000,0x000000a09f000000) (1024K)]
  0x0000024d65d6d980 WorkerThread "GC Thread#1"                     [id=17452, stack(0x000000a09fc00000,0x000000a09fd00000) (1024K)]
  0x0000024d65d6dd20 WorkerThread "GC Thread#2"                     [id=4844, stack(0x000000a09fd00000,0x000000a09fe00000) (1024K)]
  0x0000024d65d6e0c0 WorkerThread "GC Thread#3"                     [id=8284, stack(0x000000a09fe00000,0x000000a09ff00000) (1024K)]
Total: 6

Threads with active compile tasks:
C2 CompilerThread0  77521 10299       4       org.eclipse.core.runtime.Path::computeSegments (163 bytes)
Total: 1

VM state: not at safepoint (normal execution)

VM Mutex/Monitor currently owned by a thread:  ([mutex/lock_event])
[0x00007ffa9c49e480] Heap_lock - owner thread: 0x0000024d6c51ecc0

Heap address: 0x00000000c0000000, size: 1024 MB, Compressed Oops mode: 32-bit

CDS archive(s) mapped at: [0x0000024d24000000-0x0000024d24ba0000-0x0000024d24ba0000), size 12189696, SharedBaseAddress: 0x0000024d24000000, ArchiveRelocationMode: 1.
Compressed class space mapped at: 0x0000024d25000000-0x0000024d65000000, reserved size: 1073741824
Narrow klass base: 0x0000024d24000000, Narrow klass shift: 0, Narrow klass range: 0x100000000

GC Precious Log:
 CardTable entry size: 512
 CPUs: 4 total, 4 available
 Memory: 3930M
 Large Page Support: Disabled
 NUMA Support: Disabled
 Compressed Oops: Enabled (32-bit)
 Alignments: Space 512K, Generation 512K, Heap 2M
 Heap Min Capacity: 100M
 Heap Initial Capacity: 100M
 Heap Max Capacity: 1G
 Pre-touch: Disabled
 Parallel Workers: 4

Heap:
 PSYoungGen      total 19968K, used 2652K [0x00000000eab00000, 0x00000000ec000000, 0x0000000100000000)
  eden space 19456K, 11% used [0x00000000eab00000,0x00000000ead37358,0x00000000ebe00000)
  from space 512K, 75% used [0x00000000ebf80000,0x00000000ebfe0000,0x00000000ec000000)
  to   space 1024K, 0% used [0x00000000ebe00000,0x00000000ebe00000,0x00000000ebf00000)
 ParOldGen       total 68608K, used 40388K [0x00000000c0000000, 0x00000000c4300000, 0x00000000eab00000)
  object space 68608K, 58% used [0x00000000c0000000,0x00000000c2771348,0x00000000c4300000)
 Metaspace       used 62030K, committed 63488K, reserved 1114112K
  class space    used 6405K, committed 7040K, reserved 1048576K

Card table byte_map: [0x0000024d0f300000,0x0000024d0f510000] _byte_map_base: 0x0000024d0ed00000

Marking Bits: (ParMarkBitMap*) 0x00007ffa9c4a3260
 Begin Bits: [0x0000024d21b50000, 0x0000024d22b50000)
 End Bits:   [0x0000024d22b50000, 0x0000024d23b50000)

Polling page: 0x0000024d0d820000

Metaspace:

Usage:
  Non-class:     54.32 MB used.
      Class:      6.26 MB used.
       Both:     60.58 MB used.

Virtual space:
  Non-class space:       64.00 MB reserved,      55.12 MB ( 86%) committed,  1 nodes.
      Class space:        1.00 GB reserved,       6.88 MB ( <1%) committed,  1 nodes.
             Both:        1.06 GB reserved,      62.00 MB (  6%) committed. 

Chunk freelists:
   Non-Class:  8.75 MB
       Class:  9.17 MB
        Both:  17.92 MB

MaxMetaspaceSize: unlimited
CompressedClassSpaceSize: 1.00 GB
Initial GC threshold: 21.00 MB
Current GC threshold: 97.31 MB
CDS: on
 - commit_granule_bytes: 65536.
 - commit_granule_words: 8192.
 - virtual_space_node_default_size: 8388608.
 - enlarge_chunks_in_place: 1.
 - use_allocation_guard: 0.


Internal statistics:

num_allocs_failed_limit: 9.
num_arena_births: 1158.
num_arena_deaths: 14.
num_vsnodes_births: 2.
num_vsnodes_deaths: 0.
num_space_committed: 992.
num_space_uncommitted: 0.
num_chunks_returned_to_freelist: 23.
num_chunks_taken_from_freelist: 4083.
num_chunk_merges: 12.
num_chunk_splits: 2513.
num_chunks_enlarged: 1407.
num_inconsistent_stats: 0.

CodeHeap 'non-profiled nmethods': size=120000Kb used=5317Kb max_used=5317Kb free=114682Kb
 bounds [0x0000024d1a620000, 0x0000024d1ab60000, 0x0000024d21b50000]
CodeHeap 'profiled nmethods': size=120000Kb used=20864Kb max_used=20864Kb free=99136Kb
 bounds [0x0000024d12b50000, 0x0000024d13fc0000, 0x0000024d1a080000]
CodeHeap 'non-nmethods': size=5760Kb used=1428Kb max_used=1487Kb free=4331Kb
 bounds [0x0000024d1a080000, 0x0000024d1a2f0000, 0x0000024d1a620000]
 total_blobs=10202 nmethods=9454 adapters=654
 compilation: enabled
              stopped_count=0, restarted_count=0
 full_count=0

Compilation events (20 events):
Event: 77.457 Thread 0x0000024d23d08570 10315       3       java.lang.invoke.LambdaForm$MH/0x0000024d254ee800::linkToTargetMethod (10 bytes)
Event: 77.457 Thread 0x0000024d23d08570 nmethod 10315 0x0000024d13fad190 code [0x0000024d13fad360, 0x0000024d13fad738]
Event: 77.457 Thread 0x0000024d23d08570 10316       3       java.lang.runtime.ObjectMethods::eq (11 bytes)
Event: 77.458 Thread 0x0000024d23d08570 nmethod 10316 0x0000024d13fad810 code [0x0000024d13fad9a0, 0x0000024d13fadae0]
Event: 77.458 Thread 0x0000024d23d08570 10317       3       java.lang.invoke.LambdaForm$MH/0x0000024d254ecc00::invoke (27 bytes)
Event: 77.458 Thread 0x0000024d23d08570 nmethod 10317 0x0000024d13fadb90 code [0x0000024d13fadd60, 0x0000024d13fae230]
Event: 77.465 Thread 0x0000024d23d08570 10318   !   3       org.eclipse.m2e.core.internal.embedder.PlexusContainerManager::cleanup (36 bytes)
Event: 77.465 Thread 0x0000024d23d08570 nmethod 10318 0x0000024d13fae390 code [0x0000024d13fae580, 0x0000024d13faea78]
Event: 77.468 Thread 0x0000024d23c96fb0 nmethod 10280 0x0000024d1ab4ee90 code [0x0000024d1ab4f120, 0x0000024d1ab50028]
Event: 77.468 Thread 0x0000024d23c96fb0 10299       4       org.eclipse.core.runtime.Path::computeSegments (163 bytes)
Event: 77.474 Thread 0x0000024d23d08570 10319       1       org.eclipse.m2e.jdt.internal.ClasspathEntryDescriptor::getSourceAttachmentPath (5 bytes)
Event: 77.474 Thread 0x0000024d23d08570 nmethod 10319 0x0000024d1ab50b90 code [0x0000024d1ab50d20, 0x0000024d1ab50de8]
Event: 77.475 Thread 0x0000024d23d08570 10320       1       org.eclipse.m2e.jdt.internal.ClasspathEntryDescriptor::getArtifactKey (5 bytes)
Event: 77.475 Thread 0x0000024d23d08570 nmethod 10320 0x0000024d1ab50e90 code [0x0000024d1ab51020, 0x0000024d1ab510e8]
Event: 77.481 Thread 0x0000024d23d08570 10321       2       java.util.LinkedHashMap::<init> (21 bytes)
Event: 77.482 Thread 0x0000024d23d08570 nmethod 10321 0x0000024d13faec90 code [0x0000024d13faee40, 0x0000024d13faef78]
Event: 77.482 Thread 0x0000024d23d08570 10322       1       org.eclipse.core.internal.resources.Workspace::isOpen (5 bytes)
Event: 77.482 Thread 0x0000024d23d08570 nmethod 10322 0x0000024d1ab51190 code [0x0000024d1ab51320, 0x0000024d1ab513f0]
Event: 77.484 Thread 0x0000024d23d08570 10323 %     3       org.eclipse.jdt.internal.launching.environments.ExecutionEnvironment::addRules @ 78 (112 bytes)
Event: 77.484 Thread 0x0000024d23d08570 nmethod 10323% 0x0000024d13faf090 code [0x0000024d13faf320, 0x0000024d13fb00e0]

GC Heap History (20 events):
Event: 65.797 GC heap before
{Heap before GC invocations=30 (full 2):
 PSYoungGen      total 20480K, used 20448K [0x00000000eab00000, 0x00000000ec380000, 0x0000000100000000)
  eden space 19456K, 100% used [0x00000000eab00000,0x00000000ebe00000,0x00000000ebe00000)
  from space 1024K, 96% used [0x00000000ec200000,0x00000000ec2f8010,0x00000000ec300000)
  to   space 512K, 0% used [0x00000000ec300000,0x00000000ec300000,0x00000000ec380000)
 ParOldGen       total 68608K, used 40356K [0x00000000c0000000, 0x00000000c4300000, 0x00000000eab00000)
  object space 68608K, 58% used [0x00000000c0000000,0x00000000c2769210,0x00000000c4300000)
 Metaspace       used 56283K, committed 57600K, reserved 1114112K
  class space    used 5862K, committed 6464K, reserved 1048576K
}
Event: 65.802 GC heap after
{Heap after GC invocations=30 (full 2):
 PSYoungGen      total 19968K, used 512K [0x00000000eab00000, 0x00000000ec380000, 0x0000000100000000)
  eden space 19456K, 0% used [0x00000000eab00000,0x00000000eab00000,0x00000000ebe00000)
  from space 512K, 100% used [0x00000000ec300000,0x00000000ec380000,0x00000000ec380000)
  to   space 2560K, 0% used [0x00000000ebe80000,0x00000000ebe80000,0x00000000ec100000)
 ParOldGen       total 68608K, used 42106K [0x00000000c0000000, 0x00000000c4300000, 0x00000000eab00000)
  object space 68608K, 61% used [0x00000000c0000000,0x00000000c291e968,0x00000000c4300000)
 Metaspace       used 56283K, committed 57600K, reserved 1114112K
  class space    used 5862K, committed 6464K, reserved 1048576K
}
Event: 66.554 GC heap before
{Heap before GC invocations=31 (full 2):
 PSYoungGen      total 19968K, used 19965K [0x00000000eab00000, 0x00000000ec380000, 0x0000000100000000)
  eden space 19456K, 99% used [0x00000000eab00000,0x00000000ebdff5b8,0x00000000ebe00000)
  from space 512K, 100% used [0x00000000ec300000,0x00000000ec380000,0x00000000ec380000)
  to   space 2560K, 0% used [0x00000000ebe80000,0x00000000ebe80000,0x00000000ec100000)
 ParOldGen       total 68608K, used 42106K [0x00000000c0000000, 0x00000000c4300000, 0x00000000eab00000)
  object space 68608K, 61% used [0x00000000c0000000,0x00000000c291e968,0x00000000c4300000)
 Metaspace       used 56663K, committed 57920K, reserved 1114112K
  class space    used 5891K, committed 6464K, reserved 1048576K
}
Event: 66.558 GC heap after
{Heap after GC invocations=31 (full 2):
 PSYoungGen      total 22016K, used 1946K [0x00000000eab00000, 0x00000000ec380000, 0x0000000100000000)
  eden space 19456K, 0% used [0x00000000eab00000,0x00000000eab00000,0x00000000ebe00000)
  from space 2560K, 76% used [0x00000000ebe80000,0x00000000ec066a60,0x00000000ec100000)
  to   space 2560K, 0% used [0x00000000ec100000,0x00000000ec100000,0x00000000ec380000)
 ParOldGen       total 68608K, used 42614K [0x00000000c0000000, 0x00000000c4300000, 0x00000000eab00000)
  object space 68608K, 62% used [0x00000000c0000000,0x00000000c299d978,0x00000000c4300000)
 Metaspace       used 56663K, committed 57920K, reserved 1114112K
  class space    used 5891K, committed 6464K, reserved 1048576K
}
Event: 68.914 GC heap before
{Heap before GC invocations=32 (full 2):
 PSYoungGen      total 22016K, used 21402K [0x00000000eab00000, 0x00000000ec380000, 0x0000000100000000)
  eden space 19456K, 100% used [0x00000000eab00000,0x00000000ebe00000,0x00000000ebe00000)
  from space 2560K, 76% used [0x00000000ebe80000,0x00000000ec066a60,0x00000000ec100000)
  to   space 2560K, 0% used [0x00000000ec100000,0x00000000ec100000,0x00000000ec380000)
 ParOldGen       total 68608K, used 42614K [0x00000000c0000000, 0x00000000c4300000, 0x00000000eab00000)
  object space 68608K, 62% used [0x00000000c0000000,0x00000000c299d978,0x00000000c4300000)
 Metaspace       used 57319K, committed 58560K, reserved 1114112K
  class space    used 5949K, committed 6528K, reserved 1048576K
}
Event: 68.918 GC heap after
{Heap after GC invocations=32 (full 2):
 PSYoungGen      total 20992K, used 1488K [0x00000000eab00000, 0x00000000ec280000, 0x0000000100000000)
  eden space 19456K, 0% used [0x00000000eab00000,0x00000000eab00000,0x00000000ebe00000)
  from space 1536K, 96% used [0x00000000ec100000,0x00000000ec274010,0x00000000ec280000)
  to   space 2048K, 0% used [0x00000000ebe80000,0x00000000ebe80000,0x00000000ec080000)
 ParOldGen       total 68608K, used 44012K [0x00000000c0000000, 0x00000000c4300000, 0x00000000eab00000)
  object space 68608K, 64% used [0x00000000c0000000,0x00000000c2afb0e8,0x00000000c4300000)
 Metaspace       used 57319K, committed 58560K, reserved 1114112K
  class space    used 5949K, committed 6528K, reserved 1048576K
}
Event: 71.852 GC heap before
{Heap before GC invocations=33 (full 2):
 PSYoungGen      total 20992K, used 20944K [0x00000000eab00000, 0x00000000ec280000, 0x0000000100000000)
  eden space 19456K, 100% used [0x00000000eab00000,0x00000000ebe00000,0x00000000ebe00000)
  from space 1536K, 96% used [0x00000000ec100000,0x00000000ec274010,0x00000000ec280000)
  to   space 2048K, 0% used [0x00000000ebe80000,0x00000000ebe80000,0x00000000ec080000)
 ParOldGen       total 68608K, used 44012K [0x00000000c0000000, 0x00000000c4300000, 0x00000000eab00000)
  object space 68608K, 64% used [0x00000000c0000000,0x00000000c2afb0e8,0x00000000c4300000)
 Metaspace       used 58007K, committed 59328K, reserved 1114112K
  class space    used 6014K, committed 6592K, reserved 1048576K
}
Event: 71.855 GC heap after
{Heap after GC invocations=33 (full 2):
 PSYoungGen      total 21504K, used 1539K [0x00000000eab00000, 0x00000000ec200000, 0x0000000100000000)
  eden space 19456K, 0% used [0x00000000eab00000,0x00000000eab00000,0x00000000ebe00000)
  from space 2048K, 75% used [0x00000000ebe80000,0x00000000ec000c10,0x00000000ec080000)
  to   space 1536K, 0% used [0x00000000ec080000,0x00000000ec080000,0x00000000ec200000)
 ParOldGen       total 68608K, used 45228K [0x00000000c0000000, 0x00000000c4300000, 0x00000000eab00000)
  object space 68608K, 65% used [0x00000000c0000000,0x00000000c2c2b0e8,0x00000000c4300000)
 Metaspace       used 58007K, committed 59328K, reserved 1114112K
  class space    used 6014K, committed 6592K, reserved 1048576K
}
Event: 72.538 GC heap before
{Heap before GC invocations=34 (full 2):
 PSYoungGen      total 21504K, used 18165K [0x00000000eab00000, 0x00000000ec200000, 0x0000000100000000)
  eden space 19456K, 85% used [0x00000000eab00000,0x00000000ebb3cad0,0x00000000ebe00000)
  from space 2048K, 75% used [0x00000000ebe80000,0x00000000ec000c10,0x00000000ec080000)
  to   space 1536K, 0% used [0x00000000ec080000,0x00000000ec080000,0x00000000ec200000)
 ParOldGen       total 68608K, used 45228K [0x00000000c0000000, 0x00000000c4300000, 0x00000000eab00000)
  object space 68608K, 65% used [0x00000000c0000000,0x00000000c2c2b0e8,0x00000000c4300000)
 Metaspace       used 58460K, committed 59776K, reserved 1114112K
  class space    used 6064K, committed 6656K, reserved 1048576K
}
Event: 72.542 GC heap after
{Heap after GC invocations=34 (full 2):
 PSYoungGen      total 20992K, used 1248K [0x00000000eab00000, 0x00000000ec200000, 0x0000000100000000)
  eden space 19456K, 0% used [0x00000000eab00000,0x00000000eab00000,0x00000000ebe00000)
  from space 1536K, 81% used [0x00000000ec080000,0x00000000ec1b8020,0x00000000ec200000)
  to   space 1536K, 0% used [0x00000000ebf00000,0x00000000ebf00000,0x00000000ec080000)
 ParOldGen       total 68608K, used 47432K [0x00000000c0000000, 0x00000000c4300000, 0x00000000eab00000)
  object space 68608K, 69% used [0x00000000c0000000,0x00000000c2e52140,0x00000000c4300000)
 Metaspace       used 58460K, committed 59776K, reserved 1114112K
  class space    used 6064K, committed 6656K, reserved 1048576K
}
Event: 72.542 GC heap before
{Heap before GC invocations=35 (full 3):
 PSYoungGen      total 20992K, used 1248K [0x00000000eab00000, 0x00000000ec200000, 0x0000000100000000)
  eden space 19456K, 0% used [0x00000000eab00000,0x00000000eab00000,0x00000000ebe00000)
  from space 1536K, 81% used [0x00000000ec080000,0x00000000ec1b8020,0x00000000ec200000)
  to   space 1536K, 0% used [0x00000000ebf00000,0x00000000ebf00000,0x00000000ec080000)
 ParOldGen       total 68608K, used 47432K [0x00000000c0000000, 0x00000000c4300000, 0x00000000eab00000)
  object space 68608K, 69% used [0x00000000c0000000,0x00000000c2e52140,0x00000000c4300000)
 Metaspace       used 58460K, committed 59776K, reserved 1114112K
  class space    used 6064K, committed 6656K, reserved 1048576K
}
Event: 72.650 GC heap after
{Heap after GC invocations=35 (full 3):
 PSYoungGen      total 20992K, used 0K [0x00000000eab00000, 0x00000000ec200000, 0x0000000100000000)
  eden space 19456K, 0% used [0x00000000eab00000,0x00000000eab00000,0x00000000ebe00000)
  from space 1536K, 0% used [0x00000000ec080000,0x00000000ec080000,0x00000000ec200000)
  to   space 1536K, 0% used [0x00000000ebf00000,0x00000000ebf00000,0x00000000ec080000)
 ParOldGen       total 68608K, used 33306K [0x00000000c0000000, 0x00000000c4300000, 0x00000000eab00000)
  object space 68608K, 48% used [0x00000000c0000000,0x00000000c2086920,0x00000000c4300000)
 Metaspace       used 58460K, committed 59776K, reserved 1114112K
  class space    used 6064K, committed 6656K, reserved 1048576K
}
Event: 73.323 GC heap before
{Heap before GC invocations=36 (full 3):
 PSYoungGen      total 20992K, used 19456K [0x00000000eab00000, 0x00000000ec200000, 0x0000000100000000)
  eden space 19456K, 100% used [0x00000000eab00000,0x00000000ebe00000,0x00000000ebe00000)
  from space 1536K, 0% used [0x00000000ec080000,0x00000000ec080000,0x00000000ec200000)
  to   space 1536K, 0% used [0x00000000ebf00000,0x00000000ebf00000,0x00000000ec080000)
 ParOldGen       total 68608K, used 33306K [0x00000000c0000000, 0x00000000c4300000, 0x00000000eab00000)
  object space 68608K, 48% used [0x00000000c0000000,0x00000000c2086920,0x00000000c4300000)
 Metaspace       used 59520K, committed 60928K, reserved 1114112K
  class space    used 6158K, committed 6720K, reserved 1048576K
}
Event: 73.326 GC heap after
{Heap after GC invocations=36 (full 3):
 PSYoungGen      total 20992K, used 1473K [0x00000000eab00000, 0x00000000ec100000, 0x0000000100000000)
  eden space 19456K, 0% used [0x00000000eab00000,0x00000000eab00000,0x00000000ebe00000)
  from space 1536K, 95% used [0x00000000ebf00000,0x00000000ec070438,0x00000000ec080000)
  to   space 512K, 0% used [0x00000000ec080000,0x00000000ec080000,0x00000000ec100000)
 ParOldGen       total 68608K, used 34095K [0x00000000c0000000, 0x00000000c4300000, 0x00000000eab00000)
  object space 68608K, 49% used [0x00000000c0000000,0x00000000c214be30,0x00000000c4300000)
 Metaspace       used 59520K, committed 60928K, reserved 1114112K
  class space    used 6158K, committed 6720K, reserved 1048576K
}
Event: 73.855 GC heap before
{Heap before GC invocations=37 (full 3):
 PSYoungGen      total 20992K, used 20929K [0x00000000eab00000, 0x00000000ec100000, 0x0000000100000000)
  eden space 19456K, 99% used [0x00000000eab00000,0x00000000ebdffff8,0x00000000ebe00000)
  from space 1536K, 95% used [0x00000000ebf00000,0x00000000ec070438,0x00000000ec080000)
  to   space 512K, 0% used [0x00000000ec080000,0x00000000ec080000,0x00000000ec100000)
 ParOldGen       total 68608K, used 34095K [0x00000000c0000000, 0x00000000c4300000, 0x00000000eab00000)
  object space 68608K, 49% used [0x00000000c0000000,0x00000000c214be30,0x00000000c4300000)
 Metaspace       used 61079K, committed 62464K, reserved 1114112K
  class space    used 6341K, committed 6912K, reserved 1048576K
}
Event: 73.857 GC heap after
{Heap after GC invocations=37 (full 3):
 PSYoungGen      total 19968K, used 504K [0x00000000eab00000, 0x00000000ec300000, 0x0000000100000000)
  eden space 19456K, 0% used [0x00000000eab00000,0x00000000eab00000,0x00000000ebe00000)
  from space 512K, 98% used [0x00000000ec080000,0x00000000ec0fe1c8,0x00000000ec100000)
  to   space 2560K, 0% used [0x00000000ebe00000,0x00000000ebe00000,0x00000000ec080000)
 ParOldGen       total 68608K, used 35593K [0x00000000c0000000, 0x00000000c4300000, 0x00000000eab00000)
  object space 68608K, 51% used [0x00000000c0000000,0x00000000c22c2698,0x00000000c4300000)
 Metaspace       used 61079K, committed 62464K, reserved 1114112K
  class space    used 6341K, committed 6912K, reserved 1048576K
}
Event: 74.201 GC heap before
{Heap before GC invocations=38 (full 3):
 PSYoungGen      total 19968K, used 19960K [0x00000000eab00000, 0x00000000ec300000, 0x0000000100000000)
  eden space 19456K, 99% used [0x00000000eab00000,0x00000000ebdfff98,0x00000000ebe00000)
  from space 512K, 98% used [0x00000000ec080000,0x00000000ec0fe1c8,0x00000000ec100000)
  to   space 2560K, 0% used [0x00000000ebe00000,0x00000000ebe00000,0x00000000ec080000)
 ParOldGen       total 68608K, used 35593K [0x00000000c0000000, 0x00000000c4300000, 0x00000000eab00000)
  object space 68608K, 51% used [0x00000000c0000000,0x00000000c22c2698,0x00000000c4300000)
 Metaspace       used 61342K, committed 62848K, reserved 1114112K
  class space    used 6356K, committed 6976K, reserved 1048576K
}
Event: 74.205 GC heap after
{Heap after GC invocations=38 (full 3):
 PSYoungGen      total 20992K, used 1232K [0x00000000eab00000, 0x00000000ec100000, 0x0000000100000000)
  eden space 19456K, 0% used [0x00000000eab00000,0x00000000eab00000,0x00000000ebe00000)
  from space 1536K, 80% used [0x00000000ebe00000,0x00000000ebf34010,0x00000000ebf80000)
  to   space 1536K, 0% used [0x00000000ebf80000,0x00000000ebf80000,0x00000000ec100000)
 ParOldGen       total 68608K, used 36092K [0x00000000c0000000, 0x00000000c4300000, 0x00000000eab00000)
  object space 68608K, 52% used [0x00000000c0000000,0x00000000c233f128,0x00000000c4300000)
 Metaspace       used 61342K, committed 62848K, reserved 1114112K
  class space    used 6356K, committed 6976K, reserved 1048576K
}
Event: 77.356 GC heap before
{Heap before GC invocations=39 (full 3):
 PSYoungGen      total 20992K, used 20688K [0x00000000eab00000, 0x00000000ec100000, 0x0000000100000000)
  eden space 19456K, 100% used [0x00000000eab00000,0x00000000ebe00000,0x00000000ebe00000)
  from space 1536K, 80% used [0x00000000ebe00000,0x00000000ebf34010,0x00000000ebf80000)
  to   space 1536K, 0% used [0x00000000ebf80000,0x00000000ebf80000,0x00000000ec100000)
 ParOldGen       total 68608K, used 36092K [0x00000000c0000000, 0x00000000c4300000, 0x00000000eab00000)
  object space 68608K, 52% used [0x00000000c0000000,0x00000000c233f128,0x00000000c4300000)
 Metaspace       used 61933K, committed 63360K, reserved 1114112K
  class space    used 6400K, committed 6976K, reserved 1048576K
}
Event: 77.360 GC heap after
{Heap after GC invocations=39 (full 3):
 PSYoungGen      total 20992K, used 1511K [0x00000000eab00000, 0x00000000ec100000, 0x0000000100000000)
  eden space 19456K, 0% used [0x00000000eab00000,0x00000000eab00000,0x00000000ebe00000)
  from space 1536K, 98% used [0x00000000ebf80000,0x00000000ec0f9db0,0x00000000ec100000)
  to   space 1536K, 0% used [0x00000000ebe00000,0x00000000ebe00000,0x00000000ebf80000)
 ParOldGen       total 68608K, used 37977K [0x00000000c0000000, 0x00000000c4300000, 0x00000000eab00000)
  object space 68608K, 55% used [0x00000000c0000000,0x00000000c25167f0,0x00000000c4300000)
 Metaspace       used 61933K, committed 63360K, reserved 1114112K
  class space    used 6400K, committed 6976K, reserved 1048576K
}

Dll operation events (10 events):
Event: 0.012 Loaded shared library c:\Users\Lenovo\.vscode\extensions\redhat.java-1.41.1-win32-x64\jre\21.0.6-win32-x86_64\bin\java.dll
Event: 0.480 Loaded shared library c:\Users\Lenovo\.vscode\extensions\redhat.java-1.41.1-win32-x64\jre\21.0.6-win32-x86_64\bin\zip.dll
Event: 0.584 Loaded shared library C:\Users\Lenovo\.vscode\extensions\redhat.java-1.41.1-win32-x64\jre\21.0.6-win32-x86_64\bin\instrument.dll
Event: 0.592 Loaded shared library C:\Users\Lenovo\.vscode\extensions\redhat.java-1.41.1-win32-x64\jre\21.0.6-win32-x86_64\bin\net.dll
Event: 0.595 Loaded shared library C:\Users\Lenovo\.vscode\extensions\redhat.java-1.41.1-win32-x64\jre\21.0.6-win32-x86_64\bin\nio.dll
Event: 0.601 Loaded shared library C:\Users\Lenovo\.vscode\extensions\redhat.java-1.41.1-win32-x64\jre\21.0.6-win32-x86_64\bin\zip.dll
Event: 0.775 Loaded shared library C:\Users\Lenovo\.vscode\extensions\redhat.java-1.41.1-win32-x64\jre\21.0.6-win32-x86_64\bin\jimage.dll
Event: 1.525 Loaded shared library c:\Users\Lenovo\.vscode\extensions\redhat.java-1.41.1-win32-x64\jre\21.0.6-win32-x86_64\bin\verify.dll
Event: 25.910 Loaded shared library C:\Users\Lenovo\AppData\Roaming\Code\User\globalStorage\redhat.java\1.41.1\config_win\org.eclipse.equinox.launcher\org.eclipse.equinox.launcher.win32.win32.x86_64_1.2.1300.v20250331-1702\eclipse_11911.dll
Event: 44.352 Loaded shared library C:\Users\Lenovo\AppData\Local\Temp\jna--2022488749\jna2269999706402099799.dll

Deoptimization events (20 events):
Event: 77.396 Thread 0x0000024d6c465460 DEOPT PACKING pc=0x0000024d13f8454e sp=0x000000a0a29fd8a0
Event: 77.396 Thread 0x0000024d6c465460 DEOPT UNPACKING pc=0x0000024d1a0d4242 sp=0x000000a0a29fce20 mode 0
Event: 77.397 Thread 0x0000024d6c465460 DEOPT PACKING pc=0x0000024d13f8454e sp=0x000000a0a29fd8a0
Event: 77.397 Thread 0x0000024d6c465460 DEOPT UNPACKING pc=0x0000024d1a0d4242 sp=0x000000a0a29fce20 mode 0
Event: 77.398 Thread 0x0000024d6c465460 DEOPT PACKING pc=0x0000024d13f8454e sp=0x000000a0a29fd8a0
Event: 77.398 Thread 0x0000024d6c465460 DEOPT UNPACKING pc=0x0000024d1a0d4242 sp=0x000000a0a29fce20 mode 0
Event: 77.398 Thread 0x0000024d6c465460 DEOPT PACKING pc=0x0000024d13f8454e sp=0x000000a0a29fd8a0
Event: 77.399 Thread 0x0000024d6c465460 DEOPT UNPACKING pc=0x0000024d1a0d4242 sp=0x000000a0a29fce20 mode 0
Event: 77.399 Thread 0x0000024d6c465460 DEOPT PACKING pc=0x0000024d13f8454e sp=0x000000a0a29fd8a0
Event: 77.399 Thread 0x0000024d6c465460 DEOPT UNPACKING pc=0x0000024d1a0d4242 sp=0x000000a0a29fce20 mode 0
Event: 77.400 Thread 0x0000024d6c465460 DEOPT PACKING pc=0x0000024d13f8454e sp=0x000000a0a29fd8a0
Event: 77.400 Thread 0x0000024d6c465460 DEOPT UNPACKING pc=0x0000024d1a0d4242 sp=0x000000a0a29fce20 mode 0
Event: 77.401 Thread 0x0000024d6c45eb60 DEOPT PACKING pc=0x0000024d13f8454e sp=0x000000a0a2afdd30
Event: 77.401 Thread 0x0000024d6c45eb60 DEOPT UNPACKING pc=0x0000024d1a0d4242 sp=0x000000a0a2afd2b0 mode 0
Event: 77.402 Thread 0x0000024d6c45eb60 DEOPT PACKING pc=0x0000024d13f8454e sp=0x000000a0a2afdd30
Event: 77.402 Thread 0x0000024d6c45eb60 DEOPT UNPACKING pc=0x0000024d1a0d4242 sp=0x000000a0a2afd2b0 mode 0
Event: 77.403 Thread 0x0000024d6c45eb60 DEOPT PACKING pc=0x0000024d13f8454e sp=0x000000a0a2afdd30
Event: 77.403 Thread 0x0000024d6c45eb60 DEOPT UNPACKING pc=0x0000024d1a0d4242 sp=0x000000a0a2afd2b0 mode 0
Event: 77.404 Thread 0x0000024d6c45eb60 DEOPT PACKING pc=0x0000024d13f8454e sp=0x000000a0a2afdd30
Event: 77.404 Thread 0x0000024d6c45eb60 DEOPT UNPACKING pc=0x0000024d1a0d4242 sp=0x000000a0a2afd2b0 mode 0

Classes loaded (20 events):
Event: 73.427 Loading class java/util/regex/PatternSyntaxException
Event: 73.427 Loading class java/util/regex/PatternSyntaxException done
Event: 73.485 Loading class java/util/Collections$SynchronizedList done
Event: 73.485 Loading class java/util/Collections$SynchronizedRandomAccessList done
Event: 73.490 Loading class java/util/concurrent/CompletableFuture$Signaller
Event: 73.491 Loading class java/util/concurrent/CompletableFuture$Signaller done
Event: 73.576 Loading class java/io/SequenceInputStream
Event: 73.576 Loading class java/io/SequenceInputStream done
Event: 74.022 Loading class java/nio/file/FileChannelLinesSpliterator
Event: 74.023 Loading class java/nio/file/FileChannelLinesSpliterator done
Event: 74.024 Loading class java/util/stream/Streams$1
Event: 74.025 Loading class java/util/stream/Streams$1 done
Event: 74.025 Loading class java/nio/file/FileChannelLinesSpliterator$1
Event: 74.025 Loading class java/nio/file/FileChannelLinesSpliterator$1 done
Event: 74.158 Loading class java/util/concurrent/CompletableFuture$UniApply
Event: 74.158 Loading class java/util/concurrent/CompletableFuture$UniApply done
Event: 74.162 Loading class java/util/concurrent/CompletableFuture$UniExceptionally
Event: 74.162 Loading class java/util/concurrent/CompletableFuture$UniExceptionally done
Event: 74.345 Loading class java/lang/UnsupportedClassVersionError
Event: 74.346 Loading class java/lang/UnsupportedClassVersionError done

Classes unloaded (7 events):
Event: 46.218 Thread 0x0000024d23c70190 Unloading class 0x0000024d25195400 'java/lang/invoke/LambdaForm$MH+0x0000024d25195400'
Event: 46.218 Thread 0x0000024d23c70190 Unloading class 0x0000024d25195000 'java/lang/invoke/LambdaForm$MH+0x0000024d25195000'
Event: 46.218 Thread 0x0000024d23c70190 Unloading class 0x0000024d25194c00 'java/lang/invoke/LambdaForm$MH+0x0000024d25194c00'
Event: 46.218 Thread 0x0000024d23c70190 Unloading class 0x0000024d25194800 'java/lang/invoke/LambdaForm$MH+0x0000024d25194800'
Event: 46.218 Thread 0x0000024d23c70190 Unloading class 0x0000024d25194400 'java/lang/invoke/LambdaForm$BMH+0x0000024d25194400'
Event: 46.218 Thread 0x0000024d23c70190 Unloading class 0x0000024d25194000 'java/lang/invoke/LambdaForm$DMH+0x0000024d25194000'
Event: 46.218 Thread 0x0000024d23c70190 Unloading class 0x0000024d25192c00 'java/lang/invoke/LambdaForm$DMH+0x0000024d25192c00'

Classes redefined (0 events):
No events

Internal exceptions (20 events):
Event: 74.147 Thread 0x0000024d6c51dfa0 Exception <a 'sun/nio/fs/WindowsException'{0x00000000ebad5470}> (0x00000000ebad5470) 
thrown [s\src\hotspot\share\prims\jni.cpp, line 520]
Event: 74.147 Thread 0x0000024d6c51dfa0 Exception <a 'sun/nio/fs/WindowsException'{0x00000000ebad5d18}> (0x00000000ebad5d18) 
thrown [s\src\hotspot\share\prims\jni.cpp, line 520]
Event: 74.147 Thread 0x0000024d6c51dfa0 Exception <a 'sun/nio/fs/WindowsException'{0x00000000ebbe9a70}> (0x00000000ebbe9a70) 
thrown [s\src\hotspot\share\prims\jni.cpp, line 520]
Event: 74.147 Thread 0x0000024d6c51dfa0 Exception <a 'sun/nio/fs/WindowsException'{0x00000000ebbea328}> (0x00000000ebbea328) 
thrown [s\src\hotspot\share\prims\jni.cpp, line 520]
Event: 74.147 Thread 0x0000024d6c51dfa0 Exception <a 'sun/nio/fs/WindowsException'{0x00000000ebbeb2b8}> (0x00000000ebbeb2b8) 
thrown [s\src\hotspot\share\prims\jni.cpp, line 520]
Event: 74.148 Thread 0x0000024d6c51dfa0 Exception <a 'sun/nio/fs/WindowsException'{0x00000000ebbebba8}> (0x00000000ebbebba8) 
thrown [s\src\hotspot\share\prims\jni.cpp, line 520]
Event: 74.148 Thread 0x0000024d6c51dfa0 Exception <a 'sun/nio/fs/WindowsException'{0x00000000ebbecb48}> (0x00000000ebbecb48) 
thrown [s\src\hotspot\share\prims\jni.cpp, line 520]
Event: 74.149 Thread 0x0000024d6c51dfa0 Exception <a 'sun/nio/fs/WindowsException'{0x00000000ebbed400}> (0x00000000ebbed400) 
thrown [s\src\hotspot\share\prims\jni.cpp, line 520]
Event: 74.150 Thread 0x0000024d6c51dfa0 Exception <a 'sun/nio/fs/WindowsException'{0x00000000ebbee1b0}> (0x00000000ebbee1b0) 
thrown [s\src\hotspot\share\prims\jni.cpp, line 520]
Event: 74.150 Thread 0x0000024d6c51dfa0 Exception <a 'sun/nio/fs/WindowsException'{0x00000000ebbee8c0}> (0x00000000ebbee8c0) 
thrown [s\src\hotspot\share\prims\jni.cpp, line 520]
Event: 74.152 Thread 0x0000024d6c51dfa0 Exception <a 'java/lang/NoSuchMethodError'{0x00000000ebc590b8}: 'java.lang.Object java.lang.invoke.DirectMethodHandle$Holder.invokeStatic(java.lang.Object, java.lang.Object, int, java.lang.Object)'> (0x00000000ebc590b8) 
thrown [s\src\hotspot\share\interpreter\linkResolver.cpp, line 773]
Event: 74.155 Thread 0x0000024d6a1830e0 Exception <a 'sun/nio/fs/WindowsException'{0x00000000ebcd23d0}> (0x00000000ebcd23d0) 
thrown [s\src\hotspot\share\prims\jni.cpp, line 520]
Event: 74.161 Thread 0x0000024d6c51dfa0 Exception <a 'java/lang/IncompatibleClassChangeError'{0x00000000ebd153e8}: Found class java.lang.Object, but interface was expected> (0x00000000ebd153e8) 
thrown [s\src\hotspot\share\interpreter\linkResolver.cpp, line 840]
Event: 74.189 Thread 0x0000024d6a1830e0 Exception <a 'sun/nio/fs/WindowsException'{0x00000000ebdd4220}> (0x00000000ebdd4220) 
thrown [s\src\hotspot\share\prims\jni.cpp, line 520]
Event: 74.190 Thread 0x0000024d6a1830e0 Exception <a 'sun/nio/fs/WindowsException'{0x00000000ebdd5000}> (0x00000000ebdd5000) 
thrown [s\src\hotspot\share\prims\jni.cpp, line 520]
Event: 74.207 Thread 0x0000024d6c51dfa0 Exception <a 'java/lang/IncompatibleClassChangeError'{0x00000000eab43670}: Found class java.lang.Object, but interface was expected> (0x00000000eab43670) 
thrown [s\src\hotspot\share\interpreter\linkResolver.cpp, line 840]
Event: 74.304 Thread 0x0000024d6c51cbf0 Exception <a 'java/lang/NoSuchMethodError'{0x00000000eaffc770}: 'java.lang.Object java.lang.invoke.DirectMethodHandle$Holder.invokeSpecial(java.lang.Object, java.lang.Object, int, long)'> (0x00000000eaffc770) 
thrown [s\src\hotspot\share\interpreter\linkResolver.cpp, line 773]
Event: 74.430 Thread 0x0000024d6c465460 Exception <a 'java/lang/NoSuchMethodError'{0x00000000eb47a790}: 'int java.lang.invoke.Invokers$Holder.invokeExact_MT(java.lang.Object, java.lang.Object)'> (0x00000000eb47a790) 
thrown [s\src\hotspot\share\interpreter\linkResolver.cpp, line 773]
Event: 77.483 Thread 0x0000024d6c51b840 Exception <a 'sun/nio/fs/WindowsException'{0x00000000ebb8cd68}> (0x00000000ebb8cd68) 
thrown [s\src\hotspot\share\prims\jni.cpp, line 520]
Event: 77.483 Thread 0x0000024d6c51b840 Exception <a 'sun/nio/fs/WindowsException'{0x00000000ebb8d8c0}> (0x00000000ebb8d8c0) 
thrown [s\src\hotspot\share\prims\jni.cpp, line 520]

ZGC Phase Switch (0 events):
No events

VM Operations (20 events):
Event: 72.538 Executing VM operation: CollectForMetadataAllocation (Metadata GC Threshold)
Event: 72.650 Executing VM operation: CollectForMetadataAllocation (Metadata GC Threshold) done
Event: 72.946 Executing VM operation: HandshakeAllThreads (Deoptimize)
Event: 72.946 Executing VM operation: HandshakeAllThreads (Deoptimize) done
Event: 73.291 Executing VM operation: HandshakeAllThreads (Deoptimize)
Event: 73.291 Executing VM operation: HandshakeAllThreads (Deoptimize) done
Event: 73.323 Executing VM operation: ParallelGCFailedAllocation (Allocation Failure)
Event: 73.326 Executing VM operation: ParallelGCFailedAllocation (Allocation Failure) done
Event: 73.345 Executing VM operation: HandshakeAllThreads (Deoptimize)
Event: 73.345 Executing VM operation: HandshakeAllThreads (Deoptimize) done
Event: 73.480 Executing VM operation: HandshakeAllThreads (Deoptimize)
Event: 73.493 Executing VM operation: HandshakeAllThreads (Deoptimize) done
Event: 73.507 Executing VM operation: HandshakeAllThreads (Deoptimize)
Event: 73.507 Executing VM operation: HandshakeAllThreads (Deoptimize) done
Event: 73.854 Executing VM operation: ParallelGCFailedAllocation (Allocation Failure)
Event: 73.857 Executing VM operation: ParallelGCFailedAllocation (Allocation Failure) done
Event: 74.190 Executing VM operation: ParallelGCFailedAllocation (Allocation Failure)
Event: 74.205 Executing VM operation: ParallelGCFailedAllocation (Allocation Failure) done
Event: 74.891 Executing VM operation: ParallelGCFailedAllocation (Allocation Failure)
Event: 77.360 Executing VM operation: ParallelGCFailedAllocation (Allocation Failure) done

Memory protections (0 events):
No events

Nmethod flushes (20 events):
Event: 72.582 Thread 0x0000024d23c70190 flushing  nmethod 0x0000024d13506210
Event: 72.582 Thread 0x0000024d23c70190 flushing osr nmethod 0x0000024d13523010
Event: 72.582 Thread 0x0000024d23c70190 flushing osr nmethod 0x0000024d13538310
Event: 72.582 Thread 0x0000024d23c70190 flushing  nmethod 0x0000024d1353cc90
Event: 72.582 Thread 0x0000024d23c70190 flushing  nmethod 0x0000024d1353d510
Event: 72.582 Thread 0x0000024d23c70190 flushing  nmethod 0x0000024d1353da90
Event: 72.582 Thread 0x0000024d23c70190 flushing  nmethod 0x0000024d1353df10
Event: 72.582 Thread 0x0000024d23c70190 flushing  nmethod 0x0000024d1353e810
Event: 72.582 Thread 0x0000024d23c70190 flushing  nmethod 0x0000024d1353fa10
Event: 72.582 Thread 0x0000024d23c70190 flushing  nmethod 0x0000024d13540990
Event: 72.582 Thread 0x0000024d23c70190 flushing  nmethod 0x0000024d13540f90
Event: 72.582 Thread 0x0000024d23c70190 flushing  nmethod 0x0000024d13541810
Event: 72.582 Thread 0x0000024d23c70190 flushing  nmethod 0x0000024d13541b90
Event: 72.582 Thread 0x0000024d23c70190 flushing  nmethod 0x0000024d13542f90
Event: 72.582 Thread 0x0000024d23c70190 flushing  nmethod 0x0000024d13543490
Event: 72.582 Thread 0x0000024d23c70190 flushing  nmethod 0x0000024d13543c90
Event: 72.582 Thread 0x0000024d23c70190 flushing  nmethod 0x0000024d1356d710
Event: 72.582 Thread 0x0000024d23c70190 flushing  nmethod 0x0000024d1356db10
Event: 72.582 Thread 0x0000024d23c70190 flushing  nmethod 0x0000024d13592890
Event: 72.582 Thread 0x0000024d23c70190 flushing  nmethod 0x0000024d13592c90

Events (20 events):
Event: 72.496 Thread 0x0000024d6c51c560 Thread added: 0x0000024d6c462d00
Event: 72.687 Thread 0x0000024d6c45de40 Thread exited: 0x0000024d6c45de40
Event: 72.687 Thread 0x0000024d6c462d00 Thread exited: 0x0000024d6c462d00
Event: 72.687 Thread 0x0000024d6c4640b0 Thread exited: 0x0000024d6c4640b0
Event: 72.687 Thread 0x0000024d6c461950 Thread exited: 0x0000024d6c461950
Event: 72.687 Thread 0x0000024d6c460c30 Thread exited: 0x0000024d6c460c30
Event: 73.838 Thread 0x0000024d6c51b840 Thread added: 0x0000024d6c4640b0
Event: 73.866 Thread 0x0000024d6c51b840 Thread added: 0x0000024d6c45ff10
Event: 73.866 Thread 0x0000024d6c51b840 Thread added: 0x0000024d6c45de40
Event: 73.866 Thread 0x0000024d6c51b840 Thread added: 0x0000024d6c461950
Event: 73.866 Thread 0x0000024d6c51b840 Thread added: 0x0000024d6c462670
Event: 74.159 Thread 0x0000024d6c51dfa0 Thread added: 0x0000024d6c462d00
Event: 74.181 Thread 0x0000024d6c462d00 Thread added: 0x0000024d6c465460
Event: 74.208 Thread 0x0000024d6c51dfa0 Thread added: 0x0000024d6c45eb60
Event: 74.343 Thread 0x0000024d6c4640b0 Thread exited: 0x0000024d6c4640b0
Event: 74.344 Thread 0x0000024d6c45de40 Thread exited: 0x0000024d6c45de40
Event: 74.344 Thread 0x0000024d6c462670 Thread exited: 0x0000024d6c462670
Event: 74.345 Thread 0x0000024d6c45ff10 Thread exited: 0x0000024d6c45ff10
Event: 74.346 Thread 0x0000024d6c461950 Thread exited: 0x0000024d6c461950
Event: 77.361 Thread 0x0000024d6c51ecc0 Thread added: 0x0000024d6c45de40


Dynamic libraries:
0x00007ff60d9f0000 - 0x00007ff60d9fe000 	c:\Users\Lenovo\.vscode\extensions\redhat.java-1.41.1-win32-x64\jre\21.0.6-win32-x86_64\bin\java.exe
0x00007ffb15050000 - 0x00007ffb15267000 	C:\WINDOWS\SYSTEM32\ntdll.dll
0x00007ffb14390000 - 0x00007ffb14454000 	C:\WINDOWS\System32\KERNEL32.DLL
0x00007ffb126b0000 - 0x00007ffb12a83000 	C:\WINDOWS\System32\KERNELBASE.dll
0x00007ffb12b10000 - 0x00007ffb12c21000 	C:\WINDOWS\System32\ucrtbase.dll
0x00007ffae6690000 - 0x00007ffae66a8000 	c:\Users\Lenovo\.vscode\extensions\redhat.java-1.41.1-win32-x64\jre\21.0.6-win32-x86_64\bin\jli.dll
0x00007ffb14920000 - 0x00007ffb14ad1000 	C:\WINDOWS\System32\USER32.dll
0x00007ffb12680000 - 0x00007ffb126a6000 	C:\WINDOWS\System32\win32u.dll
0x00007ffb13f10000 - 0x00007ffb13f39000 	C:\WINDOWS\System32\GDI32.dll
0x00007ffb12420000 - 0x00007ffb1253b000 	C:\WINDOWS\System32\gdi32full.dll
0x00007ffb12c60000 - 0x00007ffb12cfa000 	C:\WINDOWS\System32\msvcp_win.dll
0x00007ffae0870000 - 0x00007ffae088e000 	c:\Users\Lenovo\.vscode\extensions\redhat.java-1.41.1-win32-x64\jre\21.0.6-win32-x86_64\bin\VCRUNTIME140.dll
0x00007ffaff3f0000 - 0x00007ffaff688000 	C:\WINDOWS\WinSxS\amd64_microsoft.windows.common-controls_6595b64144ccf1df_6.0.22621.5124_none_270e8f4f7386d69d\COMCTL32.dll
0x00007ffb14f60000 - 0x00007ffb15007000 	C:\WINDOWS\System32\msvcrt.dll
0x00007ffb14b90000 - 0x00007ffb14bc1000 	C:\WINDOWS\System32\IMM32.DLL
0x00007ffaf16c0000 - 0x00007ffaf16cc000 	c:\Users\Lenovo\.vscode\extensions\redhat.java-1.41.1-win32-x64\jre\21.0.6-win32-x86_64\bin\vcruntime140_1.dll
0x00007ffada980000 - 0x00007ffadaa0d000 	c:\Users\Lenovo\.vscode\extensions\redhat.java-1.41.1-win32-x64\jre\21.0.6-win32-x86_64\bin\msvcp140.dll
0x00007ffa9b7f0000 - 0x00007ffa9c580000 	c:\Users\Lenovo\.vscode\extensions\redhat.java-1.41.1-win32-x64\jre\21.0.6-win32-x86_64\bin\server\jvm.dll
0x00007ffb14020000 - 0x00007ffb140d1000 	C:\WINDOWS\System32\ADVAPI32.dll
0x00007ffb13dc0000 - 0x00007ffb13e68000 	C:\WINDOWS\System32\sechost.dll
0x00007ffb12c30000 - 0x00007ffb12c58000 	C:\WINDOWS\System32\bcrypt.dll
0x00007ffb14270000 - 0x00007ffb14384000 	C:\WINDOWS\System32\RPCRT4.dll
0x00007ffb14ce0000 - 0x00007ffb14d51000 	C:\WINDOWS\System32\WS2_32.dll
0x00007ffb12040000 - 0x00007ffb1208d000 	C:\WINDOWS\SYSTEM32\POWRPROF.dll
0x00007ffb0e600000 - 0x00007ffb0e634000 	C:\WINDOWS\SYSTEM32\WINMM.dll
0x00007ffb09f00000 - 0x00007ffb09f0a000 	C:\WINDOWS\SYSTEM32\VERSION.dll
0x00007ffb12020000 - 0x00007ffb12033000 	C:\WINDOWS\SYSTEM32\UMPDC.dll
0x00007ffb111a0000 - 0x00007ffb111b8000 	C:\WINDOWS\SYSTEM32\kernel.appcore.dll
0x00007ffaf0f80000 - 0x00007ffaf0f8a000 	c:\Users\Lenovo\.vscode\extensions\redhat.java-1.41.1-win32-x64\jre\21.0.6-win32-x86_64\bin\jimage.dll
0x00007ffb090c0000 - 0x00007ffb092f2000 	C:\WINDOWS\SYSTEM32\DBGHELP.DLL
0x00007ffb14460000 - 0x00007ffb147f2000 	C:\WINDOWS\System32\combase.dll
0x00007ffb140e0000 - 0x00007ffb141b7000 	C:\WINDOWS\System32\OLEAUT32.dll
0x00007ffaface0000 - 0x00007ffafad12000 	C:\WINDOWS\SYSTEM32\dbgcore.DLL
0x00007ffb12230000 - 0x00007ffb122ab000 	C:\WINDOWS\System32\bcryptPrimitives.dll
0x00007ffaef890000 - 0x00007ffaef89f000 	c:\Users\Lenovo\.vscode\extensions\redhat.java-1.41.1-win32-x64\jre\21.0.6-win32-x86_64\bin\instrument.dll
0x00007ffadffd0000 - 0x00007ffadffef000 	c:\Users\Lenovo\.vscode\extensions\redhat.java-1.41.1-win32-x64\jre\21.0.6-win32-x86_64\bin\java.dll
0x00007ffb13340000 - 0x00007ffb13bd6000 	C:\WINDOWS\System32\SHELL32.dll
0x00007ffb12540000 - 0x00007ffb1267f000 	C:\WINDOWS\System32\wintypes.dll
0x00007ffb100a0000 - 0x00007ffb109ba000 	C:\WINDOWS\SYSTEM32\windows.storage.dll
0x00007ffb14bd0000 - 0x00007ffb14cda000 	C:\WINDOWS\System32\SHCORE.dll
0x00007ffb13f50000 - 0x00007ffb13fb3000 	C:\WINDOWS\System32\shlwapi.dll
0x00007ffb120a0000 - 0x00007ffb120cb000 	C:\WINDOWS\SYSTEM32\profapi.dll
0x00007ffadfa60000 - 0x00007ffadfa78000 	c:\Users\Lenovo\.vscode\extensions\redhat.java-1.41.1-win32-x64\jre\21.0.6-win32-x86_64\bin\zip.dll
0x00007ffaee080000 - 0x00007ffaee090000 	C:\Users\Lenovo\.vscode\extensions\redhat.java-1.41.1-win32-x64\jre\21.0.6-win32-x86_64\bin\net.dll
0x00007ffb0c0f0000 - 0x00007ffb0c21c000 	C:\WINDOWS\SYSTEM32\WINHTTP.dll
0x00007ffb11620000 - 0x00007ffb1168a000 	C:\WINDOWS\system32\mswsock.dll
0x00007ffadee40000 - 0x00007ffadee56000 	C:\Users\Lenovo\.vscode\extensions\redhat.java-1.41.1-win32-x64\jre\21.0.6-win32-x86_64\bin\nio.dll
0x00007ffaedea0000 - 0x00007ffaedeb0000 	c:\Users\Lenovo\.vscode\extensions\redhat.java-1.41.1-win32-x64\jre\21.0.6-win32-x86_64\bin\verify.dll
0x00007ffae6970000 - 0x00007ffae69b5000 	C:\Users\Lenovo\AppData\Roaming\Code\User\globalStorage\redhat.java\1.41.1\config_win\org.eclipse.equinox.launcher\org.eclipse.equinox.launcher.win32.win32.x86_64_1.2.1300.v20250331-1702\eclipse_11911.dll
0x00007ffb13c10000 - 0x00007ffb13db1000 	C:\WINDOWS\System32\ole32.dll
0x00007ffb11870000 - 0x00007ffb1188b000 	C:\WINDOWS\SYSTEM32\CRYPTSP.dll
0x00007ffb11100000 - 0x00007ffb11137000 	C:\WINDOWS\system32\rsaenh.dll
0x00007ffb11710000 - 0x00007ffb11738000 	C:\WINDOWS\SYSTEM32\USERENV.dll
0x00007ffb11890000 - 0x00007ffb1189c000 	C:\WINDOWS\SYSTEM32\CRYPTBASE.dll
0x00007ffb10c20000 - 0x00007ffb10c4d000 	C:\WINDOWS\SYSTEM32\IPHLPAPI.DLL
0x00007ffb14d60000 - 0x00007ffb14d69000 	C:\WINDOWS\System32\NSI.dll
0x00007ffadf4a0000 - 0x00007ffadf4e9000 	C:\Users\Lenovo\AppData\Local\Temp\jna--2022488749\jna2269999706402099799.dll
0x00007ffb13c00000 - 0x00007ffb13c08000 	C:\WINDOWS\System32\PSAPI.DLL
0x00007ffb0bf80000 - 0x00007ffb0bf99000 	C:\WINDOWS\SYSTEM32\dhcpcsvc6.DLL
0x00007ffb0bf60000 - 0x00007ffb0bf7f000 	C:\WINDOWS\SYSTEM32\dhcpcsvc.DLL
0x00007ffb112b0000 - 0x00007ffb112e4000 	C:\WINDOWS\SYSTEM32\ntmarta.dll

dbghelp: loaded successfully - version: 4.0.5 - missing functions: none
symbol engine: initialized successfully - sym options: 0x614 - pdb path: .;c:\Users\Lenovo\.vscode\extensions\redhat.java-1.41.1-win32-x64\jre\21.0.6-win32-x86_64\bin;C:\WINDOWS\SYSTEM32;C:\WINDOWS\WinSxS\amd64_microsoft.windows.common-controls_6595b64144ccf1df_6.0.22621.5124_none_270e8f4f7386d69d;c:\Users\Lenovo\.vscode\extensions\redhat.java-1.41.1-win32-x64\jre\21.0.6-win32-x86_64\bin\server;C:\Users\Lenovo\AppData\Roaming\Code\User\globalStorage\redhat.java\1.41.1\config_win\org.eclipse.equinox.launcher\org.eclipse.equinox.launcher.win32.win32.x86_64_1.2.1300.v20250331-1702;C:\Users\Lenovo\AppData\Local\Temp\jna--2022488749

VM Arguments:
jvm_args: --add-modules=ALL-SYSTEM --add-opens=java.base/java.util=ALL-UNNAMED --add-opens=java.base/java.lang=ALL-UNNAMED --add-opens=java.base/sun.nio.fs=ALL-UNNAMED -Declipse.application=org.eclipse.jdt.ls.core.id1 -Dosgi.bundles.defaultStartLevel=4 -Declipse.product=org.eclipse.jdt.ls.core.product -Djava.import.generatesMetadataFilesAtProjectRoot=false -DDetectVMInstallationsJob.disabled=true -Dfile.encoding=utf8 -XX:+UseParallelGC -XX:GCTimeRatio=4 -XX:AdaptiveSizePolicyWeight=90 -Dsun.zip.disableMemoryMapping=true -Xmx1G -Xms100m -Xlog:disable -javaagent:c:\Users\Lenovo\.vscode\extensions\redhat.java-1.41.1-win32-x64\lombok\lombok-1.18.36.jar -XX:+HeapDumpOnOutOfMemoryError -XX:HeapDumpPath=c:\Users\Lenovo\AppData\Roaming\Code\User\workspaceStorage\f5a3240dc06285fb28f8b563d5898278\redhat.java -Daether.dependencyCollector.impl=bf 
java_command: c:\Users\Lenovo\.vscode\extensions\redhat.java-1.41.1-win32-x64\server\plugins\org.eclipse.equinox.launcher_1.7.0.v20250331-1702.jar -configuration c:\Users\Lenovo\AppData\Roaming\Code\User\globalStorage\redhat.java\1.41.1\config_win -data c:\Users\Lenovo\AppData\Roaming\Code\User\workspaceStorage\f5a3240dc06285fb28f8b563d5898278\redhat.java\jdt_ws --pipe=\\.\pipe\lsp-72f0049459a10830c39a720196ec4384-sock
java_class_path (initial): c:\Users\Lenovo\.vscode\extensions\redhat.java-1.41.1-win32-x64\server\plugins\org.eclipse.equinox.launcher_1.7.0.v20250331-1702.jar
Launcher Type: SUN_STANDARD

[Global flags]
    uintx AdaptiveSizePolicyWeight                 = 90                                        {product} {command line}
     intx CICompilerCount                          = 3                                         {product} {ergonomic}
    uintx GCTimeRatio                              = 4                                         {product} {command line}
     bool HeapDumpOnOutOfMemoryError               = true                                   {manageable} {command line}
    ccstr HeapDumpPath                             = c:\Users\Lenovo\AppData\Roaming\Code\User\workspaceStorage\f5a3240dc06285fb28f8b563d5898278\redhat.java         {manageable} {command line}
   size_t InitialHeapSize                          = 104857600                                 {product} {command line}
   size_t MaxHeapSize                              = 1073741824                                {product} {command line}
   size_t MaxNewSize                               = 357564416                                 {product} {ergonomic}
   size_t MinHeapDeltaBytes                        = 524288                                    {product} {ergonomic}
   size_t MinHeapSize                              = 104857600                                 {product} {command line}
   size_t NewSize                                  = 34603008                                  {product} {ergonomic}
    uintx NonNMethodCodeHeapSize                   = 5832780                                {pd product} {ergonomic}
    uintx NonProfiledCodeHeapSize                  = 122912730                              {pd product} {ergonomic}
   size_t OldSize                                  = 70254592                                  {product} {ergonomic}
    uintx ProfiledCodeHeapSize                     = 122912730                              {pd product} {ergonomic}
    uintx ReservedCodeCacheSize                    = 251658240                              {pd product} {ergonomic}
     bool SegmentedCodeCache                       = true                                      {product} {ergonomic}
   size_t SoftMaxHeapSize                          = 1073741824                             {manageable} {ergonomic}
     bool UseCompressedOops                        = true                           {product lp64_product} {ergonomic}
     bool UseLargePagesIndividualAllocation        = false                                  {pd product} {ergonomic}
     bool UseParallelGC                            = true                                      {product} {command line}

Logging:
Log output configuration:
 #0: stdout all=off uptime,level,tags foldmultilines=false
 #1: stderr all=off uptime,level,tags foldmultilines=false

Environment Variables:
JAVA_HOME=C:\Users\Lenovo\jdk-17.0.12_windows-x64_bin\jdk-17.0.12
CLASSPATH=C:\mysql-connector-j-9.2.0.jar;.
PATH=C:\Program Files\Eclipse Adoptium\jdk-21.0.7.6-hotspot\bin;C:\Users\Lenovo\jdk-17.0.12_windows-x64_bin\jdk-17.0.12;C:\Program Files\MySQL\MySQL Shell 8.0\bin\;C:\Users\Lenovo\AppData\Local\Programs\Python\Python311\Scripts\;C:\Users\Lenovo\AppData\Local\Programs\Python\Python311\;C:\Users\Lenovo\AppData\Local\Microsoft\WindowsApps;C:\Users\Lenovo\AppData\Local\Programs\Microsoft VS Code\bin;C:\Users\Lenovo\AppData\Roaming\npm;C:\Program Files\nodejs;C:\Users\Lenovo\OneDrive\Desktop\java assignments;C:\Users\Lenovo\apache-maven-3.9.9\bin;C:\Users\Lenovo\jdk-17.0.12_windows-x64_bin\jdk-17.0.12\bin;;C:\Program Files\JetBrains\IntelliJ IDEA Community Edition 2025.1\bin;
USERNAME=Lenovo
OS=Windows_NT
PROCESSOR_IDENTIFIER=Intel64 Family 6 Model 142 Stepping 12, GenuineIntel
TMP=C:\Users\Lenovo\AppData\Local\Temp
TEMP=C:\Users\Lenovo\AppData\Local\Temp




Periodic native trim disabled

---------------  S Y S T E M  ---------------

OS:
 Windows 11 , 64 bit Build 22621 (10.0.22621.5124)
OS uptime: 0 days 8:58 hours

CPU: total 4 (initial active 4) (2 cores per cpu, 2 threads per core) family 6 model 142 stepping 12 microcode 0xea, cx8, cmov, fxsr, ht, mmx, 3dnowpref, sse, sse2, sse3, ssse3, sse4.1, sse4.2, popcnt, lzcnt, tsc, tscinvbit, avx, avx2, aes, erms, clmul, bmi1, bmi2, adx, fma, vzeroupper, clflush, clflushopt, rdtscp, f16c
Processor Information for the first 4 processors :
  Max Mhz: 2592, Current Mhz: 2093, Mhz Limit: 2073

Memory: 4k page, system-wide physical 3930M (32M free)
TotalPageFile size 11430M (AvailPageFile size 1M)
current process WorkingSet (physical memory assigned to process): 240M, peak: 248M
current process commit charge ("private bytes"): 305M, peak: 312M

vm_info: OpenJDK 64-Bit Server VM (21.0.6+7-LTS) for windows-amd64 JRE (21.0.6+7-LTS), built on 2025-01-21T00:00:00Z by "admin" with MS VC++ 17.7 (VS2022)

END.
