#
# There is insufficient memory for the Java Runtime Environment to continue.
# Native memory allocation (mmap) failed to map 65536 bytes. Error detail: Failed to commit metaspace.
# Possible reasons:
#   The system is out of physical RAM or swap space
#   This process is running with CompressedOops enabled, and the Java Heap may be blocking the growth of the native heap
# Possible solutions:
#   Reduce memory load on the system
#   Increase physical memory or swap space
#   Check if swap backing store is full
#   Decrease Java heap size (-Xmx/-Xms)
#   Decrease number of Java threads
#   Decrease Java thread stack sizes (-Xss)
#   Set larger code cache with -XX:ReservedCodeCacheSize=
#   JVM is running with Unscaled Compressed Oops mode in which the Java heap is
#     placed in the first 4GB address space. The Java Heap base address is the
#     maximum limit for the native heap growth. Please use -XX:HeapBaseMinAddress
#     to set the Java Heap base and to place the Java Heap above 4GB virtual address.
# This output file may be truncated or incomplete.
#
#  Out of Memory Error (virtualSpaceNode.cpp:112), pid=15436, tid=11004
#
# JRE version: OpenJDK Runtime Environment Temurin-21.0.2+13 (21.0.3+9) (build 21.0.2+13-LTS)
# Java VM: OpenJDK 64-Bit Server VM Temurin-21.0.2+13 (21.0.3+9-LTS, mixed mode, tiered, compressed oops, compressed class ptrs, g1 gc, windows-amd64)
# No core dump will be written. Minidumps are not enabled by default on client versions of Windows
#

---------------  S U M M A R Y ------------

Command Line: -Dclassworlds.conf=C:\Users\Lenovo\AppData\Roaming\Code\User\globalStorage\pleiades.java-extension-pack-jdk\maven\latest\bin\m2.conf -Dmaven.home=C:\Users\Lenovo\AppData\Roaming\Code\User\globalStorage\pleiades.java-extension-pack-jdk\maven\latest -Dlibrary.jansi.path=C:\Users\Lenovo\AppData\Roaming\Code\User\globalStorage\pleiades.java-extension-pack-jdk\maven\latest\lib\jansi-native -Dmaven.multiModuleProjectDirectory=C:\Users\Lenovo\OneDrive\Desktop\Sorting-Visualizer org.codehaus.plexus.classworlds.launcher.Launcher spring-boot:run

Host: Intel(R) Core(TM) i3-10110U CPU @ 2.10GHz, 4 cores, 3G,  Windows 11 , 64 bit Build 22621 (10.0.22621.5124)
Time: Sun Apr 27 23:06:30 2025 India Standard Time elapsed time: 0.295844 seconds (0d 0h 0m 0s)

---------------  T H R E A D  ---------------

Current thread (0x00000254f1403c20):  JavaThread "main"             [_thread_in_vm, id=11004, stack(0x000000f579900000,0x000000f579a00000) (1024K)]

Stack: [0x000000f579900000,0x000000f579a00000]
Native frames: (J=compiled Java code, j=interpreted, Vv=VM code, C=native code)
V  [jvm.dll+0x6c8699]
V  [jvm.dll+0x8a2061]
V  [jvm.dll+0x8a458e]
V  [jvm.dll+0x8a4c63]
V  [jvm.dll+0x27e476]
V  [jvm.dll+0x89ddae]
V  [jvm.dll+0x66b525]
V  [jvm.dll+0x66b58a]
V  [jvm.dll+0x66dd72]
V  [jvm.dll+0x66dc42]
V  [jvm.dll+0x66befe]
V  [jvm.dll+0x269647]
V  [jvm.dll+0x210aa8]
V  [jvm.dll+0x2158d0]
V  [jvm.dll+0x20b32e]
V  [jvm.dll+0x5a9c8c]
V  [jvm.dll+0x21c9ba]
V  [jvm.dll+0x81adc1]
V  [jvm.dll+0x81bdf4]
V  [jvm.dll+0x81c3ad]
V  [jvm.dll+0x81c048]
V  [jvm.dll+0x26bc0b]
V  [jvm.dll+0x3d086e]
C  0x000002548754a816

The last pc belongs to new (printed below).
Java frames: (J=compiled Java code, j=interpreted, Vv=VM code)
j  jdk.internal.logger.LazyLoggers.getLazyLogger(Ljava/lang/String;Ljava/lang/Module;)Ljava/lang/System$Logger;+8 java.base@21.0.2
j  jdk.internal.logger.LazyLoggers.getLogger(Ljava/lang/String;Ljava/lang/Module;)Ljava/lang/System$Logger;+9 java.base@21.0.2
j  java.lang.System.getLogger(Ljava/lang/String;)Ljava/lang/System$Logger;+29 java.base@21.0.2
j  java.lang.Shutdown.logRuntimeExit(I)V+2 java.base@21.0.2
j  java.lang.Shutdown.exit(I)V+1 java.base@21.0.2
j  java.lang.Runtime.exit(I)V+14 java.base@21.0.2
j  java.lang.System.exit(I)V+4 java.base@21.0.2
j  sun.launcher.LauncherHelper.abort(Ljava/lang/Throwable;Ljava/lang/String;[Ljava/lang/Object;)V+36 java.base@21.0.2
j  sun.launcher.LauncherHelper.loadMainClass(ILjava/lang/String;)Ljava/lang/Class;+272 java.base@21.0.2
j  sun.launcher.LauncherHelper.checkAndLoadMain(ZILjava/lang/String;)Ljava/lang/Class;+42 java.base@21.0.2
v  ~StubRoutines::call_stub 0x000002548753100d
new  187 new  [0x000002548754a6a0, 0x000002548754a8a0]  512 bytes
[MachCode]
  0x000002548754a6a0: 4883 ec08 | c5fa 1104 | 24eb 1f48 | 83ec 10c5 | fb11 0424 | eb14 4883 | ec10 4889 | 0424 48c7 
  0x000002548754a6c0: 4424 0800 | 0000 00eb | 0150 410f | b755 010f | cac1 ea10 | 488b 4de8 | 488b 4908 | 488b 4908 
  0x000002548754a6e0: 488b 4108 | 807c 1004 | 070f 85ca | 0000 0066 | 8b54 d148 | 488b 4928 | 488b 4cd1 | 0851 80b9 
  0x000002548754a700: 2001 0000 | 050f 85ad | 0000 008b | 5108 f6c2 | 010f 85a1 | 0000 0049 | 8b87 b801 | 0000 488d 
  0x000002548754a720: 1c10 493b | 9fc8 0100 | 000f 8789 | 0000 0049 | 899f b801 | 0000 4883 | ea10 0f84 | 0f00 0000 
  0x000002548754a740: 33c9 c1ea | 0348 894c | d008 48ff | ca75 f648 | c700 0100 | 0000 5933 | f689 700c | 48c1 e903 
  0x000002548754a760: 8948 0849 | ba19 9a69 | f0fc 7f00 | 0041 803a | 000f 843c | 0000 0050 | 488b c848 | 83ec 2040 
  0x000002548754a780: f6c4 0f0f | 8419 0000 | 0048 83ec | 0848 b870 | f113 f0fc | 7f00 00ff | d048 83c4 | 08e9 0c00 
  0x000002548754a7a0: 0000 48b8 | 70f1 13f0 | fc7f 0000 | ffd0 4883 | c420 58e9 | cb00 0000 | 5948 8b55 | e848 8b52 
  0x000002548754a7c0: 0848 8b52 | 0845 0fb7 | 4501 410f | c841 c1e8 | 10e8 0500 | 0000 e9a8 | 0000 0048 | 8d44 2408 
  0x000002548754a7e0: 4c89 6dc0 | 498b cfc5 | f877 4989 | afa8 0300 | 0049 8987 | 9803 0000 | 4883 ec20 | 40f6 c40f 
  0x000002548754a800: 0f84 1900 | 0000 4883 | ec08 48b8 | 2008 deef | fc7f 0000 | ffd0 4883 | c408 e90c | 0000 0048 
  0x000002548754a820: b820 08de | effc 7f00 | 00ff d048 | 83c4 2049 | c787 9803 | 0000 0000 | 0000 49c7 | 87a8 0300 
  0x000002548754a840: 0000 0000 | 0049 c787 | a003 0000 | 0000 0000 | c5f8 7749 | 837f 0800 | 0f84 0500 | 0000 e99d 
  0x000002548754a860: 66fe ff49 | 8b87 f003 | 0000 49c7 | 87f0 0300 | 0000 0000 | 004c 8b6d | c04c 8b75 | c84e 8d74 
  0x000002548754a880: f500 c341 | 0fb6 5d03 | 4983 c503 | 49ba 205b | 6cf0 fc7f | 0000 41ff | 24da 660f | 1f44 0000 
[/MachCode]

---------------  P R O C E S S  ---------------

Threads class SMR info:
_java_thread_list=0x000002548f4a6740, length=11, elements={
0x00000254f1403c20, 0x000002548f1f14c0, 0x000002548f32aaf0, 0x000002548f33e5d0,
0x000002548f33f030, 0x000002548f32cf60, 0x000002548f32dd70, 0x000002548f32f2a0,
0x000002548f1fbf20, 0x000002548f4ce6b0, 0x000002548f4d0f30
}

Java Threads: ( => current thread )
=>0x00000254f1403c20 JavaThread "main"                              [_thread_in_vm, id=11004, stack(0x000000f579900000,0x000000f579a00000) (1024K)]
  0x000002548f1f14c0 JavaThread "Reference Handler"          daemon [_thread_blocked, id=17524, stack(0x000000f57a100000,0x000000f57a200000) (1024K)]
  0x000002548f32aaf0 JavaThread "Finalizer"                  daemon [_thread_blocked, id=12092, stack(0x000000f57a200000,0x000000f57a300000) (1024K)]
  0x000002548f33e5d0 JavaThread "Signal Dispatcher"          daemon [_thread_blocked, id=9496, stack(0x000000f57a300000,0x000000f57a400000) (1024K)]
  0x000002548f33f030 JavaThread "Attach Listener"            daemon [_thread_blocked, id=17004, stack(0x000000f57a400000,0x000000f57a500000) (1024K)]
  0x000002548f32cf60 JavaThread "Service Thread"             daemon [_thread_blocked, id=14088, stack(0x000000f57a500000,0x000000f57a600000) (1024K)]
  0x000002548f32dd70 JavaThread "Monitor Deflation Thread"   daemon [_thread_blocked, id=10232, stack(0x000000f57a600000,0x000000f57a700000) (1024K)]
  0x000002548f32f2a0 JavaThread "C2 CompilerThread0"         daemon [_thread_blocked, id=17272, stack(0x000000f57a700000,0x000000f57a800000) (1024K)]
  0x000002548f1fbf20 JavaThread "C1 CompilerThread0"         daemon [_thread_blocked, id=4836, stack(0x000000f57a800000,0x000000f57a900000) (1024K)]
  0x000002548f4ce6b0 JavaThread "Notification Thread"        daemon [_thread_blocked, id=17300, stack(0x000000f57a900000,0x000000f57aa00000) (1024K)]
  0x000002548f4d0f30 JavaThread "Common-Cleaner"             daemon [_thread_blocked, id=16224, stack(0x000000f57aa00000,0x000000f57ab00000) (1024K)]
Total: 11

Other Threads:
  0x00000254f13ee960 VMThread "VM Thread"                           [id=15104, stack(0x000000f57a000000,0x000000f57a100000) (1024K)]
  0x000002548f11ca10 WatcherThread "VM Periodic Task Thread"        [id=8340, stack(0x000000f579f00000,0x000000f57a000000) (1024K)]
  0x00000254f13ef440 WorkerThread "GC Thread#0"                     [id=14400, stack(0x000000f579a00000,0x000000f579b00000) (1024K)]
  0x00000254f35ac2b0 ConcurrentGCThread "G1 Main Marker"            [id=7364, stack(0x000000f579b00000,0x000000f579c00000) (1024K)]
  0x00000254f13edae0 WorkerThread "G1 Conc#0"                       [id=4628, stack(0x000000f579c00000,0x000000f579d00000) (1024K)]
  0x00000254f35fd8a0 ConcurrentGCThread "G1 Refine#0"               [id=18572, stack(0x000000f579d00000,0x000000f579e00000) (1024K)]
  0x00000254f35fe320 ConcurrentGCThread "G1 Service"                [id=15876, stack(0x000000f579e00000,0x000000f579f00000) (1024K)]
Total: 7

Threads with active compile tasks:
Total: 0

VM state: not at safepoint (normal execution)

VM Mutex/Monitor currently owned by a thread:  ([mutex/lock_event])
[0x00007ffcf06b00a8] Metaspace_lock - owner thread: 0x00000254f1403c20

Heap address: 0x00000000c2800000, size: 984 MB, Compressed Oops mode: 32-bit

CDS archive(s) not mapped
Compressed class space mapped at: 0x0000000100000000-0x0000000140000000, reserved size: 1073741824
Narrow klass base: 0x0000000000000000, Narrow klass shift: 3, Narrow klass range: 0x140000000

GC Precious Log:
 CardTable entry size: 512
 Card Set container configuration: InlinePtr #cards 5 size 8 Array Of Cards #cards 12 size 40 Howl #buckets 4 coarsen threshold 1843 Howl Bitmap #cards 512 size 80 coarsen threshold 460 Card regions per heap region 1 cards per card region 2048
 CPUs: 4 total, 4 available
 Memory: 3930M
 Large Page Support: Disabled
 NUMA Support: Disabled
 Compressed Oops: Enabled (32-bit)
 Heap Region Size: 1M
 Heap Min Capacity: 8M
 Heap Initial Capacity: 62M
 Heap Max Capacity: 984M
 Pre-touch: Disabled
 Parallel Workers: 4
 Concurrent Workers: 1
 Concurrent Refinement Workers: 4
 Periodic GC: Disabled

Heap:
 garbage-first heap   total 63488K, used 1024K [0x00000000c2800000, 0x0000000100000000)
  region size 1024K, 2 young (2048K), 0 survivors (0K)
 Metaspace       used 6828K, committed 6976K, reserved 1114112K
  class space    used 554K, committed 640K, reserved 1048576K

Heap Regions: E=young(eden), S=young(survivor), O=old, HS=humongous(starts), HC=humongous(continues), CS=collection set, F=free, TAMS=top-at-mark-start, PB=parsable bottom
|   0|0x00000000c2800000, 0x00000000c2800000, 0x00000000c2900000|  0%| F|  |TAMS 0x00000000c2800000| PB 0x00000000c2800000| Untracked 
|   1|0x00000000c2900000, 0x00000000c2900000, 0x00000000c2a00000|  0%| F|  |TAMS 0x00000000c2900000| PB 0x00000000c2900000| Untracked 
|   2|0x00000000c2a00000, 0x00000000c2a00000, 0x00000000c2b00000|  0%| F|  |TAMS 0x00000000c2a00000| PB 0x00000000c2a00000| Untracked 
|   3|0x00000000c2b00000, 0x00000000c2b00000, 0x00000000c2c00000|  0%| F|  |TAMS 0x00000000c2b00000| PB 0x00000000c2b00000| Untracked 
|   4|0x00000000c2c00000, 0x00000000c2c00000, 0x00000000c2d00000|  0%| F|  |TAMS 0x00000000c2c00000| PB 0x00000000c2c00000| Untracked 
|   5|0x00000000c2d00000, 0x00000000c2d00000, 0x00000000c2e00000|  0%| F|  |TAMS 0x00000000c2d00000| PB 0x00000000c2d00000| Untracked 
|   6|0x00000000c2e00000, 0x00000000c2e00000, 0x00000000c2f00000|  0%| F|  |TAMS 0x00000000c2e00000| PB 0x00000000c2e00000| Untracked 
|   7|0x00000000c2f00000, 0x00000000c2f00000, 0x00000000c3000000|  0%| F|  |TAMS 0x00000000c2f00000| PB 0x00000000c2f00000| Untracked 
|   8|0x00000000c3000000, 0x00000000c3000000, 0x00000000c3100000|  0%| F|  |TAMS 0x00000000c3000000| PB 0x00000000c3000000| Untracked 
|   9|0x00000000c3100000, 0x00000000c3100000, 0x00000000c3200000|  0%| F|  |TAMS 0x00000000c3100000| PB 0x00000000c3100000| Untracked 
|  10|0x00000000c3200000, 0x00000000c3200000, 0x00000000c3300000|  0%| F|  |TAMS 0x00000000c3200000| PB 0x00000000c3200000| Untracked 
|  11|0x00000000c3300000, 0x00000000c3300000, 0x00000000c3400000|  0%| F|  |TAMS 0x00000000c3300000| PB 0x00000000c3300000| Untracked 
|  12|0x00000000c3400000, 0x00000000c3400000, 0x00000000c3500000|  0%| F|  |TAMS 0x00000000c3400000| PB 0x00000000c3400000| Untracked 
|  13|0x00000000c3500000, 0x00000000c3500000, 0x00000000c3600000|  0%| F|  |TAMS 0x00000000c3500000| PB 0x00000000c3500000| Untracked 
|  14|0x00000000c3600000, 0x00000000c3600000, 0x00000000c3700000|  0%| F|  |TAMS 0x00000000c3600000| PB 0x00000000c3600000| Untracked 
|  15|0x00000000c3700000, 0x00000000c3700000, 0x00000000c3800000|  0%| F|  |TAMS 0x00000000c3700000| PB 0x00000000c3700000| Untracked 
|  16|0x00000000c3800000, 0x00000000c3800000, 0x00000000c3900000|  0%| F|  |TAMS 0x00000000c3800000| PB 0x00000000c3800000| Untracked 
|  17|0x00000000c3900000, 0x00000000c3900000, 0x00000000c3a00000|  0%| F|  |TAMS 0x00000000c3900000| PB 0x00000000c3900000| Untracked 
|  18|0x00000000c3a00000, 0x00000000c3a00000, 0x00000000c3b00000|  0%| F|  |TAMS 0x00000000c3a00000| PB 0x00000000c3a00000| Untracked 
|  19|0x00000000c3b00000, 0x00000000c3b00000, 0x00000000c3c00000|  0%| F|  |TAMS 0x00000000c3b00000| PB 0x00000000c3b00000| Untracked 
|  20|0x00000000c3c00000, 0x00000000c3c00000, 0x00000000c3d00000|  0%| F|  |TAMS 0x00000000c3c00000| PB 0x00000000c3c00000| Untracked 
|  21|0x00000000c3d00000, 0x00000000c3d00000, 0x00000000c3e00000|  0%| F|  |TAMS 0x00000000c3d00000| PB 0x00000000c3d00000| Untracked 
|  22|0x00000000c3e00000, 0x00000000c3e00000, 0x00000000c3f00000|  0%| F|  |TAMS 0x00000000c3e00000| PB 0x00000000c3e00000| Untracked 
|  23|0x00000000c3f00000, 0x00000000c3f00000, 0x00000000c4000000|  0%| F|  |TAMS 0x00000000c3f00000| PB 0x00000000c3f00000| Untracked 
|  24|0x00000000c4000000, 0x00000000c4000000, 0x00000000c4100000|  0%| F|  |TAMS 0x00000000c4000000| PB 0x00000000c4000000| Untracked 
|  25|0x00000000c4100000, 0x00000000c4100000, 0x00000000c4200000|  0%| F|  |TAMS 0x00000000c4100000| PB 0x00000000c4100000| Untracked 
|  26|0x00000000c4200000, 0x00000000c4200000, 0x00000000c4300000|  0%| F|  |TAMS 0x00000000c4200000| PB 0x00000000c4200000| Untracked 
|  27|0x00000000c4300000, 0x00000000c4300000, 0x00000000c4400000|  0%| F|  |TAMS 0x00000000c4300000| PB 0x00000000c4300000| Untracked 
|  28|0x00000000c4400000, 0x00000000c4400000, 0x00000000c4500000|  0%| F|  |TAMS 0x00000000c4400000| PB 0x00000000c4400000| Untracked 
|  29|0x00000000c4500000, 0x00000000c4500000, 0x00000000c4600000|  0%| F|  |TAMS 0x00000000c4500000| PB 0x00000000c4500000| Untracked 
|  30|0x00000000c4600000, 0x00000000c4600000, 0x00000000c4700000|  0%| F|  |TAMS 0x00000000c4600000| PB 0x00000000c4600000| Untracked 
|  31|0x00000000c4700000, 0x00000000c4700000, 0x00000000c4800000|  0%| F|  |TAMS 0x00000000c4700000| PB 0x00000000c4700000| Untracked 
|  32|0x00000000c4800000, 0x00000000c4800000, 0x00000000c4900000|  0%| F|  |TAMS 0x00000000c4800000| PB 0x00000000c4800000| Untracked 
|  33|0x00000000c4900000, 0x00000000c4900000, 0x00000000c4a00000|  0%| F|  |TAMS 0x00000000c4900000| PB 0x00000000c4900000| Untracked 
|  34|0x00000000c4a00000, 0x00000000c4a00000, 0x00000000c4b00000|  0%| F|  |TAMS 0x00000000c4a00000| PB 0x00000000c4a00000| Untracked 
|  35|0x00000000c4b00000, 0x00000000c4b00000, 0x00000000c4c00000|  0%| F|  |TAMS 0x00000000c4b00000| PB 0x00000000c4b00000| Untracked 
|  36|0x00000000c4c00000, 0x00000000c4c00000, 0x00000000c4d00000|  0%| F|  |TAMS 0x00000000c4c00000| PB 0x00000000c4c00000| Untracked 
|  37|0x00000000c4d00000, 0x00000000c4d00000, 0x00000000c4e00000|  0%| F|  |TAMS 0x00000000c4d00000| PB 0x00000000c4d00000| Untracked 
|  38|0x00000000c4e00000, 0x00000000c4e00000, 0x00000000c4f00000|  0%| F|  |TAMS 0x00000000c4e00000| PB 0x00000000c4e00000| Untracked 
|  39|0x00000000c4f00000, 0x00000000c4f00000, 0x00000000c5000000|  0%| F|  |TAMS 0x00000000c4f00000| PB 0x00000000c4f00000| Untracked 
|  40|0x00000000c5000000, 0x00000000c5000000, 0x00000000c5100000|  0%| F|  |TAMS 0x00000000c5000000| PB 0x00000000c5000000| Untracked 
|  41|0x00000000c5100000, 0x00000000c5100000, 0x00000000c5200000|  0%| F|  |TAMS 0x00000000c5100000| PB 0x00000000c5100000| Untracked 
|  42|0x00000000c5200000, 0x00000000c5200000, 0x00000000c5300000|  0%| F|  |TAMS 0x00000000c5200000| PB 0x00000000c5200000| Untracked 
|  43|0x00000000c5300000, 0x00000000c5300000, 0x00000000c5400000|  0%| F|  |TAMS 0x00000000c5300000| PB 0x00000000c5300000| Untracked 
|  44|0x00000000c5400000, 0x00000000c5400000, 0x00000000c5500000|  0%| F|  |TAMS 0x00000000c5400000| PB 0x00000000c5400000| Untracked 
|  45|0x00000000c5500000, 0x00000000c5500000, 0x00000000c5600000|  0%| F|  |TAMS 0x00000000c5500000| PB 0x00000000c5500000| Untracked 
|  46|0x00000000c5600000, 0x00000000c5600000, 0x00000000c5700000|  0%| F|  |TAMS 0x00000000c5600000| PB 0x00000000c5600000| Untracked 
|  47|0x00000000c5700000, 0x00000000c5700000, 0x00000000c5800000|  0%| F|  |TAMS 0x00000000c5700000| PB 0x00000000c5700000| Untracked 
|  48|0x00000000c5800000, 0x00000000c5800000, 0x00000000c5900000|  0%| F|  |TAMS 0x00000000c5800000| PB 0x00000000c5800000| Untracked 
|  49|0x00000000c5900000, 0x00000000c5900000, 0x00000000c5a00000|  0%| F|  |TAMS 0x00000000c5900000| PB 0x00000000c5900000| Untracked 
|  50|0x00000000c5a00000, 0x00000000c5a00000, 0x00000000c5b00000|  0%| F|  |TAMS 0x00000000c5a00000| PB 0x00000000c5a00000| Untracked 
|  51|0x00000000c5b00000, 0x00000000c5b00000, 0x00000000c5c00000|  0%| F|  |TAMS 0x00000000c5b00000| PB 0x00000000c5b00000| Untracked 
|  52|0x00000000c5c00000, 0x00000000c5c00000, 0x00000000c5d00000|  0%| F|  |TAMS 0x00000000c5c00000| PB 0x00000000c5c00000| Untracked 
|  53|0x00000000c5d00000, 0x00000000c5d00000, 0x00000000c5e00000|  0%| F|  |TAMS 0x00000000c5d00000| PB 0x00000000c5d00000| Untracked 
|  54|0x00000000c5e00000, 0x00000000c5e00000, 0x00000000c5f00000|  0%| F|  |TAMS 0x00000000c5e00000| PB 0x00000000c5e00000| Untracked 
|  55|0x00000000c5f00000, 0x00000000c5f00000, 0x00000000c6000000|  0%| F|  |TAMS 0x00000000c5f00000| PB 0x00000000c5f00000| Untracked 
|  56|0x00000000c6000000, 0x00000000c6000000, 0x00000000c6100000|  0%| F|  |TAMS 0x00000000c6000000| PB 0x00000000c6000000| Untracked 
|  57|0x00000000c6100000, 0x00000000c6100000, 0x00000000c6200000|  0%| F|  |TAMS 0x00000000c6100000| PB 0x00000000c6100000| Untracked 
|  58|0x00000000c6200000, 0x00000000c6200000, 0x00000000c6300000|  0%| F|  |TAMS 0x00000000c6200000| PB 0x00000000c6200000| Untracked 
|  59|0x00000000c6300000, 0x00000000c6300000, 0x00000000c6400000|  0%| F|  |TAMS 0x00000000c6300000| PB 0x00000000c6300000| Untracked 
|  60|0x00000000c6400000, 0x00000000c6500000, 0x00000000c6500000|100%| E|  |TAMS 0x00000000c6400000| PB 0x00000000c6400000| Complete 
|  61|0x00000000c6500000, 0x00000000c6600000, 0x00000000c6600000|100%| E|CS|TAMS 0x00000000c6500000| PB 0x00000000c6500000| Complete 

Card table byte_map: [0x00000254fbe30000,0x00000254fc020000] _byte_map_base: 0x00000254fb81c000

Marking Bits: (CMBitMap*) 0x00000254f35a3ed0
 Bits: [0x00000254fc020000, 0x00000254fcf80000)

Polling page: 0x00000254f1510000

Metaspace:

Usage:
  Non-class:      6.13 MB used.
      Class:    554.74 KB used.
       Both:      6.67 MB used.

Virtual space:
  Non-class space:       64.00 MB reserved,       6.19 MB ( 10%) committed,  1 nodes.
      Class space:        1.00 GB reserved,     640.00 KB ( <1%) committed,  1 nodes.
             Both:        1.06 GB reserved,       6.81 MB ( <1%) committed. 

Chunk freelists:
   Non-Class:  9.00 MB
       Class:  15.25 MB
        Both:  24.25 MB

MaxMetaspaceSize: unlimited
CompressedClassSpaceSize: 1.00 GB
Initial GC threshold: 21.00 MB
Current GC threshold: 21.00 MB
CDS: off
 - commit_granule_bytes: 65536.
 - commit_granule_words: 8192.
 - virtual_space_node_default_size: 8388608.
 - enlarge_chunks_in_place: 1.
 - use_allocation_guard: 0.


Internal statistics:

num_allocs_failed_limit: 0.
num_arena_births: 6.
num_arena_deaths: 0.
num_vsnodes_births: 2.
num_vsnodes_deaths: 0.
num_space_committed: 109.
num_space_uncommitted: 0.
num_chunks_returned_to_freelist: 0.
num_chunks_taken_from_freelist: 17.
num_chunk_merges: 0.
num_chunk_splits: 7.
num_chunks_enlarged: 3.
num_inconsistent_stats: 0.

CodeHeap 'non-profiled nmethods': size=120000Kb used=44Kb max_used=44Kb free=119955Kb
 bounds [0x0000025487ad0000, 0x0000025487d40000, 0x000002548f000000]
CodeHeap 'profiled nmethods': size=120000Kb used=175Kb max_used=175Kb free=119824Kb
 bounds [0x0000025480000000, 0x0000025480270000, 0x0000025487530000]
CodeHeap 'non-nmethods': size=5760Kb used=1271Kb max_used=1285Kb free=4488Kb
 bounds [0x0000025487530000, 0x00000254877a0000, 0x0000025487ad0000]
 total_blobs=539 nmethods=150 adapters=294
 compilation: enabled
              stopped_count=0, restarted_count=0
 full_count=0

Compilation events (20 events):
Event: 0.287 Thread 0x000002548f1fbf20  140       3       java.nio.Buffer::session (20 bytes)
Event: 0.288 Thread 0x000002548f1fbf20 nmethod 140 0x0000025480027a90 code [0x0000025480027c60, 0x0000025480027f30]
Event: 0.288 Thread 0x000002548f1fbf20  141       3       java.nio.Buffer::checkIndex (12 bytes)
Event: 0.288 Thread 0x000002548f1fbf20 nmethod 141 0x0000025480028010 code [0x00000254800281c0, 0x0000025480028320]
Event: 0.288 Thread 0x000002548f1fbf20  142       3       jdk.internal.module.ModuleReferenceImpl::hashCode (56 bytes)
Event: 0.288 Thread 0x000002548f1fbf20 nmethod 142 0x0000025480028410 code [0x0000025480028600, 0x0000025480028a78]
Event: 0.288 Thread 0x000002548f1fbf20  143   !   3       java.nio.DirectByteBuffer::get (34 bytes)
Event: 0.289 Thread 0x000002548f32f2a0  148       4       java.lang.ref.Reference::reachabilityFence (1 bytes)
Event: 0.289 Thread 0x000002548f1fbf20 nmethod 143 0x0000025480028c10 code [0x0000025480028e60, 0x0000025480029780]
Event: 0.289 Thread 0x000002548f1fbf20  144       3       java.nio.DirectByteBuffer::ix (10 bytes)
Event: 0.290 Thread 0x000002548f32f2a0 nmethod 148 0x0000025487adac90 code [0x0000025487adae00, 0x0000025487adae68]
Event: 0.290 Thread 0x000002548f1fbf20 nmethod 144 0x0000025480029c10 code [0x0000025480029da0, 0x0000025480029eb8]
Event: 0.290 Thread 0x000002548f1fbf20  145   !   3       jdk.internal.misc.ScopedMemoryAccess::getByte (16 bytes)
Event: 0.290 Thread 0x000002548f1fbf20 nmethod 145 0x0000025480029f90 code [0x000002548002a180, 0x000002548002a558]
Event: 0.290 Thread 0x000002548f1fbf20  149       3       jdk.internal.jimage.ImageStringsReader::unmaskedHashCode (166 bytes)
Event: 0.291 Thread 0x000002548f1fbf20 nmethod 149 0x000002548002a790 code [0x000002548002a9e0, 0x000002548002b4e0]
Event: 0.291 Thread 0x000002548f1fbf20  146   !   3       jdk.internal.misc.ScopedMemoryAccess::getByteInternal (34 bytes)
Event: 0.292 Thread 0x000002548f1fbf20 nmethod 146 0x000002548002b990 code [0x000002548002bb40, 0x000002548002bda8]
Event: 0.292 Thread 0x000002548f1fbf20  150       1       java.nio.Buffer::limit (5 bytes)
Event: 0.292 Thread 0x000002548f1fbf20 nmethod 150 0x0000025487adaf90 code [0x0000025487adb120, 0x0000025487adb1e8]

GC Heap History (0 events):
No events

Dll operation events (4 events):
Event: 0.012 Loaded shared library C:\Users\Lenovo\AppData\Roaming\Code\User\globalStorage\pleiades.java-extension-pack-jdk\java\21\bin\java.dll
Event: 0.135 Loaded shared library C:\Users\Lenovo\AppData\Roaming\Code\User\globalStorage\pleiades.java-extension-pack-jdk\java\21\bin\jsvml.dll
Event: 0.201 Loading shared library C:\Users\Lenovo\AppData\Roaming\Code\User\globalStorage\pleiades.java-extension-pack-jdk\java\21\bin\net.dll failed, error code 1455
Event: 0.263 Loaded shared library C:\Users\Lenovo\AppData\Roaming\Code\User\globalStorage\pleiades.java-extension-pack-jdk\java\21\bin\jimage.dll

Deoptimization events (0 events):
No events

Classes loaded (20 events):
Event: 0.288 Loading class jdk/internal/loader/BuiltinClassLoader$1 done
Event: 0.289 Loading class java/lang/CompoundEnumeration
Event: 0.289 Loading class java/lang/CompoundEnumeration done
Event: 0.290 Loading class jdk/internal/loader/URLClassPath$1
Event: 0.290 Loading class jdk/internal/loader/URLClassPath$1 done
Event: 0.290 Loading class java/util/concurrent/CopyOnWriteArrayList$COWIterator
Event: 0.291 Loading class java/util/concurrent/CopyOnWriteArrayList$COWIterator done
Event: 0.291 Loading class sun/util/logging/internal/LoggingProviderImpl
Event: 0.291 Loading class sun/util/logging/internal/LoggingProviderImpl done
Event: 0.291 Loading class sun/util/logging/internal/LoggingProviderImpl$LogManagerAccess
Event: 0.291 Loading class sun/util/logging/internal/LoggingProviderImpl$LogManagerAccess done
Event: 0.291 Loading class java/util/ServiceLoader$1
Event: 0.291 Loading class java/util/ServiceLoader$1 done
Event: 0.291 Loading class java/util/ServiceLoader$ProviderImpl
Event: 0.291 Loading class java/util/ServiceLoader$Provider
Event: 0.291 Loading class java/util/ServiceLoader$Provider done
Event: 0.291 Loading class java/util/ServiceLoader$ProviderImpl done
Event: 0.292 Loading class jdk/internal/logger/BootstrapLogger$LoggingBackend
Event: 0.292 Loading class jdk/internal/logger/BootstrapLogger$LoggingBackend done
Event: 0.292 Loading class jdk/internal/logger/LazyLoggers$JdkLazyLogger

Classes unloaded (0 events):
No events

Classes redefined (0 events):
No events

Internal exceptions (4 events):
Event: 0.201 Thread 0x00000254f1403c20 Exception <a 'java/lang/UnsatisfiedLinkError'{0x00000000c6451708}> (0x00000000c6451708) 
thrown [s\src\hotspot\share\prims\jvm.cpp, line 3424]
Event: 0.201 Thread 0x00000254f1403c20 Exception <a 'java/lang/UnsatisfiedLinkError'{0x00000000c6451708}> (0x00000000c6451708) 
thrown [s\src\hotspot\share\prims\jni.cpp, line 520]
Event: 0.202 Thread 0x00000254f1403c20 Exception <a 'java/lang/UnsatisfiedLinkError'{0x00000000c6451708}> (0x00000000c6451708) 
thrown [s\src\hotspot\share\oops\instanceKlass.cpp, line 1231]
Event: 0.232 Thread 0x00000254f1403c20 Exception <a 'java/lang/ClassNotFoundException'{0x00000000c646a4a0}: sun/launcher/resources/spi/launcherProvider> (0x00000000c646a4a0) 
thrown [s\src\hotspot\share\classfile\systemDictionary.cpp, line 312]

ZGC Phase Switch (0 events):
No events

VM Operations (0 events):
No events

Events (11 events):
Event: 0.026 Thread 0x00000254f1403c20 Thread added: 0x00000254f1403c20
Event: 0.129 Thread 0x000002548f1f14c0 Thread added: 0x000002548f1f14c0
Event: 0.129 Thread 0x000002548f32aaf0 Thread added: 0x000002548f32aaf0
Event: 0.131 Thread 0x000002548f33e5d0 Thread added: 0x000002548f33e5d0
Event: 0.131 Thread 0x000002548f33f030 Thread added: 0x000002548f33f030
Event: 0.131 Thread 0x000002548f32cf60 Thread added: 0x000002548f32cf60
Event: 0.131 Thread 0x000002548f32dd70 Thread added: 0x000002548f32dd70
Event: 0.131 Thread 0x000002548f32f2a0 Thread added: 0x000002548f32f2a0
Event: 0.131 Thread 0x000002548f1fbf20 Thread added: 0x000002548f1fbf20
Event: 0.184 Thread 0x000002548f4ce6b0 Thread added: 0x000002548f4ce6b0
Event: 0.191 Thread 0x000002548f4d0f30 Thread added: 0x000002548f4d0f30


Dynamic libraries:
0x00007ff65e5c0000 - 0x00007ff65e5ce000 	C:\Users\Lenovo\AppData\Roaming\Code\User\globalStorage\pleiades.java-extension-pack-jdk\java\21\bin\java.exe
0x00007ffd439d0000 - 0x00007ffd43be7000 	C:\WINDOWS\SYSTEM32\ntdll.dll
0x00007ffd41ff0000 - 0x00007ffd420b4000 	C:\WINDOWS\System32\KERNEL32.DLL
0x00007ffd40cb0000 - 0x00007ffd41083000 	C:\WINDOWS\System32\KERNELBASE.dll
0x00007ffd40b90000 - 0x00007ffd40ca1000 	C:\WINDOWS\System32\ucrtbase.dll
0x00007ffd39880000 - 0x00007ffd39898000 	C:\Users\Lenovo\AppData\Roaming\Code\User\globalStorage\pleiades.java-extension-pack-jdk\java\21\bin\jli.dll
0x00007ffd43710000 - 0x00007ffd438c1000 	C:\WINDOWS\System32\USER32.dll
0x00007ffd41520000 - 0x00007ffd41546000 	C:\WINDOWS\System32\win32u.dll
0x00007ffd42ca0000 - 0x00007ffd42cc9000 	C:\WINDOWS\System32\GDI32.dll
0x00007ffd41400000 - 0x00007ffd4151b000 	C:\WINDOWS\System32\gdi32full.dll
0x00007ffd40af0000 - 0x00007ffd40b8a000 	C:\WINDOWS\System32\msvcp_win.dll
0x00007ffd35ae0000 - 0x00007ffd35afb000 	C:\Users\Lenovo\AppData\Roaming\Code\User\globalStorage\pleiades.java-extension-pack-jdk\java\21\bin\VCRUNTIME140.dll
0x00007ffd2dae0000 - 0x00007ffd2dd78000 	C:\WINDOWS\WinSxS\amd64_microsoft.windows.common-controls_6595b64144ccf1df_6.0.22621.5124_none_270e8f4f7386d69d\COMCTL32.dll
0x00007ffd42260000 - 0x00007ffd42307000 	C:\WINDOWS\System32\msvcrt.dll
0x00007ffd438d0000 - 0x00007ffd43901000 	C:\WINDOWS\System32\IMM32.DLL
0x00007ffd3b5a0000 - 0x00007ffd3b5ac000 	C:\Users\Lenovo\AppData\Roaming\Code\User\globalStorage\pleiades.java-extension-pack-jdk\java\21\bin\vcruntime140_1.dll
0x00007ffd12be0000 - 0x00007ffd12c6e000 	C:\Users\Lenovo\AppData\Roaming\Code\User\globalStorage\pleiades.java-extension-pack-jdk\java\21\bin\msvcp140.dll
0x00007ffcefa10000 - 0x00007ffcf0792000 	C:\Users\Lenovo\AppData\Roaming\Code\User\globalStorage\pleiades.java-extension-pack-jdk\java\21\bin\server\jvm.dll
0x00007ffd41b10000 - 0x00007ffd41bc1000 	C:\WINDOWS\System32\ADVAPI32.dll
0x00007ffd41d20000 - 0x00007ffd41dc8000 	C:\WINDOWS\System32\sechost.dll
0x00007ffd415d0000 - 0x00007ffd415f8000 	C:\WINDOWS\System32\bcrypt.dll
0x00007ffd416d0000 - 0x00007ffd417e4000 	C:\WINDOWS\System32\RPCRT4.dll
0x00007ffd43910000 - 0x00007ffd43981000 	C:\WINDOWS\System32\WS2_32.dll
0x00007ffd409c0000 - 0x00007ffd40a0d000 	C:\WINDOWS\SYSTEM32\POWRPROF.dll
0x00007ffd39800000 - 0x00007ffd39834000 	C:\WINDOWS\SYSTEM32\WINMM.dll
0x00007ffd31e60000 - 0x00007ffd31e6a000 	C:\WINDOWS\SYSTEM32\VERSION.dll
0x00007ffd409a0000 - 0x00007ffd409b3000 	C:\WINDOWS\SYSTEM32\UMPDC.dll
0x00007ffd3fb20000 - 0x00007ffd3fb38000 	C:\WINDOWS\SYSTEM32\kernel.appcore.dll
0x00007ffd3a710000 - 0x00007ffd3a71a000 	C:\Users\Lenovo\AppData\Roaming\Code\User\globalStorage\pleiades.java-extension-pack-jdk\java\21\bin\jimage.dll
0x00007ffd3e530000 - 0x00007ffd3e762000 	C:\WINDOWS\SYSTEM32\DBGHELP.DLL
0x00007ffd42310000 - 0x00007ffd426a2000 	C:\WINDOWS\System32\combase.dll
0x00007ffd43570000 - 0x00007ffd43647000 	C:\WINDOWS\System32\OLEAUT32.dll
0x00007ffd2aff0000 - 0x00007ffd2b022000 	C:\WINDOWS\SYSTEM32\dbgcore.DLL
0x00007ffd41600000 - 0x00007ffd4167b000 	C:\WINDOWS\System32\bcryptPrimitives.dll
0x00007ffd2c330000 - 0x00007ffd2c34f000 	C:\Users\Lenovo\AppData\Roaming\Code\User\globalStorage\pleiades.java-extension-pack-jdk\java\21\bin\java.dll
0x00007ffd42cd0000 - 0x00007ffd43566000 	C:\WINDOWS\System32\SHELL32.dll
0x00007ffd41090000 - 0x00007ffd411cf000 	C:\WINDOWS\System32\wintypes.dll
0x00007ffd3ea20000 - 0x00007ffd3f33a000 	C:\WINDOWS\SYSTEM32\windows.storage.dll
0x00007ffd426b0000 - 0x00007ffd427ba000 	C:\WINDOWS\System32\SHCORE.dll
0x00007ffd436a0000 - 0x00007ffd43703000 	C:\WINDOWS\System32\shlwapi.dll
0x00007ffd40a20000 - 0x00007ffd40a4b000 	C:\WINDOWS\SYSTEM32\profapi.dll
0x00007ffcf40c0000 - 0x00007ffcf4197000 	C:\Users\Lenovo\AppData\Roaming\Code\User\globalStorage\pleiades.java-extension-pack-jdk\java\21\bin\jsvml.dll

dbghelp: loaded successfully - version: 4.0.5 - missing functions: none
symbol engine: initialized successfully - sym options: 0x614 - pdb path: .;C:\Users\Lenovo\AppData\Roaming\Code\User\globalStorage\pleiades.java-extension-pack-jdk\java\21\bin;C:\WINDOWS\SYSTEM32;C:\WINDOWS\WinSxS\amd64_microsoft.windows.common-controls_6595b64144ccf1df_6.0.22621.5124_none_270e8f4f7386d69d;C:\Users\Lenovo\AppData\Roaming\Code\User\globalStorage\pleiades.java-extension-pack-jdk\java\21\bin\server

VM Arguments:
jvm_args: -Dclassworlds.conf=C:\Users\Lenovo\AppData\Roaming\Code\User\globalStorage\pleiades.java-extension-pack-jdk\maven\latest\bin\m2.conf -Dmaven.home=C:\Users\Lenovo\AppData\Roaming\Code\User\globalStorage\pleiades.java-extension-pack-jdk\maven\latest -Dlibrary.jansi.path=C:\Users\Lenovo\AppData\Roaming\Code\User\globalStorage\pleiades.java-extension-pack-jdk\maven\latest\lib\jansi-native -Dmaven.multiModuleProjectDirectory=C:\Users\Lenovo\OneDrive\Desktop\Sorting-Visualizer 
java_command: org.codehaus.plexus.classworlds.launcher.Launcher spring-boot:run
java_class_path (initial): C:\Users\Lenovo\AppData\Roaming\Code\User\globalStorage\pleiades.java-extension-pack-jdk\maven\latest\boot\plexus-classworlds-2.8.0.jar
Launcher Type: SUN_STANDARD

[Global flags]
     intx CICompilerCount                          = 3                                         {product} {ergonomic}
     uint ConcGCThreads                            = 1                                         {product} {ergonomic}
     uint G1ConcRefinementThreads                  = 4                                         {product} {ergonomic}
   size_t G1HeapRegionSize                         = 1048576                                   {product} {ergonomic}
    uintx GCDrainStackTargetSize                   = 64                                        {product} {ergonomic}
   size_t InitialHeapSize                          = 65011712                                  {product} {ergonomic}
   size_t MarkStackSize                            = 4194304                                   {product} {ergonomic}
   size_t MaxHeapSize                              = 1031798784                                {product} {ergonomic}
   size_t MaxNewSize                               = 618659840                                 {product} {ergonomic}
   size_t MinHeapDeltaBytes                        = 1048576                                   {product} {ergonomic}
   size_t MinHeapSize                              = 8388608                                   {product} {ergonomic}
    uintx NonNMethodCodeHeapSize                   = 5832780                                {pd product} {ergonomic}
    uintx NonProfiledCodeHeapSize                  = 122912730                              {pd product} {ergonomic}
    uintx ProfiledCodeHeapSize                     = 122912730                              {pd product} {ergonomic}
    uintx ReservedCodeCacheSize                    = 251658240                              {pd product} {ergonomic}
     bool SegmentedCodeCache                       = true                                      {product} {ergonomic}
   size_t SoftMaxHeapSize                          = 1031798784                             {manageable} {ergonomic}
     bool UseCompressedOops                        = true                           {product lp64_product} {ergonomic}
     bool UseG1GC                                  = true                                      {product} {ergonomic}
     bool UseLargePagesIndividualAllocation        = false                                  {pd product} {ergonomic}

Logging:
Log output configuration:
 #0: stdout all=warning uptime,level,tags foldmultilines=false
 #1: stderr all=off uptime,level,tags foldmultilines=false

Environment Variables:
JAVA_HOME=C:\Users\Lenovo\AppData\Roaming\Code\User\globalStorage\pleiades.java-extension-pack-jdk\java\21
CLASSPATH=C:\mysql-connector-j-9.2.0.jar;.
PATH=C:\Users\Lenovo\AppData\Roaming\Code\User\globalStorage\pleiades.java-extension-pack-jdk\gradle\latest\bin;C:\Users\Lenovo\AppData\Roaming\Code\User\globalStorage\pleiades.java-extension-pack-jdk\maven\latest\bin;C:\Users\Lenovo\AppData\Roaming\Code\User\globalStorage\pleiades.java-extension-pack-jdk\java\21\bin;C:\Users\Lenovo\jdk-17.0.12_windows-x64_bin\jdk-17.0.12;C:\Program Files\MySQL\MySQL Shell 8.0\bin\;C:\Users\Lenovo\AppData\Local\Programs\Python\Python311\Scripts\;C:\Users\Lenovo\AppData\Local\Programs\Python\Python311\;C:\Users\Lenovo\AppData\Local\Microsoft\WindowsApps;C:\Users\Lenovo\AppData\Local\Programs\Microsoft VS Code\bin;C:\Users\Lenovo\AppData\Roaming\npm;C:\Program Files\nodejs;C:\Users\Lenovo\OneDrive\Desktop\java assignments;C:\Users\Lenovo\apache-maven-3.9.9\bin;C:\Users\Lenovo\jdk-17.0.12_windows-x64_bin\jdk-17.0.12\bin;
USERNAME=Lenovo
LANG=en_US.UTF-8
OS=Windows_NT
PROCESSOR_IDENTIFIER=Intel64 Family 6 Model 142 Stepping 12, GenuineIntel
TMP=C:\Users\Lenovo\AppData\Local\Temp
TEMP=C:\Users\Lenovo\AppData\Local\Temp




Periodic native trim disabled

---------------  S Y S T E M  ---------------

OS:
 Windows 11 , 64 bit Build 22621 (10.0.22621.5124)
OS uptime: 0 days 5:30 hours

CPU: total 4 (initial active 4) (2 cores per cpu, 2 threads per core) family 6 model 142 stepping 12 microcode 0xea, cx8, cmov, fxsr, ht, mmx, 3dnowpref, sse, sse2, sse3, ssse3, sse4.1, sse4.2, popcnt, lzcnt, tsc, tscinvbit, avx, avx2, aes, erms, clmul, bmi1, bmi2, adx, fma, vzeroupper, clflush, clflushopt, rdtscp, f16c
Processor Information for processor 0
  Max Mhz: 2592, Current Mhz: 2093, Mhz Limit: 2073
Processor Information for processor 1
  Max Mhz: 2592, Current Mhz: 2093, Mhz Limit: 2073
Processor Information for processor 2
  Max Mhz: 2592, Current Mhz: 2093, Mhz Limit: 2073
Processor Information for processor 3
  Max Mhz: 2592, Current Mhz: 1495, Mhz Limit: 2073

Memory: 4k page, system-wide physical 3930M (272M free)
TotalPageFile size 11430M (AvailPageFile size 5M)
current process WorkingSet (physical memory assigned to process): 31M, peak: 31M
current process commit charge ("private bytes"): 128M, peak: 128M

vm_info: OpenJDK 64-Bit Server VM (21.0.3+9-LTS) for windows-amd64 JRE (21.0.3+9-LTS), built on 2024-04-16T00:00:00Z by "admin" with MS VC++ 17.7 (VS2022)

END.
