#
# There is insufficient memory for the Java Runtime Environment to continue.
# Native memory allocation (mmap) failed to map 65536 bytes. Error detail: Failed to commit metaspace.
# Possible reasons:
#   The system is out of physical RAM or swap space
#   This process is running with CompressedOops enabled, and the Java Heap may be blocking the growth of the native heap
# Possible solutions:
#   Reduce memory load on the system
#   Increase physical memory or swap space
#   Check if swap backing store is full
#   Decrease Java heap size (-Xmx/-Xms)
#   Decrease number of Java threads
#   Decrease Java thread stack sizes (-Xss)
#   Set larger code cache with -XX:ReservedCodeCacheSize=
#   JVM is running with Unscaled Compressed Oops mode in which the Java heap is
#     placed in the first 4GB address space. The Java Heap base address is the
#     maximum limit for the native heap growth. Please use -XX:HeapBaseMinAddress
#     to set the Java Heap base and to place the Java Heap above 4GB virtual address.
# This output file may be truncated or incomplete.
#
#  Out of Memory Error (virtualSpaceNode.cpp:113), pid=8364, tid=13152
#
# JRE version: OpenJDK Runtime Environment Temurin-21.0.6+7 (21.0.6+7) (build 21.0.6+7-LTS)
# Java VM: OpenJDK 64-Bit Server VM Temurin-21.0.6+7 (21.0.6+7-LTS, mixed mode, sharing, tiered, compressed oops, compressed class ptrs, parallel gc, windows-amd64)
# No core dump will be written. Minidumps are not enabled by default on client versions of Windows
#

---------------  S U M M A R Y ------------

Command Line: --add-modules=ALL-SYSTEM --add-opens=java.base/java.util=ALL-UNNAMED --add-opens=java.base/java.lang=ALL-UNNAMED --add-opens=java.base/sun.nio.fs=ALL-UNNAMED -Declipse.application=org.eclipse.jdt.ls.core.id1 -Dosgi.bundles.defaultStartLevel=4 -Declipse.product=org.eclipse.jdt.ls.core.product -Djava.import.generatesMetadataFilesAtProjectRoot=false -DDetectVMInstallationsJob.disabled=true -Dfile.encoding=utf8 -XX:+UseParallelGC -XX:GCTimeRatio=4 -XX:AdaptiveSizePolicyWeight=90 -Dsun.zip.disableMemoryMapping=true -Xmx1G -Xms100m -Xlog:disable -javaagent:c:\Users\Lenovo\.vscode\extensions\redhat.java-1.41.1-win32-x64\lombok\lombok-1.18.36.jar c:\Users\Lenovo\.vscode\extensions\redhat.java-1.41.1-win32-x64\server\plugins\org.eclipse.equinox.launcher_1.7.0.v20250331-1702.jar -configuration c:\Users\Lenovo\AppData\Roaming\Code\User\globalStorage\redhat.java\1.41.1\config_ss_win -data c:\Users\Lenovo\AppData\Roaming\Code\User\workspaceStorage\f5a3240dc06285fb28f8b563d5898278\redhat.java\ss_ws --pipe=\\.\pipe\lsp-c6012fd7a61ab3adfff37fac97b13541-sock

Host: Intel(R) Core(TM) i3-10110U CPU @ 2.10GHz, 4 cores, 3G,  Windows 11 , 64 bit Build 22621 (10.0.22621.5124)
Time: Mon Apr 28 21:15:54 2025 India Standard Time elapsed time: 1.584303 seconds (0d 0h 0m 1s)

---------------  T H R E A D  ---------------

Current thread (0x0000020703d4c0c0):  JavaThread "main"             [_thread_in_vm, id=13152, stack(0x00000021d6f00000,0x00000021d7000000) (1024K)]

Stack: [0x00000021d6f00000,0x00000021d7000000]
Native frames: (J=compiled Java code, j=interpreted, Vv=VM code, C=native code)
V  [jvm.dll+0x6cdee9]
V  [jvm.dll+0x8a83d1]
V  [jvm.dll+0x8aa8fe]
V  [jvm.dll+0x8aafe3]
V  [jvm.dll+0x27f706]
V  [jvm.dll+0x8a411e]
V  [jvm.dll+0x670385]
V  [jvm.dll+0x6703ea]
V  [jvm.dll+0x672bd2]
V  [jvm.dll+0x672aa2]
V  [jvm.dll+0x670d5e]
V  [jvm.dll+0x26a730]
V  [jvm.dll+0x216107]
V  [jvm.dll+0x20bb8e]
V  [jvm.dll+0x5ae3ec]
V  [jvm.dll+0x21d24a]
V  [jvm.dll+0x820d9c]
V  [jvm.dll+0x821dc4]
V  [jvm.dll+0x822392]
V  [jvm.dll+0x822018]
V  [jvm.dll+0x26cd7b]
V  [jvm.dll+0x3d479e]
C  0x000002070e489274

The last pc belongs to new (printed below).
Java frames: (J=compiled Java code, j=interpreted, Vv=VM code)
j  sun.security.provider.X509Factory.cachedGetX509Cert([B)Lsun/security/x509/X509CertImpl;+17 java.base@21.0.6
j  sun.security.provider.X509Factory.engineGenerateCertificate(Ljava/io/InputStream;)Ljava/security/cert/Certificate;+33 java.base@21.0.6
j  java.security.cert.CertificateFactory.generateCertificate(Ljava/io/InputStream;)Ljava/security/cert/Certificate;+5 java.base@21.0.6
j  sun.security.pkcs.PKCS7.parseSignedData(Lsun/security/util/DerValue;)V+279 java.base@21.0.6
j  sun.security.pkcs.PKCS7.parse(Lsun/security/util/DerInputStream;Z)V+51 java.base@21.0.6
j  sun.security.pkcs.PKCS7.parse(Lsun/security/util/DerInputStream;)V+11 java.base@21.0.6
j  sun.security.pkcs.PKCS7.<init>([B)V+50 java.base@21.0.6
j  sun.security.util.SignatureFileVerifier.<init>(Ljava/util/ArrayList;Lsun/security/util/ManifestDigester;Ljava/lang/String;[B)V+35 java.base@21.0.6
j  java.util.jar.JarVerifier.processEntry(Lsun/security/util/ManifestEntryVerifier;)V+319 java.base@21.0.6
j  java.util.jar.JarVerifier.update(I[BIILsun/security/util/ManifestEntryVerifier;)V+39 java.base@21.0.6
j  java.util.jar.JarFile.initializeVerifier()V+164 java.base@21.0.6
j  java.util.jar.JarFile.ensureInitialization()V+36 java.base@21.0.6
j  java.util.jar.JavaUtilJarAccessImpl.ensureInitialization(Ljava/util/jar/JarFile;)V+1 java.base@21.0.6
j  jdk.internal.loader.URLClassPath$JarLoader$2.getManifest()Ljava/util/jar/Manifest;+10 java.base@21.0.6
j  jdk.internal.loader.BuiltinClassLoader.defineClass(Ljava/lang/String;Ljdk/internal/loader/Resource;)Ljava/lang/Class;+29 java.base@21.0.6
j  jdk.internal.loader.BuiltinClassLoader.findClassOnClassPathOrNull(Ljava/lang/String;)Ljava/lang/Class;+37 java.base@21.0.6
j  jdk.internal.loader.BuiltinClassLoader.loadClassOrNull(Ljava/lang/String;Z)Ljava/lang/Class;+111 java.base@21.0.6
j  jdk.internal.loader.BuiltinClassLoader.loadClass(Ljava/lang/String;Z)Ljava/lang/Class;+3 java.base@21.0.6
j  jdk.internal.loader.ClassLoaders$AppClassLoader.loadClass(Ljava/lang/String;Z)Ljava/lang/Class;+36 java.base@21.0.6
j  java.lang.ClassLoader.loadClass(Ljava/lang/String;)Ljava/lang/Class;+3 java.base@21.0.6
v  ~StubRoutines::call_stub 0x000002070e47100d
j  java.lang.Class.forName0(Ljava/lang/String;ZLjava/lang/ClassLoader;Ljava/lang/Class;)Ljava/lang/Class;+0 java.base@21.0.6
j  java.lang.Class.forName(Ljava/lang/String;ZLjava/lang/ClassLoader;Ljava/lang/Class;)Ljava/lang/Class;+37 java.base@21.0.6
j  java.lang.Class.forName(Ljava/lang/String;ZLjava/lang/ClassLoader;)Ljava/lang/Class;+20 java.base@21.0.6
j  sun.launcher.LauncherHelper.loadMainClass(ILjava/lang/String;)Ljava/lang/Class;+95 java.base@21.0.6
j  sun.launcher.LauncherHelper.checkAndLoadMain(ZILjava/lang/String;)Ljava/lang/Class;+42 java.base@21.0.6
v  ~StubRoutines::call_stub 0x000002070e47100d
new  187 new  [0x000002070e4890e0, 0x000002070e4892e8]  520 bytes
[MachCode]
  0x000002070e4890e0: 4883 ec08 | c5fa 1104 | 24eb 1f48 | 83ec 10c5 | fb11 0424 | eb14 4883 | ec10 4889 | 0424 48c7 
  0x000002070e489100: 4424 0800 | 0000 00eb | 0150 410f | b755 010f | cac1 ea10 | 488b 4de8 | 488b 4908 | 488b 4908 
  0x000002070e489120: 488b 4108 | 807c 1004 | 070f 85d3 | 0000 0066 | 8b54 d148 | 488b 4928 | 488b 4cd1 | 0851 80b9 
  0x000002070e489140: 2101 0000 | 040f 85b6 | 0000 008b | 5108 f6c2 | 010f 85aa | 0000 0049 | 8b87 b801 | 0000 488d 
  0x000002070e489160: 1c10 493b | 9fc8 0100 | 000f 8792 | 0000 0049 | 899f b801 | 0000 4883 | ea10 0f84 | 0f00 0000 
  0x000002070e489180: 33c9 c1ea | 0348 894c | d008 48ff | ca75 f648 | c700 0100 | 0000 5933 | f689 700c | 49ba 0000 
  0x000002070e4891a0: 0018 0702 | 0000 492b | ca89 4808 | 49ba 365b | 489c fa7f | 0000 4180 | 3a00 0f84 | 3c00 0000 
  0x000002070e4891c0: 5048 8bc8 | 4883 ec20 | 40f6 c40f | 0f84 1900 | 0000 4883 | ec08 48b8 | 004c f29b | fa7f 0000 
  0x000002070e4891e0: ffd0 4883 | c408 e90c | 0000 0048 | b800 4cf2 | 9bfa 7f00 | 00ff d048 | 83c4 2058 | e9cb 0000 
  0x000002070e489200: 0059 488b | 55e8 488b | 5208 488b | 5208 450f | b745 0141 | 0fc8 41c1 | e810 e805 | 0000 00e9 
  0x000002070e489220: a800 0000 | 488d 4424 | 084c 896d | c049 8bcf | c5f8 7749 | 89af a803 | 0000 4989 | 8798 0300 
  0x000002070e489240: 0048 83ec | 2040 f6c4 | 0f0f 8419 | 0000 0048 | 83ec 0848 | b850 47bc | 9bfa 7f00 | 00ff d048 
  0x000002070e489260: 83c4 08e9 | 0c00 0000 | 48b8 5047 | bc9b fa7f | 0000 ffd0 | 4883 c420 | 49c7 8798 | 0300 0000 
  0x000002070e489280: 0000 0049 | c787 a803 | 0000 0000 | 0000 49c7 | 87a0 0300 | 0000 0000 | 00c5 f877 | 4983 7f08 
  0x000002070e4892a0: 000f 8405 | 0000 00e9 | 547c feff | 498b 87f0 | 0300 0049 | c787 f003 | 0000 0000 | 0000 4c8b 
  0x000002070e4892c0: 6dc0 4c8b | 75c8 4e8d | 74f5 00c3 | 410f b65d | 0349 83c5 | 0349 ba30 | 214b 9cfa | 7f00 0041 
  0x000002070e4892e0: ff24 da0f | 1f44 0000 
[/MachCode]

---------------  P R O C E S S  ---------------

Threads class SMR info:
_java_thread_list=0x000002075e2af460, length=11, elements={
0x0000020703d4c0c0, 0x000002075913a450, 0x000002075913bd80, 0x000002075913ef00,
0x000002075915fe20, 0x0000020759160d30, 0x0000020759164ba0, 0x00000207591659d0,
0x00000207591d6f90, 0x0000020703dbb080, 0x000002075e2c9900
}

Java Threads: ( => current thread )
=>0x0000020703d4c0c0 JavaThread "main"                              [_thread_in_vm, id=13152, stack(0x00000021d6f00000,0x00000021d7000000) (1024K)]
  0x000002075913a450 JavaThread "Reference Handler"          daemon [_thread_blocked, id=13508, stack(0x00000021d7300000,0x00000021d7400000) (1024K)]
  0x000002075913bd80 JavaThread "Finalizer"                  daemon [_thread_blocked, id=16404, stack(0x00000021d7400000,0x00000021d7500000) (1024K)]
  0x000002075913ef00 JavaThread "Signal Dispatcher"          daemon [_thread_blocked, id=18212, stack(0x00000021d7500000,0x00000021d7600000) (1024K)]
  0x000002075915fe20 JavaThread "Attach Listener"            daemon [_thread_blocked, id=12096, stack(0x00000021d7600000,0x00000021d7700000) (1024K)]
  0x0000020759160d30 JavaThread "Service Thread"             daemon [_thread_blocked, id=16804, stack(0x00000021d7700000,0x00000021d7800000) (1024K)]
  0x0000020759164ba0 JavaThread "Monitor Deflation Thread"   daemon [_thread_blocked, id=14012, stack(0x00000021d7800000,0x00000021d7900000) (1024K)]
  0x00000207591659d0 JavaThread "C2 CompilerThread0"         daemon [_thread_blocked, id=7444, stack(0x00000021d7900000,0x00000021d7a00000) (1024K)]
  0x00000207591d6f90 JavaThread "C1 CompilerThread0"         daemon [_thread_blocked, id=16676, stack(0x00000021d7a00000,0x00000021d7b00000) (1024K)]
  0x0000020703dbb080 JavaThread "Common-Cleaner"             daemon [_thread_blocked, id=17444, stack(0x00000021d7b00000,0x00000021d7c00000) (1024K)]
  0x000002075e2c9900 JavaThread "Notification Thread"        daemon [_thread_blocked, id=5252, stack(0x00000021d7c00000,0x00000021d7d00000) (1024K)]
Total: 11

Other Threads:
  0x0000020703e0e670 VMThread "VM Thread"                           [id=12928, stack(0x00000021d7200000,0x00000021d7300000) (1024K)] _threads_hazard_ptr=0x000002075e2af460
  0x00000207590dca00 WatcherThread "VM Periodic Task Thread"        [id=17240, stack(0x00000021d7100000,0x00000021d7200000) (1024K)]
  0x0000020703d6b170 WorkerThread "GC Thread#0"                     [id=15128, stack(0x00000021d7000000,0x00000021d7100000) (1024K)]
Total: 3

Threads with active compile tasks:
Total: 0

VM state: synchronizing (normal execution)

VM Mutex/Monitor currently owned by a thread:  ([mutex/lock_event])
[0x00007ffa9c49c300] Metaspace_lock - owner thread: 0x0000020703d4c0c0
[0x00007ffa9c49e380] Threads_lock - owner thread: 0x0000020703e0e670

Heap address: 0x00000000c0000000, size: 1024 MB, Compressed Oops mode: 32-bit

CDS archive(s) mapped at: [0x0000020718000000-0x0000020718ba0000-0x0000020718ba0000), size 12189696, SharedBaseAddress: 0x0000020718000000, ArchiveRelocationMode: 1.
Compressed class space mapped at: 0x0000020719000000-0x0000020759000000, reserved size: 1073741824
Narrow klass base: 0x0000020718000000, Narrow klass shift: 0, Narrow klass range: 0x100000000

GC Precious Log:
 CardTable entry size: 512
 CPUs: 4 total, 4 available
 Memory: 3930M
 Large Page Support: Disabled
 NUMA Support: Disabled
 Compressed Oops: Enabled (32-bit)
 Alignments: Space 512K, Generation 512K, Heap 2M
 Heap Min Capacity: 100M
 Heap Initial Capacity: 100M
 Heap Max Capacity: 1G
 Pre-touch: Disabled
 Parallel Workers: 4

Heap:
 PSYoungGen      total 29696K, used 11244K [0x00000000eab00000, 0x00000000ecc00000, 0x0000000100000000)
  eden space 25600K, 43% used [0x00000000eab00000,0x00000000eb5fb128,0x00000000ec400000)
  from space 4096K, 0% used [0x00000000ec800000,0x00000000ec800000,0x00000000ecc00000)
  to   space 4096K, 0% used [0x00000000ec400000,0x00000000ec400000,0x00000000ec800000)
 ParOldGen       total 68608K, used 0K [0x00000000c0000000, 0x00000000c4300000, 0x00000000eab00000)
  object space 68608K, 0% used [0x00000000c0000000,0x00000000c0000000,0x00000000c4300000)
 Metaspace       used 1599K, committed 1792K, reserved 1114112K
  class space    used 152K, committed 256K, reserved 1048576K

Card table byte_map: [0x00000207036f0000,0x0000020703900000] _byte_map_base: 0x00000207030f0000

Marking Bits: (ParMarkBitMap*) 0x00007ffa9c4a3260
 Begin Bits: [0x0000020715f40000, 0x0000020716f40000)
 End Bits:   [0x0000020716f40000, 0x0000020717f40000)

Polling page: 0x0000020701c00000

Metaspace:

Usage:
  Non-class:      1.41 MB used.
      Class:    152.26 KB used.
       Both:      1.56 MB used.

Virtual space:
  Non-class space:       64.00 MB reserved,       1.50 MB (  2%) committed,  1 nodes.
      Class space:        1.00 GB reserved,     256.00 KB ( <1%) committed,  1 nodes.
             Both:        1.06 GB reserved,       1.75 MB ( <1%) committed. 

Chunk freelists:
   Non-Class:  11.65 MB
       Class:  15.67 MB
        Both:  27.33 MB

MaxMetaspaceSize: unlimited
CompressedClassSpaceSize: 1.00 GB
Initial GC threshold: 21.00 MB
Current GC threshold: 21.00 MB
CDS: on
 - commit_granule_bytes: 65536.
 - commit_granule_words: 8192.
 - virtual_space_node_default_size: 8388608.
 - enlarge_chunks_in_place: 1.
 - use_allocation_guard: 0.


Internal statistics:

num_allocs_failed_limit: 0.
num_arena_births: 76.
num_arena_deaths: 0.
num_vsnodes_births: 2.
num_vsnodes_deaths: 0.
num_space_committed: 28.
num_space_uncommitted: 0.
num_chunks_returned_to_freelist: 0.
num_chunks_taken_from_freelist: 98.
num_chunk_merges: 0.
num_chunk_splits: 68.
num_chunks_enlarged: 44.
num_inconsistent_stats: 0.

CodeHeap 'non-profiled nmethods': size=120000Kb used=206Kb max_used=206Kb free=119793Kb
 bounds [0x000002070ea10000, 0x000002070ec80000, 0x0000020715f40000]
CodeHeap 'profiled nmethods': size=120000Kb used=885Kb max_used=885Kb free=119114Kb
 bounds [0x0000020706f40000, 0x00000207071b0000, 0x000002070e470000]
CodeHeap 'non-nmethods': size=5760Kb used=1158Kb max_used=1173Kb free=4601Kb
 bounds [0x000002070e470000, 0x000002070e6e0000, 0x000002070ea10000]
 total_blobs=1014 nmethods=605 adapters=316
 compilation: enabled
              stopped_count=0, restarted_count=0
 full_count=0

Compilation events (20 events):
Event: 1.567 Thread 0x00000207591d6f90 nmethod 594 0x0000020707018c90 code [0x0000020707018e40, 0x0000020707019028]
Event: 1.567 Thread 0x00000207591d6f90  595       1       sun.instrument.TransformerManager::getSnapshotTransformerList (5 bytes)
Event: 1.567 Thread 0x00000207591d6f90 nmethod 595 0x000002070ea42310 code [0x000002070ea424a0, 0x000002070ea42568]
Event: 1.570 Thread 0x00000207591d6f90  596       1       sun.instrument.TransformerManager$TransformerInfo::transformer (5 bytes)
Event: 1.570 Thread 0x00000207591d6f90 nmethod 596 0x000002070ea42610 code [0x000002070ea427a0, 0x000002070ea42868]
Event: 1.571 Thread 0x00000207591659d0  597       4       java.util.ArrayList$Itr::hasNext (20 bytes)
Event: 1.572 Thread 0x00000207591659d0 nmethod 597 0x000002070ea42910 code [0x000002070ea42aa0, 0x000002070ea42b58]
Event: 1.576 Thread 0x00000207591d6f90  598       3       jdk.internal.util.ReferencedKeyMap::entryKey (33 bytes)
Event: 1.577 Thread 0x00000207591659d0  600       4       java.util.Collections$UnmodifiableCollection$1::hasNext (10 bytes)
Event: 1.577 Thread 0x00000207591d6f90 nmethod 598 0x0000020707019110 code [0x0000020707019320, 0x0000020707019900]
Event: 1.577 Thread 0x00000207591d6f90  599       3       jdk.internal.util.WeakReferenceKey::<init> (15 bytes)
Event: 1.577 Thread 0x00000207591d6f90 nmethod 599 0x0000020707019b10 code [0x0000020707019ce0, 0x000002070701a100]
Event: 1.578 Thread 0x00000207591659d0 nmethod 600 0x000002070ea42f10 code [0x000002070ea430a0, 0x000002070ea43180]
Event: 1.578 Thread 0x00000207591d6f90  602       3       jdk.internal.org.objectweb.asm.Type::getArgumentsAndReturnSizes (140 bytes)
Event: 1.579 Thread 0x00000207591659d0  605       4       java.util.HashMap$HashIterator::<init> (79 bytes)
Event: 1.580 Thread 0x00000207591d6f90 nmethod 602 0x000002070701a290 code [0x000002070701a660, 0x000002070701c1c0]
Event: 1.580 Thread 0x00000207591d6f90  603       3       java.lang.Number::<init> (5 bytes)
Event: 1.580 Thread 0x00000207591d6f90 nmethod 603 0x000002070701cc90 code [0x000002070701ce40, 0x000002070701cfa8]
Event: 1.580 Thread 0x00000207591d6f90  604       3       java.lang.Byte::<init> (10 bytes)
Event: 1.580 Thread 0x00000207591d6f90 nmethod 604 0x000002070701d090 code [0x000002070701d240, 0x000002070701d408]

GC Heap History (0 events):
No events

Dll operation events (8 events):
Event: 0.112 Loaded shared library c:\Users\Lenovo\.vscode\extensions\redhat.java-1.41.1-win32-x64\jre\21.0.6-win32-x86_64\bin\java.dll
Event: 0.443 Loaded shared library c:\Users\Lenovo\.vscode\extensions\redhat.java-1.41.1-win32-x64\jre\21.0.6-win32-x86_64\bin\zip.dll
Event: 0.499 Loaded shared library C:\Users\Lenovo\.vscode\extensions\redhat.java-1.41.1-win32-x64\jre\21.0.6-win32-x86_64\bin\instrument.dll
Event: 0.507 Loaded shared library C:\Users\Lenovo\.vscode\extensions\redhat.java-1.41.1-win32-x64\jre\21.0.6-win32-x86_64\bin\net.dll
Event: 0.510 Loaded shared library C:\Users\Lenovo\.vscode\extensions\redhat.java-1.41.1-win32-x64\jre\21.0.6-win32-x86_64\bin\nio.dll
Event: 0.515 Loaded shared library C:\Users\Lenovo\.vscode\extensions\redhat.java-1.41.1-win32-x64\jre\21.0.6-win32-x86_64\bin\zip.dll
Event: 0.566 Loaded shared library C:\Users\Lenovo\.vscode\extensions\redhat.java-1.41.1-win32-x64\jre\21.0.6-win32-x86_64\bin\jimage.dll
Event: 0.723 Loaded shared library c:\Users\Lenovo\.vscode\extensions\redhat.java-1.41.1-win32-x64\jre\21.0.6-win32-x86_64\bin\verify.dll

Deoptimization events (14 events):
Event: 0.579 Thread 0x0000020703d4c0c0 DEOPT PACKING pc=0x0000020706f75449 sp=0x00000021d6ffe2e0
Event: 0.579 Thread 0x0000020703d4c0c0 DEOPT UNPACKING pc=0x000002070e4c4242 sp=0x00000021d6ffd768 mode 0
Event: 0.580 Thread 0x0000020703d4c0c0 DEOPT PACKING pc=0x0000020706f75449 sp=0x00000021d6ffe2e0
Event: 0.580 Thread 0x0000020703d4c0c0 DEOPT UNPACKING pc=0x000002070e4c4242 sp=0x00000021d6ffd768 mode 0
Event: 0.581 Thread 0x0000020703d4c0c0 DEOPT PACKING pc=0x0000020706f75449 sp=0x00000021d6ffe2e0
Event: 0.581 Thread 0x0000020703d4c0c0 DEOPT UNPACKING pc=0x000002070e4c4242 sp=0x00000021d6ffd768 mode 0
Event: 0.581 Thread 0x0000020703d4c0c0 DEOPT PACKING pc=0x0000020706f75449 sp=0x00000021d6ffe2e0
Event: 0.581 Thread 0x0000020703d4c0c0 DEOPT UNPACKING pc=0x000002070e4c4242 sp=0x00000021d6ffd768 mode 0
Event: 0.909 Thread 0x0000020703d4c0c0 DEOPT PACKING pc=0x0000020706f71fd8 sp=0x00000021d6ffd5b0
Event: 0.911 Thread 0x0000020703d4c0c0 DEOPT UNPACKING pc=0x000002070e4c4242 sp=0x00000021d6ffca70 mode 0
Event: 0.993 Thread 0x0000020703d4c0c0 Uncommon trap: trap_request=0xffffff45 fr.pc=0x000002070ea21864 relative=0x00000000000000c4
Event: 0.993 Thread 0x0000020703d4c0c0 Uncommon trap: reason=unstable_if action=reinterpret pc=0x000002070ea21864 method=java.lang.String.isLatin1()Z @ 10 c2
Event: 0.993 Thread 0x0000020703d4c0c0 DEOPT PACKING pc=0x000002070ea21864 sp=0x00000021d6ffeee0
Event: 0.993 Thread 0x0000020703d4c0c0 DEOPT UNPACKING pc=0x000002070e4c3aa2 sp=0x00000021d6ffee20 mode 2

Classes loaded (20 events):
Event: 1.572 Loading class jdk/internal/event/Event
Event: 1.575 Loading class jdk/internal/event/Event done
Event: 1.575 Loading class jdk/internal/event/SecurityProviderServiceEvent done
Event: 1.575 Loading class sun/security/provider/X509Factory
Event: 1.575 Loading class sun/security/provider/X509Factory done
Event: 1.575 Loading class sun/security/util/Cache
Event: 1.576 Loading class sun/security/util/Cache done
Event: 1.576 Loading class sun/security/util/MemoryCache
Event: 1.576 Loading class sun/security/util/MemoryCache done
Event: 1.577 Loading class sun/security/jca/GetInstance$Instance
Event: 1.577 Loading class sun/security/jca/GetInstance$Instance done
Event: 1.578 Loading class java/lang/Byte$ByteCache
Event: 1.579 Loading class java/lang/Byte$ByteCache done
Event: 1.579 Loading class java/security/cert/X509Certificate
Event: 1.579 Loading class java/security/cert/X509Extension
Event: 1.579 Loading class java/security/cert/X509Extension done
Event: 1.579 Loading class java/security/cert/X509Certificate done
Event: 1.579 Loading class sun/security/util/Cache$EqualByteArray
Event: 1.579 Loading class sun/security/util/Cache$EqualByteArray done
Event: 1.579 Loading class sun/security/x509/X509CertImpl

Classes unloaded (0 events):
No events

Classes redefined (0 events):
No events

Internal exceptions (11 events):
Event: 0.435 Thread 0x0000020703d4c0c0 Exception <a 'java/lang/NoSuchMethodError'{0x00000000ead29f58}: 'void java.lang.invoke.DirectMethodHandle$Holder.invokeStatic(java.lang.Object, java.lang.Object, java.lang.Object)'> (0x00000000ead29f58) 
thrown [s\src\hotspot\share\interpreter\linkResolver.cpp, line 773]
Event: 0.554 Thread 0x0000020703d4c0c0 Exception <a 'java/lang/NoSuchMethodError'{0x00000000eae92878}: 'java.lang.Object java.lang.invoke.Invokers$Holder.invokeExact_MT(java.lang.Object, java.lang.Object, java.lang.Object, java.lang.Object, java.lang.Object)'> (0x00000000eae92878) 
thrown [s\src\hotspot\share\interpreter\linkResolver.cpp, line 773]
Event: 0.632 Thread 0x0000020703d4c0c0 Exception <a 'java/lang/NoSuchMethodError'{0x00000000eaf4be80}: 'int java.lang.invoke.DirectMethodHandle$Holder.invokeSpecial(java.lang.Object, java.lang.Object, java.lang.Object, int)'> (0x00000000eaf4be80) 
thrown [s\src\hotspot\share\interpreter\linkResolver.cpp, line 773]
Event: 0.637 Thread 0x0000020703d4c0c0 Exception <a 'java/lang/NoSuchMethodError'{0x00000000eaf5e868}: 'java.lang.Object java.lang.invoke.DirectMethodHandle$Holder.invokeStatic(java.lang.Object, java.lang.Object, java.lang.Object, java.lang.Object, int)'> (0x00000000eaf5e868) 
thrown [s\src\hotspot\share\interpreter\linkResolver.cpp, line 773]
Event: 0.640 Thread 0x0000020703d4c0c0 Exception <a 'java/lang/NoSuchMethodError'{0x00000000eaf69d10}: 'void java.lang.invoke.DelegatingMethodHandle$Holder.reinvoke_L(java.lang.Object, java.lang.Object, java.lang.Object, int, java.lang.Object)'> (0x00000000eaf69d10) 
thrown [s\src\hotspot\share\interpreter\linkResolver.cpp, line 773]
Event: 0.644 Thread 0x0000020703d4c0c0 Exception <a 'java/lang/NoSuchMethodError'{0x00000000eaf7a660}: 'int java.lang.invoke.DirectMethodHandle$Holder.invokeSpecial(java.lang.Object, java.lang.Object, java.lang.Object)'> (0x00000000eaf7a660) 
thrown [s\src\hotspot\share\interpreter\linkResolver.cpp, line 773]
Event: 0.646 Thread 0x0000020703d4c0c0 Exception <a 'java/lang/NoSuchMethodError'{0x00000000eaf86320}: 'java.lang.Object java.lang.invoke.DirectMethodHandle$Holder.invokeStatic(java.lang.Object, java.lang.Object, int)'> (0x00000000eaf86320) 
thrown [s\src\hotspot\share\interpreter\linkResolver.cpp, line 773]
Event: 0.653 Thread 0x0000020703d4c0c0 Exception <a 'java/lang/NoSuchMethodError'{0x00000000eaf8ac70}: 'void java.lang.invoke.DirectMethodHandle$Holder.invokeStatic(java.lang.Object, java.lang.Object, int, java.lang.Object)'> (0x00000000eaf8ac70) 
thrown [s\src\hotspot\share\interpreter\linkResolver.cpp, line 773]
Event: 0.654 Thread 0x0000020703d4c0c0 Exception <a 'java/lang/NoSuchMethodError'{0x00000000eaf8e800}: 'void java.lang.invoke.DirectMethodHandle$Holder.invokeSpecial(java.lang.Object, java.lang.Object, java.lang.Object, int, java.lang.Object)'> (0x00000000eaf8e800) 
thrown [s\src\hotspot\share\interpreter\linkResolver.cpp, line 773]
Event: 0.654 Thread 0x0000020703d4c0c0 Exception <a 'java/lang/NoSuchMethodError'{0x00000000eaf91c70}: 'void java.lang.invoke.DelegatingMethodHandle$Holder.delegate(java.lang.Object, java.lang.Object, int, java.lang.Object)'> (0x00000000eaf91c70) 
thrown [s\src\hotspot\share\interpreter\linkResolver.cpp, line 773]
Event: 0.754 Thread 0x0000020703d4c0c0 Exception <a 'java/lang/NoSuchMethodError'{0x00000000eb14f010}: 'void java.lang.invoke.DelegatingMethodHandle$Holder.reinvoke_L(java.lang.Object, java.lang.Object, java.lang.Object, int)'> (0x00000000eb14f010) 
thrown [s\src\hotspot\share\interpreter\linkResolver.cpp, line 773]

ZGC Phase Switch (0 events):
No events

VM Operations (4 events):
Event: 0.440 Executing VM operation: HandshakeAllThreads (Deoptimize)
Event: 0.440 Executing VM operation: HandshakeAllThreads (Deoptimize) done
Event: 0.589 Executing VM operation: HandshakeAllThreads (Deoptimize)
Event: 0.589 Executing VM operation: HandshakeAllThreads (Deoptimize) done

Memory protections (0 events):
No events

Nmethod flushes (0 events):
No events

Events (11 events):
Event: 0.216 Thread 0x0000020703d4c0c0 Thread added: 0x0000020703d4c0c0
Event: 0.309 Thread 0x0000020703d4c0c0 Thread added: 0x000002075913a450
Event: 0.309 Thread 0x0000020703d4c0c0 Thread added: 0x000002075913bd80
Event: 0.310 Thread 0x0000020703d4c0c0 Thread added: 0x000002075913ef00
Event: 0.310 Thread 0x0000020703d4c0c0 Thread added: 0x000002075915fe20
Event: 0.310 Thread 0x0000020703d4c0c0 Thread added: 0x0000020759160d30
Event: 0.310 Thread 0x0000020703d4c0c0 Thread added: 0x0000020759164ba0
Event: 0.311 Thread 0x0000020703d4c0c0 Thread added: 0x00000207591659d0
Event: 0.331 Thread 0x0000020703d4c0c0 Thread added: 0x00000207591d6f90
Event: 0.405 Thread 0x0000020703d4c0c0 Thread added: 0x0000020703dbb080
Event: 0.985 Thread 0x0000020703d4c0c0 Thread added: 0x000002075e2c9900


Dynamic libraries:
0x00007ff60d9f0000 - 0x00007ff60d9fe000 	c:\Users\Lenovo\.vscode\extensions\redhat.java-1.41.1-win32-x64\jre\21.0.6-win32-x86_64\bin\java.exe
0x00007ffb15050000 - 0x00007ffb15267000 	C:\WINDOWS\SYSTEM32\ntdll.dll
0x00007ffb14390000 - 0x00007ffb14454000 	C:\WINDOWS\System32\KERNEL32.DLL
0x00007ffb126b0000 - 0x00007ffb12a83000 	C:\WINDOWS\System32\KERNELBASE.dll
0x00007ffb12b10000 - 0x00007ffb12c21000 	C:\WINDOWS\System32\ucrtbase.dll
0x00007ffae6690000 - 0x00007ffae66a8000 	c:\Users\Lenovo\.vscode\extensions\redhat.java-1.41.1-win32-x64\jre\21.0.6-win32-x86_64\bin\jli.dll
0x00007ffb14920000 - 0x00007ffb14ad1000 	C:\WINDOWS\System32\USER32.dll
0x00007ffb12680000 - 0x00007ffb126a6000 	C:\WINDOWS\System32\win32u.dll
0x00007ffb13f10000 - 0x00007ffb13f39000 	C:\WINDOWS\System32\GDI32.dll
0x00007ffb12420000 - 0x00007ffb1253b000 	C:\WINDOWS\System32\gdi32full.dll
0x00007ffb12c60000 - 0x00007ffb12cfa000 	C:\WINDOWS\System32\msvcp_win.dll
0x00007ffae0870000 - 0x00007ffae088e000 	c:\Users\Lenovo\.vscode\extensions\redhat.java-1.41.1-win32-x64\jre\21.0.6-win32-x86_64\bin\VCRUNTIME140.dll
0x00007ffaff3f0000 - 0x00007ffaff688000 	C:\WINDOWS\WinSxS\amd64_microsoft.windows.common-controls_6595b64144ccf1df_6.0.22621.5124_none_270e8f4f7386d69d\COMCTL32.dll
0x00007ffb14f60000 - 0x00007ffb15007000 	C:\WINDOWS\System32\msvcrt.dll
0x00007ffb14b90000 - 0x00007ffb14bc1000 	C:\WINDOWS\System32\IMM32.DLL
0x00007ffaf16c0000 - 0x00007ffaf16cc000 	c:\Users\Lenovo\.vscode\extensions\redhat.java-1.41.1-win32-x64\jre\21.0.6-win32-x86_64\bin\vcruntime140_1.dll
0x00007ffada980000 - 0x00007ffadaa0d000 	c:\Users\Lenovo\.vscode\extensions\redhat.java-1.41.1-win32-x64\jre\21.0.6-win32-x86_64\bin\msvcp140.dll
0x00007ffa9b7f0000 - 0x00007ffa9c580000 	c:\Users\Lenovo\.vscode\extensions\redhat.java-1.41.1-win32-x64\jre\21.0.6-win32-x86_64\bin\server\jvm.dll
0x00007ffb14020000 - 0x00007ffb140d1000 	C:\WINDOWS\System32\ADVAPI32.dll
0x00007ffb13dc0000 - 0x00007ffb13e68000 	C:\WINDOWS\System32\sechost.dll
0x00007ffb12c30000 - 0x00007ffb12c58000 	C:\WINDOWS\System32\bcrypt.dll
0x00007ffb14270000 - 0x00007ffb14384000 	C:\WINDOWS\System32\RPCRT4.dll
0x00007ffb14ce0000 - 0x00007ffb14d51000 	C:\WINDOWS\System32\WS2_32.dll
0x00007ffb12040000 - 0x00007ffb1208d000 	C:\WINDOWS\SYSTEM32\POWRPROF.dll
0x00007ffb0e600000 - 0x00007ffb0e634000 	C:\WINDOWS\SYSTEM32\WINMM.dll
0x00007ffb09f00000 - 0x00007ffb09f0a000 	C:\WINDOWS\SYSTEM32\VERSION.dll
0x00007ffb12020000 - 0x00007ffb12033000 	C:\WINDOWS\SYSTEM32\UMPDC.dll
0x00007ffb111a0000 - 0x00007ffb111b8000 	C:\WINDOWS\SYSTEM32\kernel.appcore.dll
0x00007ffaf0f80000 - 0x00007ffaf0f8a000 	c:\Users\Lenovo\.vscode\extensions\redhat.java-1.41.1-win32-x64\jre\21.0.6-win32-x86_64\bin\jimage.dll
0x00007ffb090c0000 - 0x00007ffb092f2000 	C:\WINDOWS\SYSTEM32\DBGHELP.DLL
0x00007ffb14460000 - 0x00007ffb147f2000 	C:\WINDOWS\System32\combase.dll
0x00007ffb140e0000 - 0x00007ffb141b7000 	C:\WINDOWS\System32\OLEAUT32.dll
0x00007ffaface0000 - 0x00007ffafad12000 	C:\WINDOWS\SYSTEM32\dbgcore.DLL
0x00007ffb12230000 - 0x00007ffb122ab000 	C:\WINDOWS\System32\bcryptPrimitives.dll
0x00007ffaef890000 - 0x00007ffaef89f000 	c:\Users\Lenovo\.vscode\extensions\redhat.java-1.41.1-win32-x64\jre\21.0.6-win32-x86_64\bin\instrument.dll
0x00007ffadffd0000 - 0x00007ffadffef000 	c:\Users\Lenovo\.vscode\extensions\redhat.java-1.41.1-win32-x64\jre\21.0.6-win32-x86_64\bin\java.dll
0x00007ffb13340000 - 0x00007ffb13bd6000 	C:\WINDOWS\System32\SHELL32.dll
0x00007ffb12540000 - 0x00007ffb1267f000 	C:\WINDOWS\System32\wintypes.dll
0x00007ffb100a0000 - 0x00007ffb109ba000 	C:\WINDOWS\SYSTEM32\windows.storage.dll
0x00007ffb14bd0000 - 0x00007ffb14cda000 	C:\WINDOWS\System32\SHCORE.dll
0x00007ffb13f50000 - 0x00007ffb13fb3000 	C:\WINDOWS\System32\shlwapi.dll
0x00007ffb120a0000 - 0x00007ffb120cb000 	C:\WINDOWS\SYSTEM32\profapi.dll
0x00007ffadfa60000 - 0x00007ffadfa78000 	c:\Users\Lenovo\.vscode\extensions\redhat.java-1.41.1-win32-x64\jre\21.0.6-win32-x86_64\bin\zip.dll
0x00007ffaee080000 - 0x00007ffaee090000 	C:\Users\Lenovo\.vscode\extensions\redhat.java-1.41.1-win32-x64\jre\21.0.6-win32-x86_64\bin\net.dll
0x00007ffb0c0f0000 - 0x00007ffb0c21c000 	C:\WINDOWS\SYSTEM32\WINHTTP.dll
0x00007ffb11620000 - 0x00007ffb1168a000 	C:\WINDOWS\system32\mswsock.dll
0x00007ffadee40000 - 0x00007ffadee56000 	C:\Users\Lenovo\.vscode\extensions\redhat.java-1.41.1-win32-x64\jre\21.0.6-win32-x86_64\bin\nio.dll
0x00007ffaedea0000 - 0x00007ffaedeb0000 	c:\Users\Lenovo\.vscode\extensions\redhat.java-1.41.1-win32-x64\jre\21.0.6-win32-x86_64\bin\verify.dll

dbghelp: loaded successfully - version: 4.0.5 - missing functions: none
symbol engine: initialized successfully - sym options: 0x614 - pdb path: .;c:\Users\Lenovo\.vscode\extensions\redhat.java-1.41.1-win32-x64\jre\21.0.6-win32-x86_64\bin;C:\WINDOWS\SYSTEM32;C:\WINDOWS\WinSxS\amd64_microsoft.windows.common-controls_6595b64144ccf1df_6.0.22621.5124_none_270e8f4f7386d69d;c:\Users\Lenovo\.vscode\extensions\redhat.java-1.41.1-win32-x64\jre\21.0.6-win32-x86_64\bin\server

VM Arguments:
jvm_args: --add-modules=ALL-SYSTEM --add-opens=java.base/java.util=ALL-UNNAMED --add-opens=java.base/java.lang=ALL-UNNAMED --add-opens=java.base/sun.nio.fs=ALL-UNNAMED -Declipse.application=org.eclipse.jdt.ls.core.id1 -Dosgi.bundles.defaultStartLevel=4 -Declipse.product=org.eclipse.jdt.ls.core.product -Djava.import.generatesMetadataFilesAtProjectRoot=false -DDetectVMInstallationsJob.disabled=true -Dfile.encoding=utf8 -XX:+UseParallelGC -XX:GCTimeRatio=4 -XX:AdaptiveSizePolicyWeight=90 -Dsun.zip.disableMemoryMapping=true -Xmx1G -Xms100m -Xlog:disable -javaagent:c:\Users\Lenovo\.vscode\extensions\redhat.java-1.41.1-win32-x64\lombok\lombok-1.18.36.jar 
java_command: c:\Users\Lenovo\.vscode\extensions\redhat.java-1.41.1-win32-x64\server\plugins\org.eclipse.equinox.launcher_1.7.0.v20250331-1702.jar -configuration c:\Users\Lenovo\AppData\Roaming\Code\User\globalStorage\redhat.java\1.41.1\config_ss_win -data c:\Users\Lenovo\AppData\Roaming\Code\User\workspaceStorage\f5a3240dc06285fb28f8b563d5898278\redhat.java\ss_ws --pipe=\\.\pipe\lsp-c6012fd7a61ab3adfff37fac97b13541-sock
java_class_path (initial): c:\Users\Lenovo\.vscode\extensions\redhat.java-1.41.1-win32-x64\server\plugins\org.eclipse.equinox.launcher_1.7.0.v20250331-1702.jar
Launcher Type: SUN_STANDARD

[Global flags]
    uintx AdaptiveSizePolicyWeight                 = 90                                        {product} {command line}
     intx CICompilerCount                          = 3                                         {product} {ergonomic}
    uintx GCTimeRatio                              = 4                                         {product} {command line}
   size_t InitialHeapSize                          = 104857600                                 {product} {command line}
   size_t MaxHeapSize                              = 1073741824                                {product} {command line}
   size_t MaxNewSize                               = 357564416                                 {product} {ergonomic}
   size_t MinHeapDeltaBytes                        = 524288                                    {product} {ergonomic}
   size_t MinHeapSize                              = 104857600                                 {product} {command line}
   size_t NewSize                                  = 34603008                                  {product} {ergonomic}
    uintx NonNMethodCodeHeapSize                   = 5832780                                {pd product} {ergonomic}
    uintx NonProfiledCodeHeapSize                  = 122912730                              {pd product} {ergonomic}
   size_t OldSize                                  = 70254592                                  {product} {ergonomic}
    uintx ProfiledCodeHeapSize                     = 122912730                              {pd product} {ergonomic}
    uintx ReservedCodeCacheSize                    = 251658240                              {pd product} {ergonomic}
     bool SegmentedCodeCache                       = true                                      {product} {ergonomic}
   size_t SoftMaxHeapSize                          = 1073741824                             {manageable} {ergonomic}
     bool UseCompressedOops                        = true                           {product lp64_product} {ergonomic}
     bool UseLargePagesIndividualAllocation        = false                                  {pd product} {ergonomic}
     bool UseParallelGC                            = true                                      {product} {command line}

Logging:
Log output configuration:
 #0: stdout all=off uptime,level,tags foldmultilines=false
 #1: stderr all=off uptime,level,tags foldmultilines=false

Environment Variables:
JAVA_HOME=C:\Users\Lenovo\jdk-17.0.12_windows-x64_bin\jdk-17.0.12
CLASSPATH=C:\mysql-connector-j-9.2.0.jar;.
PATH=C:\Program Files\Eclipse Adoptium\jdk-21.0.7.6-hotspot\bin;C:\Users\Lenovo\jdk-17.0.12_windows-x64_bin\jdk-17.0.12;C:\Program Files\MySQL\MySQL Shell 8.0\bin\;C:\Users\Lenovo\AppData\Local\Programs\Python\Python311\Scripts\;C:\Users\Lenovo\AppData\Local\Programs\Python\Python311\;C:\Users\Lenovo\AppData\Local\Microsoft\WindowsApps;C:\Users\Lenovo\AppData\Local\Programs\Microsoft VS Code\bin;C:\Users\Lenovo\AppData\Roaming\npm;C:\Program Files\nodejs;C:\Users\Lenovo\OneDrive\Desktop\java assignments;C:\Users\Lenovo\apache-maven-3.9.9\bin;C:\Users\Lenovo\jdk-17.0.12_windows-x64_bin\jdk-17.0.12\bin;;C:\Program Files\JetBrains\IntelliJ IDEA Community Edition 2025.1\bin;
USERNAME=Lenovo
OS=Windows_NT
PROCESSOR_IDENTIFIER=Intel64 Family 6 Model 142 Stepping 12, GenuineIntel
TMP=C:\Users\Lenovo\AppData\Local\Temp
TEMP=C:\Users\Lenovo\AppData\Local\Temp




Periodic native trim disabled

---------------  S Y S T E M  ---------------

OS:
 Windows 11 , 64 bit Build 22621 (10.0.22621.5124)
OS uptime: 0 days 8:57 hours

CPU: total 4 (initial active 4) (2 cores per cpu, 2 threads per core) family 6 model 142 stepping 12 microcode 0xea, cx8, cmov, fxsr, ht, mmx, 3dnowpref, sse, sse2, sse3, ssse3, sse4.1, sse4.2, popcnt, lzcnt, tsc, tscinvbit, avx, avx2, aes, erms, clmul, bmi1, bmi2, adx, fma, vzeroupper, clflush, clflushopt, rdtscp, f16c
Processor Information for the first 4 processors :
  Max Mhz: 2592, Current Mhz: 2093, Mhz Limit: 2073

Memory: 4k page, system-wide physical 3930M (16M free)
TotalPageFile size 11430M (AvailPageFile size 8M)
current process WorkingSet (physical memory assigned to process): 48M, peak: 48M
current process commit charge ("private bytes"): 178M, peak: 178M

vm_info: OpenJDK 64-Bit Server VM (21.0.6+7-LTS) for windows-amd64 JRE (21.0.6+7-LTS), built on 2025-01-21T00:00:00Z by "admin" with MS VC++ 17.7 (VS2022)

END.
